predict informations:
best epoch: 64
dataset: dataset_rand3

poly_485 x3x2x1 899.8080859899521
poly_238 x2x3x1 899.8179815530777
poly_291 x2x3x1 899.8216620206833
poly_1347 x2x3x1 899.8169053316117
poly_1243 x1x3x2 899.8153131723404
poly_1399 x1x2x3 899.8165002584458
poly_987 x3x1x2 899.8152647733689
poly_224 x1x2x3 899.8204122304917
poly_1377 x1x2x3 899.818215918541
poly_303 x1x3x2 899.8124902963639
poly_1125 x1x2x3 899.8142674684525
poly_36 x3x1x2 899.8173025369645
poly_229 x1x2x3 899.809493136406
poly_682 x2x1x3 899.756680560112
poly_260 x1x3x2 899.7585137605668
poly_1217 x3x2x1 899.7657225847245
poly_415 x2x3x1 899.8222444772721
poly_1582 x2x1x3 899.814297747612
poly_672 x1x3x2 899.8249552965165
poly_1578 x3x2x1 899.8229656934739
poly_1583 x2x1x3 899.8187397241593
poly_372 x2x1x3 899.8170283555985
poly_814 x3x1x2 899.8185551881791
poly_1431 x1x3x2 899.7661033391953
poly_1426 x3x1x2 899.8157754659653
poly_1672 x2x3x1 899.8239255666733
poly_1732 x3x1x2 899.819838833809
poly_1675 x1x2x3 899.8169713735581
poly_1531 x1x2x3 899.8204739809037
poly_966 x3x2x1 899.8177135705948
poly_188 x2x1x3 899.7606180429459
poly_1960 x1x3x2 899.7622056722641
poly_1138 x2x1x3 899.8142288446427
poly_1692 x1x2x3 899.8138674020768
poly_1267 x3x1x2 899.8200622320176
poly_1121 x1x3x2 899.822202038765
poly_584 x3x1x2 899.8186734437943
poly_1905 x2x3x1 899.8221891641617
poly_40 x2x3x1 899.8175013780594
poly_1903 x1x3x2 899.8110838651658
poly_6 x2x1x3 899.8269429087638
poly_1162 x2x1x3 899.8137497782707
poly_79 x1x2x3 899.8185357928276
poly_432 x3x1x2 899.8149332880973
poly_1627 x2x1x3 899.8271634459495
poly_1689 x2x1x3 899.7599029421806
poly_1479 x1x2x3 899.8256738066673
poly_992 x2x1x3 899.8073315501213
poly_616 x3x2x1 899.8249215960502
poly_1512 x2x3x1 899.8266370177269
poly_926 x1x3x2 899.8188669562339
poly_1107 x1x3x2 899.8158738493919
poly_1091 x1x2x3 899.8258519053459
poly_5 x2x1x3 899.8244168639183
poly_980 x1x3x2 899.8194491744041
poly_1598 x1x2x3 899.8292710661888
poly_882 x1x2x3 899.8266727805137
poly_492 x3x2x1 899.8253569483757
poly_902 x2x1x3 899.7694191813468
poly_180 x2x3x1 899.8206059813499
poly_503 x2x1x3 899.8246352553367
poly_1334 x2x3x1 899.8252036452293
poly_685 x2x3x1 899.7203514456749
poly_541 x2x1x3 899.773309457302
poly_628 x2x3x1 899.8288333296775
poly_1613 x2x1x3 899.8168389678001
poly_953 x1x2x3 899.8185319781303
poly_736 x3x2x1 899.821138370037
poly_727 x1x3x2 899.8205580592155
poly_978 x3x1x2 899.7744145274162
poly_1498 x2x3x1 899.8205788016319
poly_1644 x3x2x1 899.7759363532066
poly_1285 x1x2x3 899.8232338309288
poly_1119 x3x2x1 899.8200695395469
poly_1172 x1x2x3 899.8241276621818
poly_521 x1x3x2 899.8193228125572
poly_203 x1x2x3 899.829119670391
poly_1071 x2x1x3 899.8235249400138
poly_1880 x1x2x3 899.814909684658
poly_873 x1x2x3 899.7758231043815
poly_215 x1x3x2 899.8162712156773
poly_653 x1x2x3 899.8240896761417
poly_177 x2x1x3 899.7771410048008
poly_1312 x3x2x1 899.8211504518986
poly_1272 x3x2x1 899.823477178812
poly_1477 x1x3x2 899.7662602961063
poly_1133 x3x2x1 899.8166884481907
poly_688 x2x1x3 899.8198370039463
poly_1192 x3x1x2 899.8261603415012
poly_371 x1x2x3 899.8206848204136
poly_764 x1x2x3 899.8192357122898
poly_510 x1x2x3 899.8234519064426
poly_1140 x3x2x1 899.826783567667
poly_1348 x3x1x2 899.8233307898045
poly_113 x3x2x1 899.8293775618076
poly_1885 x1x3x2 899.8055130541325
poly_826 x1x2x3 899.7681402266026
poly_1027 x1x3x2 899.8169898092747
poly_1055 x1x3x2 899.8277525007725
poly_1926 x3x2x1 899.81165137887
poly_375 x1x2x3 899.8233472406864
poly_524 x3x1x2 899.7695831358433
poly_1090 x1x2x3 899.8298930227757
poly_797 x3x2x1 899.8278426229954
poly_1409 x1x3x2 899.7669114172459
poly_1074 x3x2x1 899.828959852457
poly_1202 x2x1x3 899.829017072916
poly_1910 x1x3x2 899.8297919332981
poly_1504 x3x2x1 899.8118368685246
poly_692 x1x2x3 899.8158530294895
poly_220 x2x1x3 899.8286720812321
poly_883 x2x1x3 899.8267692625523
poly_1415 x1x3x2 899.7746056616306
poly_1068 x1x3x2 899.8110527098179
poly_1103 x1x3x2 899.8224686682224
poly_164 x2x3x1 899.8241595327854
poly_1630 x3x2x1 899.8228227198124
poly_684 x1x3x2 899.8263668119907
poly_1846 x1x3x2 899.8203100264072
poly_1838 x1x3x2 899.8179937899113
poly_1823 x3x2x1 899.8226065397263
poly_464 x3x2x1 899.7751660108567
poly_1503 x2x3x1 899.813546872139
poly_1552 x1x3x2 899.8155109643936
poly_314 x3x2x1 899.822908616066
poly_758 x3x1x2 899.8126804590225
poly_1210 x3x2x1 899.7689907312393
poly_849 x1x3x2 899.828058218956
poly_1959 x1x2x3 899.8262617349625
poly_1729 x3x2x1 899.8232486009598
poly_1163 x1x2x3 899.8188028097153
poly_1740 x2x1x3 899.8248190641403
poly_1238 x2x1x3 899.8094660997391
poly_481 x2x1x3 899.8170647382736
poly_369 x1x2x3 899.8264989614487
poly_970 x2x3x1 899.77389523983
poly_635 x2x1x3 899.829598402977
poly_298 x2x1x3 899.818670964241
poly_1840 x3x2x1 899.8167485952378
poly_965 x3x2x1 899.813174700737
poly_752 x2x1x3 899.8178589105606
poly_976 x2x1x3 899.7744197607041
poly_1716 x2x3x1 899.8284644842148
poly_242 x1x3x2 899.8172375917435
poly_969 x1x2x3 899.8183972597122
poly_850 x3x1x2 899.8127023935318
poly_1927 x3x2x1 899.7742740869522
poly_1164 x1x2x3 899.8151883840561
poly_1929 x2x1x3 899.8233818769455
poly_1417 x1x3x2 899.8167538404465
poly_294 x1x2x3 899.8144004106522
poly_1825 x1x3x2 899.8241495847702
poly_655 x1x3x2 899.8160149812699
poly_1069 x3x1x2 899.8262262105942
poly_257 x2x1x3 899.8154797315598
poly_773 x1x2x3 899.7705244779587
poly_1574 x1x2x3 899.8274347543717
poly_1 x1x3x2 899.822257733345
poly_266 x3x1x2 899.8207666635514
poly_254 x3x1x2 899.8249039411545
poly_94 x1x3x2 899.8286120176315
poly_935 x1x2x3 899.8295559167861
poly_1475 x1x2x3 899.8175863504409
poly_1151 x2x1x3 899.8138789415359
poly_1108 x2x1x3 899.8199350118637
poly_898 x3x1x2 899.8237373113632
poly_666 x3x1x2 899.7709619283676
poly_1663 x3x1x2 899.8174061059951
poly_1038 x3x2x1 899.8222183465957
poly_1931 x2x1x3 899.8213133096694
poly_696 x1x2x3 899.8160621404647
poly_1476 x1x2x3 899.8101429224014
poly_49 x1x2x3 899.824360537529
poly_465 x1x2x3 899.7720057249069
poly_621 x1x3x2 899.8274673700332
poly_570 x2x3x1 899.8250507593154
poly_1391 x1x2x3 899.7782019853591
poly_1514 x1x2x3 899.8228563547134
poly_300 x1x3x2 899.7691888093948
poly_1524 x3x1x2 899.7701241254806
poly_240 x3x2x1 899.8283864736557
poly_13 x3x1x2 899.8230098962783
poly_912 x2x3x1 899.7231344461441
poly_1165 x3x1x2 899.8286415815353
poly_726 x2x3x1 899.828462767601
poly_1008 x1x2x3 899.824209856987
poly_1717 x3x1x2 899.8107644796371
poly_490 x1x3x2 899.8270544290542
poly_649 x3x1x2 899.8262888669967
poly_452 x2x3x1 899.7605022668838
poly_1767 x1x3x2 899.8194889307022
poly_109 x2x1x3 899.7638534784317
poly_574 x3x2x1 899.81720392704
poly_1371 x1x2x3 899.8277355909347
poly_120 x1x3x2 899.8205439329147
poly_1755 x3x2x1 899.8226172208786
poly_1993 x1x3x2 899.8203164815902
poly_1746 x2x3x1 899.8303348302841
poly_972 x3x1x2 899.8258566141128
poly_734 x2x3x1 899.8258675813674
poly_1999 x3x2x1 899.8172712266445
poly_1461 x3x1x2 899.762427085638
poly_178 x1x2x3 899.8217809140682
poly_1124 x2x3x1 899.8258931577205
poly_380 x3x2x1 899.8240840375423
poly_1277 x1x2x3 899.8199558198452
poly_1459 x3x2x1 899.8176305234432
poly_695 x2x3x1 899.7595851361751
poly_891 x1x3x2 899.7691097199917
poly_1856 x3x2x1 899.8239316880703
poly_559 x2x3x1 899.822511190176
poly_1451 x3x1x2 899.8264779984951
poly_236 x1x2x3 899.8227133691311
poly_1208 x2x3x1 899.823549503088
poly_823 x1x3x2 899.8188085496425
poly_193 x1x3x2 899.8240005910396
poly_1851 x2x1x3 899.8186681210994
poly_110 x3x1x2 899.8275444447994
poly_201 x1x2x3 899.8203351438045
poly_1273 x3x2x1 899.7736535012722
poly_1508 x2x1x3 899.8165721833706
poly_1616 x2x1x3 899.8113710820675
poly_940 x3x1x2 899.821334117651
poly_1734 x2x3x1 899.831301921606
poly_286 x2x1x3 899.7637655675411
poly_1214 x3x1x2 899.7713649213314
poly_1489 x2x1x3 899.8219141900539
poly_973 x1x2x3 899.8160126149654
poly_446 x2x1x3 899.8248465001583
poly_539 x3x1x2 899.8209247529506
poly_115 x2x1x3 899.7692394196987
poly_739 x1x3x2 899.763002628088
poly_344 x1x3x2 899.8204774796963
poly_307 x2x1x3 899.8226563870907
poly_121 x2x3x1 899.7729332387447
poly_923 x1x3x2 899.8284311234951
poly_1564 x3x1x2 899.8233799874782
poly_349 x1x2x3 899.8225386083126
poly_194 x2x3x1 899.8130071103573
poly_1584 x1x3x2 899.7214705884456
poly_846 x1x3x2 899.8235333383084
poly_1181 x1x2x3 899.8241887509823
poly_780 x3x2x1 899.8264780461789
poly_1848 x2x3x1 899.8085003316403
poly_1784 x2x1x3 899.7707376897336
poly_179 x3x1x2 899.7727244317532
poly_285 x2x3x1 899.769993108511
poly_406 x2x1x3 899.77244643569
poly_235 x2x1x3 899.7702002942563
poly_1700 x3x2x1 899.8195302903653
poly_716 x2x1x3 899.8234043538571
poly_867 x2x1x3 899.8240602433682
poly_1949 x1x2x3 899.8229105889798
poly_1779 x1x2x3 899.830125373602
poly_721 x3x1x2 899.8247099339962
poly_1168 x3x1x2 899.827423375845
poly_573 x1x3x2 899.7729089677334
poly_778 x2x1x3 899.8293300092221
poly_1742 x1x3x2 899.8211751401425
poly_1241 x3x1x2 899.8222096383572
poly_1493 x1x3x2 899.8100545823575
poly_221 x3x1x2 899.8179965436459
poly_52 x2x1x3 899.8243332326413
poly_1649 x2x1x3 899.8258099973202
poly_1186 x1x2x3 899.8251302659512
poly_327 x2x1x3 899.7701023042202
poly_1157 x3x1x2 899.7721412599087
poly_959 x3x1x2 899.8245447099209
poly_647 x2x1x3 899.828810018301
poly_1736 x1x2x3 899.8288937032223
poly_1706 x2x1x3 899.8252761781216
poly_273 x1x3x2 899.8207989156247
poly_1480 x2x3x1 899.8275697648526
poly_1850 x3x1x2 899.8243687570096
poly_1483 x2x1x3 899.8203304231167
poly_1727 x1x2x3 899.8291755139828
poly_1418 x1x3x2 899.8207266747952
poly_58 x3x1x2 899.8283203065396
poly_1517 x2x3x1 899.7656689107419
poly_1521 x2x1x3 899.7741711556912
poly_710 x1x3x2 899.8235080778599
poly_1778 x1x2x3 899.823134714365
poly_1834 x2x1x3 899.7765465319156
poly_1633 x3x2x1 899.8255549013614
poly_413 x3x1x2 899.8276975691318
poly_1830 x1x2x3 899.8186572134495
poly_1608 x3x1x2 899.8258395731449
poly_985 x2x1x3 899.7786186277866
poly_181 x3x2x1 899.8243988096714
poly_1404 x2x3x1 899.774867349863
poly_313 x1x2x3 899.825591379404
poly_1571 x3x1x2 899.8048556387424
poly_1327 x1x2x3 899.8250167906284
poly_930 x2x3x1 899.8265379011631
poly_1804 x1x2x3 899.8091395437717
poly_1813 x3x2x1 899.7644630014896
poly_1764 x3x1x2 899.7666831552982
poly_1540 x2x3x1 899.8104310572147
poly_1519 x1x2x3 899.7709832727909
poly_1083 x3x2x1 899.8291848242283
poly_205 x3x2x1 899.8236294329166
poly_553 x1x3x2 899.7608724176883
poly_1387 x3x2x1 899.8207545816898
poly_740 x1x2x3 899.828807169199
poly_365 x2x1x3 899.8237660467624
poly_317 x1x2x3 899.8290083944797
poly_1105 x2x3x1 899.8224900305271
poly_1958 x3x2x1 899.830116802454
poly_544 x1x3x2 899.8227363169193
poly_174 x2x3x1 899.8127284586429
poly_1589 x2x3x1 899.8059173166752
poly_1465 x2x1x3 899.8268037378788
poly_1436 x1x3x2 899.766025596857
poly_1491 x3x1x2 899.8245938360691
poly_1690 x2x1x3 899.8311377108097
poly_1448 x2x1x3 899.8215516149997
poly_1553 x3x1x2 899.8269336760044
poly_247 x2x1x3 899.8289673864841
poly_1871 x2x3x1 899.8238468706608
poly_38 x3x1x2 899.8294082224369
poly_597 x2x1x3 899.7659645795823
poly_1601 x3x1x2 899.7713666677475
poly_1309 x3x2x1 899.7743216276169
poly_1989 x3x1x2 899.7741304159165
poly_549 x2x3x1 899.7586549043656
poly_213 x1x2x3 899.8248050928116
poly_1203 x3x1x2 899.8281918287278
poly_579 x1x3x2 899.7654348134995
poly_1836 x3x2x1 899.7615402460099
poly_418 x1x3x2 899.8258302927018
poly_1556 x3x1x2 899.8197146177292
poly_1829 x3x2x1 899.8282886266709
poly_190 x2x3x1 899.8256405115128
poly_1925 x3x2x1 899.8258884668351
poly_1095 x3x2x1 899.8227635145188
poly_1808 x1x2x3 899.8199690103531
poly_1908 x3x2x1 899.8261638402939
poly_14 x3x2x1 899.8232751607895
poly_1918 x3x2x1 899.7709720849991
poly_751 x1x3x2 899.8254092454911
poly_284 x1x2x3 899.8214567422867
poly_582 x3x2x1 899.8276606321335
poly_1100 x2x3x1 899.8272681951523
poly_1346 x2x1x3 899.8257394552231
poly_1405 x1x2x3 899.8289678812027
poly_482 x3x1x2 899.8266256570816
poly_810 x3x1x2 899.7683258771897
poly_1001 x3x1x2 899.7690969228745
poly_145 x1x2x3 899.7767031908036
poly_1407 x1x3x2 899.8297649145127
poly_1057 x3x1x2 899.8142982244492
poly_1406 x3x2x1 899.8284176111222
poly_493 x1x2x3 899.8291416883469
poly_1528 x1x3x2 899.822042298317
poly_583 x3x2x1 899.8237660646439
poly_1396 x2x3x1 899.8228905916214
poly_1494 x1x3x2 899.7726486444474
poly_1502 x3x1x2 899.8245204210282
poly_505 x3x1x2 899.8295822858811
poly_625 x1x2x3 899.8260343790055
poly_198 x1x3x2 899.822139543295
poly_887 x2x3x1 899.7738588273526
poly_1997 x1x2x3 899.8292110383511
poly_1093 x3x1x2 899.7739332139492
poly_908 x3x1x2 899.7690051019192
poly_889 x1x3x2 899.8283489167691
poly_348 x1x2x3 899.8166823804379
poly_453 x3x2x1 899.8235707700253
poly_864 x2x1x3 899.7706430375576
poly_466 x2x3x1 899.7595887601376
poly_1854 x2x1x3 899.8155575215817
poly_383 x2x3x1 899.8256795823575
poly_1879 x1x3x2 899.7218368470669
poly_1938 x1x3x2 899.7758715569973
poly_117 x2x1x3 899.827024024725
poly_593 x2x1x3 899.8277452409268
poly_1070 x3x1x2 899.8117630898953
poly_1858 x1x2x3 899.8235769689084
poly_841 x3x2x1 899.8172166764737
poly_921 x3x1x2 899.8275595128537
poly_520 x2x3x1 899.8201711595059
poly_1654 x1x3x2 899.8278184354306
poly_1141 x1x2x3 899.8229284703732
poly_1234 x2x1x3 899.8287432610989
poly_1771 x1x2x3 899.8187942922116
poly_874 x2x1x3 899.7637472569943
poly_1017 x1x3x2 899.823401015997
poly_1565 x1x2x3 899.7751989781857
poly_683 x2x1x3 899.8220408380032
poly_1516 x3x1x2 899.8263101994992
poly_1310 x3x1x2 899.8240757405758
poly_420 x1x3x2 899.8242216527462
poly_1939 x2x1x3 899.8284471452237
poly_1968 x1x2x3 899.8277285516263
poly_26 x3x2x1 899.8145525872708
poly_955 x3x1x2 899.7249560773373
poly_750 x2x3x1 899.8180590093136
poly_1622 x2x3x1 899.8217709481717
poly_1809 x1x3x2 899.8236308515072
poly_798 x2x1x3 899.7715511739254
poly_72 x2x1x3 899.8267267644405
poly_1245 x1x2x3 899.7734011113644
poly_1896 x2x1x3 899.8166290223598
poly_1648 x3x2x1 899.8273411691189
poly_1751 x2x3x1 899.8214722573757
poly_1154 x1x3x2 899.7716093957424
poly_1623 x2x1x3 899.7719675004482
poly_607 x1x2x3 899.8280006349087
poly_1991 x2x3x1 899.8160751760006
poly_1175 x2x3x1 899.8209210336208
poly_328 x2x3x1 899.8224376142025
poly_47 x2x3x1 899.7723976075649
poly_1170 x2x1x3 899.7662199437618
poly_152 x2x1x3 899.8222912251949
poly_1411 x1x2x3 899.8305283486843
poly_879 x2x1x3 899.8121634423733
poly_163 x3x1x2 899.8200863301754
poly_183 x1x2x3 899.8232038915157
poly_1384 x3x2x1 899.8197933137417
poly_396 x3x2x1 899.8154290616512
poly_1797 x3x2x1 899.7685743272305
poly_1153 x3x2x1 899.8235736787319
poly_191 x3x1x2 899.811223834753
poly_1865 x2x1x3 899.823533385992
poly_1265 x1x3x2 899.820686429739
poly_1681 x2x3x1 899.8298164308071
poly_1579 x2x3x1 899.8245261609554
poly_1292 x2x3x1 899.8286894261837
poly_749 x3x2x1 899.8105076253414
poly_7 x2x3x1 899.8264094293118
poly_1143 x3x2x1 899.8238445222378
poly_533 x2x1x3 899.8202429711819
poly_1843 x2x3x1 899.778089851141
poly_664 x2x3x1 899.8264571130276
poly_1000 x1x3x2 899.8266662061214
poly_1179 x2x1x3 899.822812885046
poly_719 x2x1x3 899.8216803967953
poly_296 x1x2x3 899.8164947926998
poly_1344 x1x2x3 899.7720981538296
poly_398 x3x2x1 899.8212958276272
poly_331 x3x1x2 899.8237819671631
poly_1914 x1x3x2 899.8209927082062
poly_990 x1x2x3 899.8264486789703
poly_290 x2x3x1 899.7673602104187
poly_336 x3x1x2 899.824057340622
poly_421 x1x2x3 899.8192298412323
poly_1062 x2x1x3 899.7717084884644
poly_1462 x2x1x3 899.8296489715576
poly_1781 x2x1x3 899.772567987442
poly_956 x2x1x3 899.8238346576691
poly_855 x2x3x1 899.8252356052399
poly_569 x3x2x1 899.7672052383423
poly_1350 x2x3x1 899.8184430599213
poly_712 x3x2x1 899.8239006996155
poly_1013 x1x3x2 899.776064157486
poly_1990 x1x3x2 899.8256437778473
poly_1177 x2x3x1 899.7682538032532
poly_587 x2x1x3 899.824479341507
poly_107 x3x1x2 899.8221464157104
poly_1605 x3x1x2 899.818929195404
poly_1743 x3x2x1 899.8188536167145
poly_1614 x1x2x3 899.8231189250946
poly_913 x1x3x2 899.757898569107
poly_1191 x1x3x2 899.816104888916
poly_412 x1x2x3 899.7664368152618
poly_353 x3x1x2 899.8215062618256
poly_1972 x3x1x2 899.8256890773773
poly_160 x1x2x3 899.8173303604126
poly_358 x2x1x3 899.7685067653656
poly_1876 x3x1x2 899.813987493515
poly_1440 x2x1x3 899.814935207367
poly_897 x2x3x1 899.8293190002441
poly_1289 x3x2x1 899.8128278255463
poly_1122 x2x1x3 899.8278453350067
poly_422 x2x3x1 899.8205435276031
poly_931 x2x3x1 899.8096425533295
poly_1318 x2x3x1 899.817462682724
poly_542 x3x2x1 899.7794222831726
poly_1028 x2x1x3 899.8209154605865
poly_280 x3x2x1 899.8286356925964
poly_839 x2x1x3 899.8222564399242
poly_1852 x3x2x1 899.8202427566051
poly_581 x2x1x3 899.8171425998211
poly_709 x1x3x2 899.8262878596782
poly_1573 x1x2x3 899.8250275790691
poly_1726 x2x1x3 899.8216799438
poly_407 x2x3x1 899.8248788058758
poly_411 x2x1x3 899.772191876173
poly_1998 x3x1x2 899.8232830703258
poly_55 x2x3x1 899.8210016429424
poly_865 x2x1x3 899.8249267280102
poly_1756 x2x3x1 899.8258465468883
poly_222 x2x1x3 899.8248737990856
poly_982 x2x3x1 899.8243795573711
poly_1978 x2x3x1 899.8284233748913
poly_340 x2x3x1 899.8297256171703
poly_1712 x3x1x2 899.8164335429668
poly_1881 x2x1x3 899.8248149096966
poly_1053 x3x2x1 899.8214274585247
poly_1581 x3x2x1 899.8257049262523
poly_1935 x3x1x2 899.8253449141979
poly_223 x2x3x1 899.8254495799541
poly_1033 x2x1x3 899.8245936572551
poly_1216 x1x3x2 899.8205615222454
poly_449 x3x1x2 899.8127108752727
poly_761 x1x3x2 899.8234862029552
poly_1620 x2x1x3 899.823993319273
poly_598 x2x1x3 899.8276008307934
poly_46 x1x3x2 899.823182696104
poly_1286 x3x1x2 899.8228648841381
poly_241 x2x3x1 899.8223925769329
poly_1012 x2x3x1 899.8159881770611
poly_1902 x1x3x2 899.7696281611919
poly_1333 x3x2x1 899.7689567744732
poly_1149 x1x3x2 899.7694109618664
poly_1916 x1x3x2 899.8171888530254
poly_1686 x3x1x2 899.8184155166149
poly_697 x2x3x1 899.8204485118389
poly_319 x3x2x1 899.8217402637005
poly_419 x2x1x3 899.8239635169506
poly_1322 x1x2x3 899.7741603970528
poly_1595 x1x3x2 899.8262610554696
poly_1912 x2x3x1 899.8242824196816
poly_1361 x3x1x2 899.7711980462075
poly_784 x1x2x3 899.8235077977181
poly_947 x2x1x3 899.8222901940346
poly_1661 x2x3x1 899.774287712574
poly_899 x1x2x3 899.82671905756
poly_1356 x2x1x3 899.7652871727944
poly_1590 x3x1x2 899.7712755322457
poly_70 x3x2x1 899.8189525723458
poly_866 x2x1x3 899.8281202435494
poly_1789 x2x1x3 899.8237693428994
poly_1890 x2x1x3 899.8180317997933
poly_1290 x1x2x3 899.8177170872689
poly_1360 x2x1x3 899.8259470582009
poly_1591 x1x3x2 899.8293583512307
poly_1114 x2x1x3 899.7710027813912
poly_1900 x1x3x2 899.8165872216225
poly_537 x3x2x1 899.8297915577889
poly_271 x3x1x2 899.8285892128945
poly_1049 x3x1x2 899.8256158947945
poly_1131 x3x2x1 899.7228458046914
poly_474 x2x1x3 899.7684936642647
poly_904 x1x2x3 899.8115036606789
poly_1788 x3x1x2 899.7742750763894
poly_1389 x3x2x1 899.8249812245369
poly_1130 x2x1x3 899.7605989098549
poly_184 x2x1x3 899.8239691376687
poly_1397 x3x2x1 899.7785363316536
poly_119 x2x1x3 899.8214984059334
poly_903 x1x2x3 899.8215367913247
poly_1433 x2x1x3 899.8224372982979
poly_381 x1x2x3 899.8173933148385
poly_1194 x2x1x3 899.8293812394143
poly_1110 x1x2x3 899.8281002163887
poly_1875 x1x2x3 899.8229987740517
poly_1353 x1x2x3 899.8218591332436
poly_299 x3x2x1 899.8280193924904
poly_1942 x2x1x3 899.8167715191842
poly_568 x3x1x2 899.8268135368824
poly_395 x3x2x1 899.7671857655048
poly_936 x2x1x3 899.7691040813922
poly_1184 x1x2x3 899.824688988924
poly_382 x3x1x2 899.7674167931079
poly_925 x1x2x3 899.8286336243152
poly_29 x3x2x1 899.8257656872272
poly_771 x2x1x3 899.8306520760059
poly_133 x3x2x1 899.8265147984027
poly_376 x2x1x3 899.8218131840229
poly_700 x1x3x2 899.8259254276752
poly_1357 x2x1x3 899.8259702503681
poly_1231 x1x3x2 899.8292821228504
poly_875 x1x3x2 899.8127582848072
poly_318 x1x3x2 899.8219312012195
poly_416 x2x1x3 899.8249986946582
poly_397 x1x3x2 899.7749272167682
poly_1118 x1x2x3 899.8265028774738
poly_227 x3x1x2 899.8193023979663
poly_1225 x1x2x3 899.8299973785877
poly_1849 x1x2x3 899.814141112566
poly_112 x3x1x2 899.7665415585041
poly_1247 x1x3x2 899.8245285332202
poly_743 x1x2x3 899.8227034389972
poly_1631 x3x2x1 899.8797362625598
poly_1398 x1x3x2 899.8079789459705
poly_1497 x2x3x1 899.8189009010791
poly_1096 x2x3x1 899.7227128326892
poly_1228 x2x1x3 899.8268111526966
poly_640 x2x1x3 899.8155854523181
poly_275 x3x2x1 899.8148177444934
poly_1869 x2x3x1 899.8171554386615
poly_410 x3x1x2 899.8208421051502
poly_886 x3x2x1 899.823637086153
poly_1515 x2x3x1 899.8284624397754
poly_1674 x2x1x3 899.8214269459247
poly_92 x3x1x2 899.8219407379627
poly_1314 x2x3x1 899.8142982304096
poly_1924 x2x3x1 899.8186565220356
poly_211 x2x1x3 899.8231325924396
poly_1534 x2x1x3 899.8087421953678
poly_805 x2x1x3 899.8266164362431
poly_351 x3x1x2 899.7703155577183
poly_1137 x2x3x1 899.8295995295048
poly_718 x2x3x1 899.8237189352512
poly_1523 x3x2x1 899.7764710485935
poly_944 x2x1x3 899.7776290476322
poly_702 x2x1x3 899.8219801485538
poly_1044 x2x1x3 899.8204652369022
poly_1861 x3x2x1 899.8170484602451
poly_165 x3x2x1 899.8126176893711
poly_366 x3x1x2 899.8189763128757
poly_1643 x3x1x2 899.823128849268
poly_1329 x2x3x1 899.8281973898411
poly_1229 x2x1x3 899.8256014883518
poly_799 x3x2x1 899.817495495081
poly_748 x3x1x2 899.8297053873539
poly_967 x3x2x1 899.7781762182713
poly_1089 x1x3x2 899.82727637887
poly_1837 x1x2x3 899.8200367987156
poly_1278 x3x2x1 899.8210963308811
poly_143 x1x3x2 899.7619818747044
poly_477 x1x2x3 899.8257359564304
poly_1109 x2x1x3 899.816999822855
poly_705 x2x3x1 899.8247582018375
poly_1128 x1x2x3 899.8252641260624
poly_878 x2x3x1 899.8219269812107
poly_1252 x2x3x1 899.8242661058903
poly_425 x2x3x1 899.7601181566715
poly_48 x2x1x3 899.824533611536
poly_182 x1x2x3 899.8171044886112
poly_1733 x3x1x2 899.8266259729862
poly_450 x1x3x2 899.8270763456821
poly_701 x2x1x3 899.809910684824
poly_1750 x1x3x2 899.8219667971134
poly_28 x3x1x2 899.829218775034
poly_1073 x1x2x3 899.827084928751
poly_993 x2x1x3 899.8184985220432
poly_1111 x3x1x2 899.8277908861637
poly_1037 x2x3x1 899.8200267851353
poly_687 x3x2x1 899.8246764302254
poly_919 x3x1x2 899.7761341691017
poly_1615 x1x2x3 899.8235875725746
poly_964 x3x1x2 899.8170117497444
poly_1708 x1x2x3 899.8114627957344
poly_479 x1x3x2 899.8239289879799
poly_1222 x1x2x3 899.8102141976357
poly_1155 x2x1x3 899.8230103611946
poly_720 x3x1x2 899.7752017140389
poly_1833 x1x2x3 899.8226846814156
poly_293 x3x2x1 899.8307458519936
poly_659 x1x3x2 899.8175772786141
poly_185 x3x2x1 899.8229111790657
poly_1463 x2x1x3 899.8280903458596
poly_745 x2x3x1 899.8216175198555
poly_612 x1x2x3 899.8236829400063
poly_156 x1x2x3 899.7761830449105
poly_723 x2x3x1 899.8075963616371
poly_845 x1x2x3 899.774299299717
poly_1275 x3x2x1 899.7753752827645
poly_1701 x1x3x2 899.8173426747322
poly_819 x2x1x3 899.7758361458779
poly_943 x1x2x3 899.8246788144112
poly_1754 x3x1x2 899.8299178242684
poly_1872 x2x3x1 899.8311115860939
poly_1466 x3x2x1 899.8131054997444
poly_1200 x1x3x2 899.8186442017555
poly_1870 x1x2x3 899.8270544171334
poly_950 x1x3x2 899.8279039025307
poly_249 x1x3x2 899.8256858944893
poly_1383 x2x1x3 899.7741738915444
poly_1430 x2x1x3 899.8196193337441
poly_1444 x2x3x1 899.814999973774
poly_560 x3x1x2 899.8201734185219
poly_911 x2x1x3 899.8249971032143
poly_554 x3x1x2 899.8228036522866
poly_981 x2x1x3 899.7674736142159
poly_1284 x1x3x2 899.8264402508736
poly_1244 x3x1x2 899.8297137379647
poly_1010 x2x3x1 899.8229664921761
poly_309 x2x3x1 899.768696475029
poly_1080 x1x3x2 899.8278519392013
poly_1803 x1x3x2 899.8285016298294
poly_196 x2x3x1 899.8258444547653
poly_1412 x2x3x1 899.7700850248336
poly_863 x2x1x3 899.7649912118911
poly_270 x3x2x1 899.8252360105514
poly_1981 x1x3x2 899.8274595022201
poly_1420 x3x1x2 899.7769488573074
poly_1359 x3x2x1 899.8154114961624
poly_1052 x1x2x3 899.8306056737899
poly_122 x1x3x2 899.7660974740982
poly_909 x3x1x2 899.8254694223403
poly_1221 x1x3x2 899.8212613344192
poly_540 x3x1x2 899.8228813886642
poly_1535 x2x3x1 899.7677301645278
poly_1199 x1x2x3 899.8239886045455
poly_1886 x1x2x3 899.8189002752304
poly_654 x2x3x1 899.8301576852798
poly_1066 x1x3x2 899.8286830663681
poly_1020 x3x2x1 899.7705818891525
poly_1606 x2x3x1 899.7648896455764
poly_1401 x1x3x2 899.8162171125412
poly_218 x1x2x3 899.8201104879379
poly_1330 x3x2x1 899.8135439634323
poly_1372 x3x2x1 899.7737375974655
poly_800 x3x2x1 899.8308276414871
poly_824 x3x2x1 899.820022034645
poly_320 x1x2x3 899.8190702676773
poly_932 x1x2x3 899.7617964029312
poly_447 x2x1x3 899.8161999464035
poly_355 x2x3x1 899.8217827558517
poly_1694 x3x1x2 899.8276983976364
poly_724 x1x2x3 899.8159257650375
poly_857 x1x3x2 899.8212713479995
poly_747 x3x2x1 899.8266233682632
poly_1085 x3x1x2 899.8224677324295
poly_770 x1x3x2 899.8239197015762
poly_744 x2x3x1 899.7707516431808
poly_1520 x2x1x3 899.8207928419113
poly_1499 x3x1x2 899.8257443726063
poly_1362 x1x3x2 899.8277308762074
poly_1964 x2x1x3 899.8147258579731
poly_1505 x2x1x3 899.8224286854268
poly_1936 x1x3x2 899.8097188293934
poly_1249 x1x2x3 899.8239121258259
poly_1792 x2x1x3 899.8179681122303
poly_785 x3x2x1 899.8239543259144
poly_1800 x2x1x3 899.774904948473
poly_1983 x1x3x2 899.8236672699452
poly_157 x2x1x3 899.8257767975331
poly_1752 x1x3x2 899.823427182436
poly_566 x2x3x1 899.821889859438
poly_1264 x3x2x1 899.8258251965046
poly_1976 x2x1x3 899.8211858093739
poly_1205 x3x2x1 899.8104810535908
poly_269 x2x1x3 899.8201138794423
poly_859 x2x3x1 899.7709038078785
poly_1986 x3x1x2 899.7711224377156
poly_1766 x2x3x1 899.8270809471608
poly_578 x1x2x3 899.7761823952198
poly_708 x1x2x3 899.8228266060353
poly_1611 x2x3x1 899.826887112856
poly_457 x3x1x2 899.8311426460743
poly_1446 x2x1x3 899.7734863579274
poly_139 x2x3x1 899.7745876133442
poly_1319 x1x2x3 899.8273882687092
poly_1594 x3x2x1 899.8112504303456
poly_1877 x3x2x1 899.8166947185994
poly_1979 x1x2x3 899.7694055855275
poly_1207 x3x1x2 899.8295554935933
poly_888 x2x3x1 899.8231301128865
poly_1230 x3x1x2 899.8199016869069
poly_641 x1x3x2 899.7225334465504
poly_538 x1x3x2 899.826156359911
poly_1911 x2x1x3 899.8237428486348
poly_1150 x1x2x3 899.7775683224202
poly_1129 x1x2x3 899.8211467087269
poly_517 x1x3x2 899.8171074211598
poly_1651 x1x2x3 899.814015609026
poly_842 x1x3x2 899.8211708188057
poly_1254 x1x3x2 899.8249538064003
poly_1338 x1x2x3 899.8284838318825
poly_1934 x2x1x3 899.7580330491066
poly_807 x2x1x3 899.827454340458
poly_93 x2x1x3 899.8192815899849
poly_1036 x3x1x2 899.8291306614876
poly_1470 x1x2x3 899.8245749592782
poly_918 x1x3x2 899.8252003312111
poly_356 x3x2x1 899.7601387619973
poly_629 x2x3x1 899.7629866719246
poly_302 x2x3x1 899.8300941109658
poly_56 x2x1x3 899.7704811215401
poly_263 x3x1x2 899.8204178929329
poly_1967 x1x3x2 899.8247008442879
poly_793 x2x3x1 899.8186073422432
poly_1522 x2x1x3 899.8145580410958
poly_809 x1x3x2 899.8205816864968
poly_1492 x2x1x3 899.8249054074288
poly_996 x2x1x3 899.8135120987893
poly_1259 x3x2x1 899.8184540390969
poly_1802 x2x3x1 899.8200123429299
poly_98 x3x1x2 899.8277580857277
poly_588 x1x2x3 899.8168225407601
poly_281 x1x2x3 899.82423235178
poly_8 x3x1x2 899.825383913517
poly_1593 x3x2x1 899.8185448765755
poly_946 x1x3x2 899.8198461651803
poly_1588 x1x2x3 899.7599737763405
poly_828 x3x2x1 899.8192823052407
poly_1798 x1x3x2 899.8232050061226
poly_341 x3x1x2 899.8200347542763
poly_162 x2x3x1 899.8142848134041
poly_1031 x2x3x1 899.8139901280404
poly_1369 x3x1x2 899.7598874688149
poly_1148 x1x3x2 899.7714898705483
poly_1061 x3x2x1 899.7746820569039
poly_59 x1x3x2 899.828257572651
poly_835 x3x1x2 899.8255469918251
poly_523 x2x1x3 899.8170013546944
poly_1718 x2x3x1 899.8202567398548
poly_986 x3x2x1 899.772674113512
poly_1196 x3x2x1 899.8199577629566
poly_994 x2x3x1 899.8210971653461
poly_1977 x3x1x2 899.7745173275471
poly_316 x3x1x2 899.8224087059498
poly_206 x1x2x3 899.8263883888721
poly_168 x1x3x2 899.8041794598103
poly_572 x3x1x2 899.82885196805
poly_81 x1x2x3 899.8161502182484
poly_671 x2x3x1 899.8256724178791
poly_386 x2x3x1 899.8275907337666
poly_1279 x2x3x1 899.7708325684071
poly_136 x2x1x3 899.7711406052113
poly_1769 x1x2x3 899.8249030411243
poly_833 x3x2x1 899.7761001884937
poly_64 x1x3x2 899.7647865116596
poly_326 x2x3x1 899.8241973221302
poly_1737 x2x3x1 899.7778888046741
poly_527 x1x2x3 899.8290443718433
poly_1714 x2x1x3 899.8259134590626
poly_945 x1x2x3 899.8219096958637
poly_1300 x2x3x1 899.8115291893482
poly_329 x3x2x1 899.7746990025043
poly_777 x1x3x2 899.8223057091236
poly_1365 x1x3x2 899.8224759399891
poly_1533 x1x3x2 899.8232317268848
poly_1474 x2x3x1 899.824927598238
poly_148 x2x3x1 899.8130798637867
poly_836 x2x1x3 899.8310244381428
poly_1610 x1x2x3 899.8256767094135
poly_1639 x1x3x2 899.8182609379292
poly_91 x2x3x1 899.8283224403858
poly_512 x3x2x1 899.8263144791126
poly_409 x2x1x3 899.7205014526844
poly_1308 x3x2x1 899.8271968662739
poly_197 x1x3x2 899.8278580009937
poly_100 x3x2x1 899.8202448189259
poly_359 x1x3x2 899.8158562481403
poly_295 x1x3x2 899.7696891129017
poly_354 x2x1x3 899.7747201800346
poly_423 x2x1x3 899.8185064673423
poly_960 x2x3x1 899.7615389704704
poly_1819 x2x3x1 899.7743651747703
poly_1370 x1x2x3 899.7724108576774
poly_1269 x3x2x1 899.7702123999595
poly_733 x1x2x3 899.8260967612266
poly_1256 x3x1x2 899.8273303389549
poly_1667 x2x1x3 899.8259310603141
poly_662 x3x2x1 899.8220467448234
poly_1336 x3x2x1 899.8260862708091
poly_1735 x1x2x3 899.8170256495475
poly_1566 x2x3x1 899.7724432826042
poly_1283 x3x1x2 899.8189742445945
poly_138 x1x3x2 899.8272080302238
poly_1785 x3x1x2 899.8264458060264
poly_325 x3x2x1 899.7699301123619
poly_155 x1x2x3 899.8203453898429
poly_124 x3x2x1 899.8221025347709
poly_1944 x1x3x2 899.8268947482109
poly_1195 x3x2x1 899.8109018683433
poly_500 x3x2x1 899.8210952162742
poly_1745 x1x2x3 899.8265612006187
poly_995 x3x1x2 899.8264458060264
poly_1957 x2x1x3 899.8298909544944
poly_212 x3x1x2 899.8289937853813
poly_1919 x2x3x1 899.8118386149406
poly_1485 x3x1x2 899.8245942473411
poly_884 x1x3x2 899.7726232886314
poly_779 x3x1x2 899.8292178988456
poly_1006 x3x2x1 899.8252596735954
poly_1394 x1x2x3 899.8225862860679
poly_232 x3x1x2 899.776329267025
poly_1945 x3x2x1 899.8289930701255
poly_323 x3x1x2 899.8236029028892
poly_1232 x3x2x1 899.8138451457023
poly_531 x2x1x3 899.8240744948387
poly_1759 x3x1x2 899.8198594927787
poly_1368 x3x1x2 899.8229541659355
poly_1738 x2x1x3 899.822401034832
poly_202 x2x3x1 899.8192869246006
poly_1452 x3x2x1 899.8245125830174
poly_167 x3x2x1 899.8194500029088
poly_1266 x1x2x3 899.8209405958653
poly_1952 x1x3x2 899.8130341589451
poly_774 x1x3x2 899.8237908899785
poly_1079 x1x2x3 899.8221310198307
poly_756 x3x1x2 899.8283697187901
poly_231 x2x1x3 899.8255787909031
poly_502 x3x1x2 899.7593072474003
poly_1487 x1x3x2 899.8090234816075
poly_1824 x2x1x3 899.8255058348179
poly_1662 x1x2x3 899.8174336969853
poly_1731 x2x1x3 899.8141149103642
poly_1313 x2x3x1 899.7733295977116
poly_1295 x1x2x3 899.7662578642369
poly_454 x3x2x1 899.7680834352971
poly_82 x1x2x3 899.8230672895909
poly_657 x3x1x2 899.7723504126072
poly_1021 x1x2x3 899.7664857923985
poly_795 x2x1x3 899.8206227838994
poly_690 x2x3x1 899.7717922747136
poly_706 x1x3x2 899.8155997812748
poly_1666 x1x3x2 899.7764938890934
poly_1677 x3x1x2 899.826604706049
poly_1303 x3x2x1 899.7655149519444
poly_10 x3x1x2 899.8188277304173
poly_1684 x2x3x1 899.8163600981236
poly_1294 x2x3x1 899.7730120241642
poly_530 x2x1x3 899.8276585161686
poly_650 x3x2x1 899.8237949430943
poly_811 x1x2x3 899.772713047266
poly_1801 x1x2x3 899.8235076487065
poly_426 x1x2x3 899.775060993433
poly_1753 x1x3x2 899.8225723326207
poly_301 x1x3x2 899.8140469610692
poly_32 x1x3x2 899.8296874582768
poly_1449 x1x2x3 899.8089254915715
poly_577 x2x1x3 899.8201807558537
poly_1748 x3x2x1 899.8221560537816
poly_153 x3x2x1 899.8148294091225
poly_370 x3x2x1 899.8256874680519
poly_1235 x2x3x1 899.8205681443214
poly_507 x3x2x1 899.7738042473793
poly_1328 x2x3x1 899.8172364830971
poly_753 x1x3x2 899.82012540102
poly_480 x3x1x2 899.8111644387245
poly_478 x1x2x3 899.8270516991615
poly_670 x3x1x2 899.823980152607
poly_1917 x3x2x1 899.7723782658577
poly_106 x2x3x1 899.8202615380287
poly_957 x1x2x3 899.7720749974251
poly_483 x3x2x1 899.7705488801003
poly_16 x1x3x2 899.7794700264931
poly_114 x3x1x2 899.8186827301979
poly_1174 x2x3x1 899.8272784352303
poly_88 x3x1x2 899.8291350007057
poly_1628 x1x2x3 899.8228676915169
poly_146 x2x3x1 899.8196011185646
poly_1768 x1x2x3 899.8183704018593
poly_1019 x1x3x2 899.8216782212257
poly_759 x2x1x3 899.8285303711891
poly_1282 x1x2x3 899.8242149949074
poly_1135 x2x1x3 899.8123446106911
poly_509 x2x1x3 899.8297773003578
poly_596 x3x1x2 899.8285639882088
poly_699 x3x1x2 899.8200441002846
poly_984 x1x3x2 899.8216152787209
poly_1749 x1x2x3 899.8248360753059
poly_402 x1x3x2 899.8128104805946
poly_929 x2x1x3 899.8239629864693
poly_1032 x3x1x2 899.816023170948
poly_614 x1x3x2 899.8216193318367
poly_1719 x2x1x3 899.7778056263924
poly_713 x2x1x3 899.7206800580025
poly_17 x2x3x1 899.7577496170998
poly_661 x3x1x2 899.8218868374825
poly_1866 x2x3x1 899.8235664963722
poly_442 x2x1x3 899.8281827569008
poly_1940 x1x2x3 899.8295839428902
poly_443 x1x3x2 899.7634956181049
poly_1570 x2x3x1 899.8236431419849
poly_1343 x2x3x1 899.8294925034046
poly_796 x2x3x1 899.8238324463367
poly_1618 x2x1x3 899.8248874485492
poly_1253 x2x1x3 899.8240165054798
poly_367 x1x3x2 899.7685968220234
poly_1668 x2x3x1 899.7621692955494
poly_343 x3x2x1 899.8078705608845
poly_417 x2x1x3 899.8265013039112
poly_1904 x2x3x1 899.8291143715381
poly_87 x3x2x1 899.8228883087635
poly_1011 x3x2x1 899.7611491024494
poly_1842 x1x3x2 899.8190600216388
poly_20 x1x2x3 899.7665499985218
poly_1099 x2x1x3 899.8119456112385
poly_488 x1x3x2 899.8183163940906
poly_645 x1x2x3 899.8251306354999
poly_392 x1x2x3 899.8209690392017
poly_1447 x1x2x3 899.8197967350483
poly_22 x3x2x1 899.8265158474445
poly_391 x1x2x3 899.8194031059742
poly_1442 x3x1x2 899.8238150417804
poly_237 x3x2x1 899.7764243423939
poly_642 x3x1x2 899.7694045841694
poly_23 x2x3x1 899.8170811474323
poly_1597 x2x1x3 899.7559954464435
poly_1844 x2x3x1 899.8235313236713
poly_102 x2x3x1 899.7761284649372
poly_1669 x1x2x3 899.8290094673633
poly_170 x1x2x3 899.7635740578174
poly_77 x3x2x1 899.8130316078663
poly_50 x3x1x2 899.7768797218799
poly_1820 x2x1x3 899.81714194417
poly_920 x1x3x2 899.8223146736622
poly_158 x2x3x1 899.7726008236408
poly_1297 x1x3x2 899.8270856678486
poly_1251 x2x3x1 899.8189396202564
poly_456 x2x1x3 899.8029479324817
poly_755 x1x3x2 899.8205885231495
poly_99 x1x3x2 899.8221401333809
poly_21 x1x2x3 899.822791492939
poly_306 x2x3x1 899.8184835076332
poly_646 x3x1x2 899.8244051098824
poly_1859 x2x3x1 899.8213233113289
poly_1621 x3x1x2 899.8210147976876
poly_1946 x3x2x1 899.8237251400948
poly_1441 x3x2x1 899.7708803772927
poly_256 x3x1x2 899.8285028100014
poly_941 x2x3x1 899.8214754223824
poly_261 x2x3x1 899.8229488492012
poly_501 x2x1x3 899.8234721779824
poly_1047 x3x1x2 899.8207246422768
poly_334 x1x2x3 899.8287831902504
poly_83 x2x1x3 899.826503431797
poly_525 x3x2x1 899.8229991555214
poly_97 x2x3x1 899.8286205887795
poly_676 x2x3x1 899.7750488877297
poly_1930 x2x1x3 899.7706865429878
poly_924 x3x1x2 899.815937435627
poly_1965 x3x1x2 899.829274570942
poly_30 x3x2x1 899.8270434498787
poly_1454 x3x2x1 899.8259774804116
poly_894 x1x3x2 899.7749690175057
poly_821 x2x1x3 899.8284377217293
poly_547 x2x1x3 899.8298839688301
poly_118 x1x2x3 899.8301207184792
poly_1915 x1x3x2 899.825956261158
poly_473 x3x2x1 899.8187059521675
poly_1332 x2x3x1 899.8245164513588
poly_15 x2x3x1 899.8231305241585
poly_315 x2x3x1 899.8268140912056
poly_288 x1x2x3 899.8220426201821
poly_1306 x3x1x2 899.8305937409401
poly_548 x1x2x3 899.8250750660897
poly_914 x1x2x3 899.7756847500801
poly_1236 x1x2x3 899.8273252606392
poly_1530 x1x2x3 899.8220383286476
poly_462 x2x1x3 899.8161598801613
poly_1142 x1x2x3 899.7781097054482
poly_638 x2x1x3 899.8216118633748
poly_1547 x1x3x2 899.7696807205677
poly_1299 x3x1x2 899.8278813183308
poly_1388 x3x1x2 899.8260850727559
poly_1092 x1x2x3 899.8203427612782
poly_790 x3x1x2 899.8229048073292
poly_1617 x2x1x3 899.8215873062611
poly_95 x2x1x3 899.821702939272
poly_1827 x1x2x3 899.8176891624928
poly_1561 x1x3x2 899.8233036816121
poly_958 x1x3x2 899.8148429214955
poly_843 x3x2x1 899.7740628540516
poly_968 x2x3x1 899.8220803558827
poly_1963 x1x2x3 899.8180508434773
poly_172 x2x3x1 899.8289642155171
poly_1501 x2x3x1 899.7733433067799
poly_847 x2x3x1 899.8296136677266
poly_907 x1x2x3 899.820402365923
poly_1159 x1x2x3 899.8220867931843
poly_1956 x1x3x2 899.8277725994587
poly_258 x3x2x1 899.8202485859395
poly_1323 x1x3x2 899.822843772173
poly_1683 x3x1x2 899.8247446835042
poly_1883 x2x3x1 899.812990885973
poly_831 x3x2x1 899.8259990036488
poly_384 x3x1x2 899.8261704266072
poly_1699 x3x1x2 899.7752008259297
poly_1425 x3x1x2 899.7731020271779
poly_347 x3x2x1 899.8210239231587
poly_226 x1x2x3 899.8243117153645
poly_1022 x1x2x3 899.7707786381245
poly_769 x1x3x2 899.8295566856862
poly_1799 x1x2x3 899.7707898437977
poly_951 x3x2x1 899.8135356724263
poly_1081 x1x2x3 899.8247730553151
poly_105 x2x1x3 899.819145423174
poly_1586 x1x3x2 899.7747037231923
poly_1201 x2x3x1 899.8145799458027
poly_489 x3x1x2 899.7641155540944
poly_1987 x2x1x3 899.8196782886982
poly_131 x2x3x1 899.8261289000511
poly_1421 x2x1x3 899.8261114954948
poly_1704 x3x1x2 899.8236209750175
poly_1572 x1x3x2 899.82027810812
poly_808 x3x2x1 899.8281370997429
poly_952 x1x3x2 899.8205654025078
poly_1189 x2x1x3 899.8251478075981
poly_414 x2x3x1 899.8292848467827
poly_1546 x2x3x1 899.8214866518974
poly_389 x1x2x3 899.8202938437462
poly_1971 x2x1x3 899.7707108855247
poly_1892 x3x2x1 899.7627260088921
poly_1173 x2x3x1 899.8197712302208
poly_1532 x1x2x3 899.8262543082237
poly_1695 x2x1x3 899.755133330822
poly_154 x3x2x1 899.764143884182
poly_1468 x1x3x2 899.8213767409325
poly_292 x3x1x2 899.8261432051659
poly_1298 x2x1x3 899.8235554099083
poly_1791 x1x3x2 899.8246847987175
poly_1144 x1x3x2 899.8171398043633
poly_1023 x3x1x2 899.8294057250023
poly_1317 x1x3x2 899.7685937285423
poly_1645 x2x1x3 899.8241140246391
poly_732 x3x2x1 899.8139452338219
poly_228 x3x1x2 899.8217906355858
poly_977 x3x2x1 899.8247637152672
poly_233 x3x2x1 899.7762495875359
poly_1427 x2x1x3 899.8244132399559
poly_1513 x2x3x1 899.7670764327049
poly_648 x3x1x2 899.8277897238731
poly_1853 x3x2x1 899.8296381831169
poly_1218 x2x1x3 899.7589601874352
poly_1529 x1x2x3 899.8268026709557
poly_171 x3x1x2 899.7558164000511
poly_472 x3x1x2 899.8199862837791
poly_189 x3x1x2 899.7769080996513
poly_1763 x1x2x3 899.8249639868736
poly_900 x1x2x3 899.8236462473869
poly_71 x2x1x3 899.8194100260735
poly_1413 x3x1x2 899.827799975872
poly_1560 x3x1x2 899.8226191401482
poly_274 x1x2x3 899.8232533335686
poly_1510 x1x2x3 899.8210720419884
poly_608 x2x3x1 899.8191937804222
poly_916 x1x3x2 899.8268598914146
poly_1656 x2x3x1 899.8286153674126
poly_1543 x2x1x3 899.7646960616112
poly_939 x1x3x2 899.8237563967705
poly_403 x2x1x3 899.8139392733574
poly_1063 x1x2x3 899.8131348490715
poly_1577 x3x1x2 899.8282713294029
poly_1962 x3x2x1 899.8220662474632
poly_737 x1x2x3 899.8254072070122
poly_691 x1x2x3 899.82524985075
poly_1416 x2x1x3 899.8229133486748
poly_1301 x1x2x3 899.8249294161797
poly_262 x3x1x2 899.8090531229973
poly_1567 x1x3x2 899.8298501372337
poly_1673 x3x2x1 899.8252529501915
poly_1376 x1x3x2 899.7749337553978
poly_1453 x2x1x3 899.8262438178062
poly_187 x3x2x1 899.8267161250114
poly_1005 x1x2x3 899.8193120360374
poly_486 x2x3x1 899.8254932761192
poly_610 x2x3x1 899.7689518332481
poly_514 x2x3x1 899.8257405161858
poly_460 x2x3x1 899.8120095133781
poly_1364 x2x1x3 899.8223416209221
poly_1780 x1x2x3 899.830588042736
poly_1002 x1x2x3 899.7739760279655
poly_1067 x3x2x1 899.8226901888847
poly_1007 x1x3x2 899.8203343749046
poly_1739 x2x1x3 899.8286985754967
poly_1263 x2x1x3 899.8299047350883
poly_1790 x3x1x2 899.8246518969536
poly_1506 x2x3x1 899.7788612246513
poly_435 x1x2x3 899.8152925372124
poly_1650 x1x2x3 899.8192409873009
poly_84 x2x1x3 899.8155261874199
poly_516 x2x1x3 899.8191167533398
poly_1379 x3x2x1 899.8262383162976
poly_1045 x2x3x1 899.7706624686718
poly_1054 x3x2x1 899.8291343867779
poly_789 x2x1x3 899.7748881995678
poly_1558 x1x2x3 899.8285309493542
poly_546 x2x3x1 899.8258082091809
poly_1087 x1x2x3 899.8232986152173
poly_1773 x1x3x2 899.8236514747143
poly_132 x3x2x1 899.8183535754681
poly_590 x3x1x2 899.7679871737957
poly_816 x3x2x1 899.8286215484143
poly_192 x1x2x3 899.8144461333752
poly_794 x2x1x3 899.8277966201306
poly_853 x3x1x2 899.8150304973126
poly_1761 x2x1x3 899.8219050586224
poly_763 x2x3x1 899.8264989078045
poly_852 x2x1x3 899.7680560767651
poly_1457 x3x1x2 899.823795002699
poly_766 x3x1x2 899.825264376402
poly_246 x1x2x3 899.7775398910046
poly_268 x1x2x3 899.8234945952893
poly_1166 x3x1x2 899.7721153914929
poly_787 x1x3x2 899.8180798709393
poly_1563 x1x3x2 899.8294264495373
poly_1366 x1x2x3 899.8285330951214
poly_862 x2x3x1 899.8261503398419
poly_1424 x1x2x3 899.8300077140332
poly_1741 x3x1x2 899.8290371119976
poly_1102 x3x1x2 899.8290225684643
poly_75 x1x2x3 899.8257872283459
poly_1554 x3x1x2 899.8234752833844
poly_1947 x1x3x2 899.8245076358319
poly_335 x2x1x3 899.8203567683697
poly_937 x2x3x1 899.7745281875134
poly_264 x1x2x3 899.8225299537182
poly_1260 x2x1x3 899.8302902400494
poly_255 x1x2x3 899.7685889422894
poly_1702 x3x2x1 899.8205889880658
poly_856 x3x1x2 899.8165737807751
poly_1340 x2x3x1 899.7678435504437
poly_1723 x3x1x2 899.8232024371624
poly_267 x2x3x1 899.8273719012738
poly_1386 x1x2x3 899.8196759879589
poly_1937 x1x2x3 899.8252769172192
poly_1046 x3x2x1 899.7659097373486
poly_430 x2x1x3 899.8176720798016
poly_707 x3x1x2 899.8200677096844
poly_680 x1x2x3 899.8188379466534
poly_199 x1x3x2 899.8256130874157
poly_1349 x3x1x2 899.8262563407421
poly_330 x3x2x1 899.8178096473217
poly_1097 x1x3x2 899.8220244109631
poly_1794 x1x2x3 899.826454705
poly_1050 x2x3x1 899.8268299758435
poly_1868 x2x3x1 899.8288591563702
poly_604 x1x2x3 899.7656529605389
poly_1860 x1x2x3 899.8179519832134
poly_1980 x3x1x2 899.7707927882672
poly_1094 x1x3x2 899.7677219569683
poly_786 x1x2x3 899.7595542132855
poly_305 x1x3x2 899.8230269610882
poly_656 x1x2x3 899.8211930453778
poly_1832 x3x1x2 899.8155694663525
poly_1817 x3x1x2 899.824348038435
poly_1117 x2x1x3 899.7732508838177
poly_1953 x3x2x1 899.8231149375439
poly_1691 x2x3x1 899.7736912429333
poly_440 x3x1x2 899.828959530592
poly_1845 x2x3x1 899.8220506370068
poly_1697 x1x3x2 899.8144357860089
poly_1549 x1x3x2 899.825981682539
poly_1354 x2x3x1 899.8293412387371
poly_1086 x1x3x2 899.7684906184674
poly_1382 x1x3x2 899.8265314757824
poly_1747 x1x3x2 899.8263633906842
poly_782 x3x1x2 899.7729275882244
poly_1220 x2x3x1 899.8173940837383
poly_210 x3x1x2 899.8106816470623
poly_377 x1x2x3 899.8139169871807
poly_1043 x2x1x3 899.7203965008259
poly_399 x1x2x3 899.8289034187794
poly_1835 x3x1x2 899.8290667355061
poly_860 x3x1x2 899.7629265606404
poly_567 x2x3x1 899.7713875591755
poly_337 x1x3x2 899.7794375240803
poly_1777 x2x1x3 899.8167710125447
poly_1176 x1x3x2 899.8207089722157
poly_518 x2x3x1 899.8143529713154
poly_1428 x1x3x2 899.818850260973
poly_234 x3x1x2 899.8264891922474
poly_624 x3x1x2 899.823243123293
poly_1287 x3x1x2 899.8237666904927
poly_1847 x2x3x1 899.8205122768879
poly_455 x1x2x3 899.8278446018696
poly_508 x1x3x2 899.8242366135121
poly_1115 x1x2x3 899.8260698139668
poly_44 x2x3x1 899.8124906837941
poly_78 x2x3x1 899.8214204132557
poly_558 x2x1x3 899.7773768723011
poly_424 x2x3x1 899.8287989914418
poly_1345 x2x1x3 899.8163676083088
poly_9 x3x1x2 899.7692403614521
poly_1973 x1x2x3 899.8258919537068
poly_580 x3x1x2 899.8123671829701
poly_1805 x1x2x3 899.8253102123738
poly_368 x1x3x2 899.823430043459
poly_1895 x2x1x3 899.7773103535176
poly_660 x2x1x3 899.8214671432972
poly_1687 x1x2x3 899.7625078976155
poly_468 x1x3x2 899.7807411968708
poly_602 x2x3x1 899.823717814684
poly_526 x2x3x1 899.8280072033406
poly_528 x2x3x1 899.8245556175709
poly_166 x3x1x2 899.8224000751973
poly_938 x3x2x1 899.8228459179402
poly_1641 x1x2x3 899.763583880663
poly_594 x2x1x3 899.8302392780781
poly_1575 x1x2x3 899.8214318573475
poly_1375 x1x2x3 899.766250115633
poly_1262 x3x1x2 899.8270207703114
poly_1629 x1x3x2 899.7639166176319
poly_1293 x1x3x2 899.7664083302021
poly_1969 x3x1x2 899.7751756966114
poly_1951 x3x2x1 899.7607556641102
poly_620 x3x1x2 899.8257738411427
poly_1101 x3x2x1 899.8278430759907
poly_1928 x3x1x2 899.8218258678913
poly_53 x3x1x2 899.8252648174763
poly_1596 x3x2x1 899.771292334795
poly_829 x3x1x2 899.8224796116352
poly_1637 x3x2x1 899.8207644283772
poly_1796 x1x2x3 899.8269993126393
poly_1215 x1x2x3 899.827913171053
poly_89 x3x1x2 899.8160375416279
poly_715 x3x1x2 899.8251229584217
poly_159 x2x1x3 899.8180624306202
poly_618 x2x3x1 899.8288346588612
poly_1403 x1x3x2 899.8192142307759
poly_1065 x3x1x2 899.7789264976979
poly_1126 x3x1x2 899.8201581299305
poly_1450 x2x1x3 899.82165158391
poly_1670 x1x2x3 899.8221358120442
poly_1158 x2x3x1 899.823645478487
poly_1337 x3x2x1 899.8250795662403
poly_971 x3x2x1 899.8181587517262
poly_1288 x1x3x2 899.8235172092915
poly_825 x2x1x3 899.7790042221546
poly_893 x3x1x2 899.8134964764118
poly_73 x1x3x2 899.7739764511585
poly_393 x1x2x3 899.8131891548634
poly_1638 x2x1x3 899.822742587328
poly_1206 x1x3x2 899.8301385700703
poly_838 x1x3x2 899.7760783493519
poly_1335 x2x1x3 899.8222590744496
poly_644 x1x3x2 899.8269108593464
poly_104 x1x3x2 899.8222216427326
poly_37 x1x3x2 899.7756153404713
poly_491 x3x1x2 899.8275429069996
poly_1187 x2x3x1 899.7237488090992
poly_1652 x3x2x1 899.8194859504699
poly_216 x3x1x2 899.7764003753662
poly_42 x2x3x1 899.8156610012054
poly_717 x3x2x1 899.820349740982
poly_962 x1x2x3 899.8257902145385
poly_1331 x1x3x2 899.7678001403808
poly_991 x2x3x1 899.8229578018188
poly_494 x3x2x1 899.8261378288269
poly_1473 x3x1x2 899.8218577384948
poly_1642 x1x2x3 899.7653403759002
poly_768 x2x1x3 899.820455121994
poly_149 x2x1x3 899.7255232810974
poly_1955 x2x3x1 899.7708943367004
poly_1996 x1x2x3 899.8292818546295
poly_834 x1x3x2 899.8258753299713
poly_186 x2x1x3 899.8243988037109
poly_1538 x2x3x1 899.8192697048187
poly_1018 x3x1x2 899.8162706375122
poly_585 x3x1x2 899.828347492218
poly_675 x1x3x2 899.8292661190033
poly_872 x1x2x3 899.8285789966583
poly_225 x3x2x1 899.8178852081298
poly_1374 x2x3x1 899.8211269855499
poly_431 x2x1x3 899.813028383255
poly_1775 x2x3x1 899.7738473892211
poly_144 x1x3x2 899.8218827724456
poly_791 x1x3x2 899.8194773674011
poly_1304 x3x1x2 899.8252156257629
poly_1891 x1x2x3 899.8250618457794
poly_438 x3x2x1 899.7736316204071
poly_125 x2x3x1 899.8254957675933
poly_979 x2x3x1 899.8194585323333
poly_484 x2x3x1 899.7232809543609
poly_1815 x1x2x3 899.8255308151245
poly_141 x2x1x3 899.8284121036529
poly_1509 x1x2x3 899.8188045501709
poly_639 x1x3x2 899.8170097351074
poly_927 x2x3x1 899.7600827693939
poly_1077 x1x3x2 899.8208773612976
poly_783 x2x3x1 899.8279514789581
poly_1064 x2x3x1 899.8214081823826
poly_905 x3x2x1 899.8293029367924
poly_362 x3x1x2 899.8217100203037
poly_470 x2x3x1 899.8255526125431
poly_1626 x1x2x3 899.8293944895267
poly_1678 x3x1x2 899.771573215723
poly_200 x1x3x2 899.8223122656345
poly_788 x3x2x1 899.8210741579533
poly_276 x2x1x3 899.7597967684269
poly_439 x3x1x2 899.8672796785831
poly_1619 x2x1x3 899.8228823244572
poly_668 x3x1x2 899.8209685385227
poly_906 x3x1x2 899.8207632601261
poly_467 x2x3x1 899.8272458612919
poly_1810 x2x3x1 899.7721363604069
poly_1471 x3x1x2 899.8199428617954
poly_848 x3x1x2 899.8238684237003
poly_762 x2x3x1 899.822452455759
poly_1525 x3x1x2 899.8222571909428
poly_1863 x1x2x3 899.8245631754398
poly_1906 x2x3x1 899.8303398191929
poly_1156 x1x2x3 899.8262929022312
poly_1390 x2x3x1 899.8300189077854
poly_643 x1x3x2 899.7764722406864
poly_535 x2x3x1 899.8222619593143
poly_1806 x2x1x3 899.8189217150211
poly_1059 x1x3x2 899.8107699453831
poly_1380 x1x3x2 899.8283347189426
poly_103 x1x2x3 899.8254281580448
poly_1268 x1x2x3 899.8266140520573
poly_665 x3x1x2 899.8242777884007
poly_689 x1x3x2 899.7663363516331
poly_80 x1x3x2 899.8228324949741
poly_1367 x1x2x3 899.7746252119541
poly_1568 x1x3x2 899.8120729029179
poly_1435 x3x2x1 899.823499828577
poly_1443 x3x2x1 899.821202903986
poly_1024 x2x1x3 899.8165012896061
poly_609 x1x3x2 899.822370916605
poly_511 x1x3x2 899.8313230574131
poly_1209 x1x2x3 899.8098946630955
poly_451 x1x3x2 899.818653446436
poly_963 x2x3x1 899.7746003687382
poly_469 x1x3x2 899.7669259130955
poly_595 x2x1x3 899.822280985117
poly_698 x2x1x3 899.7630413591862
poly_592 x2x1x3 899.8203543245793
poly_1541 x1x2x3 899.773895841837
poly_746 x2x1x3 899.8150459349156
poly_1056 x1x3x2 899.8253284513951
poly_806 x2x3x1 899.8288878023625
poly_1311 x2x1x3 899.7712429583073
poly_1183 x2x1x3 899.8282116472722
poly_1950 x3x2x1 899.8263066828251
poly_1887 x3x1x2 899.7636874735356
poly_352 x1x2x3 899.8179200708867
poly_818 x1x3x2 899.8179644167424
poly_910 x3x1x2 899.7661975443364
poly_108 x3x1x2 899.7796329081059
poly_1084 x3x1x2 899.8239720880986
poly_892 x1x2x3 899.8169635355473
poly_1363 x1x3x2 899.8192111074925
poly_617 x3x2x1 899.8146256029606
poly_265 x1x2x3 899.826187235117
poly_1720 x1x2x3 899.825344902277
poly_1139 x3x1x2 899.8128741800786
poly_1889 x1x3x2 899.811288458109
poly_1307 x3x2x1 899.7652662813664
poly_1280 x3x2x1 899.8264409124852
poly_1014 x3x1x2 899.8219386160374
poly_1569 x3x2x1 899.7725175440312
poly_1676 x1x2x3 899.8310016214848
poly_1136 x3x2x1 899.7720919668675
poly_1197 x2x3x1 899.7660478174687
poly_135 x2x3x1 899.8229692995549
poly_388 x2x3x1 899.8299063265324
poly_674 x2x1x3 899.8255632936955
poly_858 x1x2x3 899.8288227140904
poly_556 x2x1x3 899.819536548853
poly_1482 x3x1x2 899.8199592649937
poly_1271 x1x3x2 899.8222646713257
poly_1320 x3x2x1 899.8220236301422
poly_1693 x1x2x3 899.8237767219543
poly_1423 x3x2x1 899.8214771747589
poly_1467 x1x2x3 899.8258669376373
poly_1009 x2x1x3 899.823543548584
poly_259 x2x1x3 899.827835559845
poly_250 x2x1x3 899.823367357254
poly_1261 x1x3x2 899.7680382728577
poly_606 x3x2x1 899.8230016231537
poly_633 x2x1x3 899.8315391540527
poly_1943 x3x1x2 899.8249502182007
poly_1526 x3x1x2 899.7743091583252
poly_1992 x3x2x1 899.829256772995
poly_678 x3x2x1 899.830427646637
poly_1339 x3x2x1 899.8164968490601
poly_738 x3x1x2 899.8186104297638
poly_1193 x3x2x1 899.7568671703339
poly_728 x1x2x3 899.7693066596985
poly_1188 x1x3x2 899.8285105228424
poly_142 x1x3x2 899.8164193630219
poly_1624 x3x1x2 899.8202540874481
poly_1841 x2x3x1 899.8273873329163
poly_631 x3x2x1 899.8285548686981
poly_1171 x2x1x3 899.8241958618164
poly_378 x2x1x3 899.8200767040253
poly_1250 x1x2x3 899.8192291259766
poly_1555 x3x2x1 899.8306243419647
poly_27 x2x3x1 899.7723684310913
poly_401 x2x3x1 899.8272466659546
poly_283 x1x2x3 899.8273384571075
poly_885 x2x3x1 899.8097920417786
poly_998 x1x3x2 899.7785456180573
poly_1305 x1x2x3 899.8161561489105
poly_1585 x3x2x1 899.775851726532
poly_134 x2x3x1 899.7677745819092
poly_1342 x1x2x3 899.7730283737183
poly_1486 x2x3x1 899.8252139091492
poly_630 x3x1x2 899.8236434459686
poly_1933 x3x2x1 899.766181230545
poly_434 x1x2x3 899.8178419113159
poly_529 x1x3x2 899.8189982414245
poly_476 x3x1x2 899.8297270774841
poly_379 x2x1x3 899.7626952171325
poly_1190 x3x2x1 899.7742787837982
poly_498 x1x2x3 899.7715636730194
poly_1660 x1x2x3 899.8168412685394
poly_86 x3x2x1 899.8050381183624
poly_253 x2x1x3 899.8213786125183
poly_1562 x2x3x1 899.8140260219574
poly_1381 x3x1x2 899.8207596778869
poly_2 x2x1x3 899.8265022277832
poly_1296 x2x3x1 899.7696992397308
poly_1147 x3x2x1 899.7630774021148
poly_463 x2x1x3 899.7723354339599
poly_1907 x2x1x3 899.775501871109
poly_557 x3x2x1 899.8228177070617
poly_1839 x1x3x2 899.7720827102661
poly_1814 x2x1x3 899.773655796051
poly_140 x2x3x1 899.8271659851074
poly_1132 x2x1x3 899.8255566596985
poly_1224 x2x1x3 899.8240932464599
poly_289 x2x1x3 899.8293913841247
poly_1127 x3x1x2 899.7644218444824
poly_563 x3x2x1 899.820081615448
poly_251 x2x1x3 899.8119484424591
poly_1035 x1x3x2 899.7743834495544
poly_1783 x1x3x2 899.817448759079
poly_803 x2x1x3 899.7709363937378
poly_101 x3x1x2 899.7618414402008
poly_1599 x2x3x1 899.7722884654999
poly_373 x2x1x3 899.8228012561798
poly_175 x1x2x3 899.8301998615265
poly_1539 x1x3x2 899.7674092292785
poly_1088 x1x3x2 899.7747141361236
poly_1507 x2x1x3 899.7676915168762
poly_652 x2x3x1 899.7769197463989
poly_1039 x3x1x2 899.773868227005
poly_1422 x3x1x2 899.8204018115997
poly_277 x3x1x2 899.8290025234222
poly_949 x3x1x2 899.8183611035347
poly_1787 x1x3x2 899.8084481358528
poly_1607 x1x2x3 899.8181701302528
poly_1710 x3x2x1 899.8164220452309
poly_217 x2x1x3 899.8142889142036
poly_1671 x3x1x2 899.8236902356148
poly_63 x3x1x2 899.7725678086281
poly_405 x2x1x3 899.825886785984
poly_869 x3x1x2 899.8272646069527
poly_519 x2x1x3 899.8158703446388
poly_35 x2x1x3 899.8226113915443
poly_983 x1x2x3 899.8141718506813
poly_1048 x3x2x1 899.7703569531441
poly_499 x2x3x1 899.7772369980812
poly_868 x3x1x2 899.8113024830818
poly_282 x1x2x3 899.7614129185677
poly_954 x1x2x3 899.8250091671944
poly_1730 x2x1x3 899.8167460560799
poly_272 x1x2x3 899.8270779252052
poly_564 x2x1x3 899.8253362774849
poly_311 x2x3x1 899.8285973668098
poly_1893 x1x2x3 899.8167985081673
poly_890 x1x3x2 899.8187995553017
poly_437 x1x3x2 899.8188691735268
poly_428 x1x2x3 899.8723929524422
poly_772 x1x3x2 899.8238082528114
poly_1113 x2x1x3 899.8283851742744
poly_599 x2x1x3 899.8307858109474
poly_1458 x1x3x2 899.8264349102974
poly_137 x2x3x1 899.8242672085762
poly_1400 x1x2x3 899.8194528222084
poly_1030 x2x3x1 899.8126967549324
poly_1169 x2x3x1 899.7728443741798
poly_1419 x3x1x2 899.8308120369911
poly_458 x1x3x2 899.8195176720619
poly_1758 x3x2x1 899.8253868222237
poly_915 x1x2x3 899.8262699246407
poly_436 x1x3x2 899.8185804486275
poly_1026 x3x2x1 899.8294642567635
poly_219 x3x1x2 899.8296774029732
poly_333 x2x1x3 899.8279811501503
poly_1016 x3x1x2 899.821902191639
poly_1994 x2x1x3 899.8262039780617
poly_374 x2x3x1 899.8145493626595
poly_130 x3x2x1 899.7646211743355
poly_1760 x2x1x3 899.773244535923
poly_667 x1x2x3 899.8145774960518
poly_1355 x3x1x2 899.8195108532906
poly_1664 x3x2x1 899.8235773205757
poly_209 x1x2x3 899.8261257767678
poly_901 x1x3x2 899.814703142643
poly_116 x2x3x1 899.8119913697243
poly_1434 x1x3x2 899.7651378273964
poly_704 x3x1x2 899.8286818623543
poly_1455 x1x3x2 899.821742451191
poly_820 x2x1x3 899.8281010746956
poly_151 x2x1x3 899.8226479649544
poly_1051 x3x2x1 899.8244010567665
poly_1072 x1x2x3 899.8261458039284
poly_404 x2x1x3 899.821076309681
poly_1496 x2x1x3 899.7721785664559
poly_1429 x3x1x2 899.8118075489998
poly_757 x1x2x3 899.8236207127571
poly_76 x2x3x1 899.8162588238716
poly_1161 x2x3x1 899.8256575226784
poly_357 x2x1x3 899.8275939583779
poly_1724 x2x3x1 899.8306891083718
poly_1258 x2x3x1 899.8220616936684
poly_1707 x2x1x3 899.7735199093819
poly_204 x3x2x1 899.8248185276985
poly_1786 x2x1x3 899.8300019860268
poly_895 x3x1x2 899.8226443886757
poly_364 x3x1x2 899.8240079045296
poly_1898 x1x2x3 899.824477827549
poly_933 x2x1x3 899.8236211895943
poly_61 x2x1x3 899.8154591679573
poly_1941 x2x3x1 899.8152343392372
poly_1226 x1x3x2 899.8276123166085
poly_551 x3x1x2 899.8269597649575
poly_111 x2x1x3 899.7703470349312
poly_1104 x2x1x3 899.7775992810726
poly_39 x1x2x3 899.8172039449215
poly_1722 x3x1x2 899.8207013070584
poly_550 x2x1x3 899.8211926877499
poly_1782 x2x1x3 899.8218101918698
poly_1257 x3x2x1 899.8153674066067
poly_1527 x3x1x2 899.82283706069
poly_1281 x2x3x1 899.8056113183499
poly_338 x3x2x1 899.7683462560177
poly_1003 x2x1x3 899.8185479104519
poly_278 x3x1x2 899.8172103822232
poly_1867 x1x3x2 899.8301236093045
poly_1378 x3x2x1 899.825996106863
poly_65 x2x3x1 899.7704803407192
poly_1029 x2x3x1 899.8223785817623
poly_126 x3x2x1 899.8162145078182
poly_613 x2x1x3 899.7712962090969
poly_988 x1x2x3 899.7223085820675
poly_1410 x3x1x2 899.8269154489041
poly_1646 x1x2x3 899.7745670735836
poly_1551 x2x1x3 899.823274320364
poly_703 x2x3x1 899.8200723588467
poly_360 x2x1x3 899.77796048522
poly_1321 x3x2x1 899.8240928113461
poly_555 x1x2x3 899.8257405221462
poly_1414 x2x3x1 899.8221449315548
poly_1665 x2x3x1 899.8205940186978
poly_658 x3x2x1 899.8299693524838
poly_1592 x2x3x1 899.8283326089382
poly_45 x1x2x3 899.7769307553768
poly_1408 x2x3x1 899.8249427735806
poly_832 x2x1x3 899.8262814939022
poly_722 x2x1x3 899.8300516068936
poly_243 x1x3x2 899.7709342896939
poly_1481 x1x3x2 899.819526141882
poly_1291 x3x1x2 899.8288037240505
poly_1765 x1x3x2 899.8293625772
poly_1948 x2x1x3 899.8273541390896
poly_636 x1x3x2 899.8236314713955
poly_1974 x3x2x1 899.8233079373837
poly_1762 x2x1x3 899.8277354359627
poly_760 x3x2x1 899.7721789002419
poly_589 x1x2x3 899.8271472573281
poly_1818 x3x2x1 899.8244979500771
poly_623 x2x1x3 899.8228154301644
poly_1921 x2x1x3 899.8251218914986
poly_12 x3x2x1 899.8255088448525
poly_679 x3x2x1 899.8231673359871
poly_1042 x1x2x3 899.7758803486824
poly_1004 x2x3x1 899.825498354435
poly_1246 x2x1x3 899.8164277195931
poly_1612 x2x1x3 899.8229630112648
poly_1432 x3x1x2 899.8101375222207
poly_1954 x1x2x3 899.8259718537331
poly_244 x2x3x1 899.8253626942635
poly_129 x1x3x2 899.7699012875557
poly_1518 x3x2x1 899.8201747059823
poly_1982 x3x1x2 899.7741334557534
poly_1511 x1x2x3 899.8124680638314
poly_686 x1x2x3 899.8225045323372
poly_1807 x2x3x1 899.8283236145974
poly_522 x2x3x1 899.8201756596566
poly_515 x2x3x1 899.7686214566231
poly_1478 x2x3x1 899.7622039437294
poly_1744 x3x1x2 899.7757949948311
poly_1705 x3x2x1 899.8170440316201
poly_812 x3x2x1 899.821905386448
poly_173 x3x1x2 899.8214678883553
poly_1653 x1x3x2 899.7722127556801
poly_461 x3x1x2 899.8195028424263
poly_627 x1x2x3 899.8279392838479
poly_85 x3x2x1 899.8207211613656
poly_161 x3x1x2 899.7749335885048
poly_663 x3x2x1 899.8272676587105
poly_346 x3x2x1 899.7713225007058
poly_34 x1x3x2 899.8127191185952
poly_1248 x3x2x1 899.8272767186165
poly_1060 x1x3x2 899.8233215928078
poly_922 x3x1x2 899.8217423081398
poly_1878 x3x1x2 899.816294682026
poly_1227 x1x2x3 899.8170165300369
poly_69 x3x2x1 899.8227605104446
poly_1550 x3x1x2 899.8222910642623
poly_67 x2x1x3 899.8133122205734
poly_822 x2x1x3 899.8215073823928
poly_651 x1x3x2 899.7758599996566
poly_495 x3x1x2 899.7728249311447
poly_1901 x1x2x3 899.7616423845291
poly_1873 x3x1x2 899.8109041929245
poly_600 x1x3x2 899.8244227647781
poly_1112 x3x2x1 899.8240370035171
poly_68 x1x3x2 899.8159553289413
poly_1212 x2x1x3 899.8193482637405
poly_394 x2x3x1 899.7729341268539
poly_975 x2x1x3 899.7770225286483
poly_1076 x2x3x1 899.7689842462539
poly_876 x3x1x2 899.8300060510635
poly_844 x2x3x1 899.8300623178482
poly_1351 x1x3x2 899.8313566923141
poly_214 x3x1x2 899.7709373712539
poly_1659 x3x1x2 899.8240403413772
poly_41 x3x2x1 899.7695049524307
poly_1715 x1x3x2 899.8220299959182
poly_1811 x1x2x3 899.8105863809585
poly_1034 x1x2x3 899.7665647745132
poly_1537 x3x1x2 899.8266510248184
poly_506 x2x3x1 899.7692023992538
poly_1325 x1x3x2 899.7663833379745
poly_729 x2x1x3 899.8223768949508
poly_1358 x2x1x3 899.829249548912
poly_545 x3x2x1 899.8229204893112
poly_1180 x3x1x2 899.8269535779953
poly_1106 x2x1x3 899.8267480611801
poly_1855 x1x3x2 899.8210882425308
poly_896 x2x1x3 899.8150836706161
poly_18 x3x2x1 899.8192111730575
poly_880 x2x1x3 899.8193415880203
poly_1882 x1x3x2 899.7701477289199
poly_802 x1x3x2 899.8165444612503
poly_459 x1x2x3 899.8184448957443
poly_310 x3x1x2 899.8262857496738
poly_1985 x2x3x1 899.8181573450565
poly_575 x2x3x1 899.8221785128117
poly_1075 x2x3x1 899.7758494913578
poly_765 x3x1x2 899.8297668993473
poly_400 x2x3x1 899.8194445669651
poly_496 x3x2x1 899.8262085020542
poly_1274 x1x3x2 899.7737027704716
poly_1393 x2x3x1 899.7692841589451
poly_385 x3x2x1 899.8274439871311
poly_861 x1x3x2 899.8246830999851
poly_1326 x1x2x3 899.7699119150639
poly_408 x3x2x1 899.8211273252964
poly_1913 x1x2x3 899.8286124765873
poly_1464 x2x1x3 899.8162843286991
poly_565 x3x2x1 899.7679611742496
poly_1385 x3x1x2 899.8254274427891
poly_804 x3x2x1 899.8177670538425
poly_1688 x3x2x1 899.7762154638767
poly_1657 x3x1x2 899.7708012163639
poly_1015 x3x2x1 899.819001108408
poly_1500 x1x2x3 899.7759362757206
poly_1725 x1x2x3 899.7215639650822
poly_1647 x1x2x3 899.8158189356327
poly_1152 x2x1x3 899.7796937525272
poly_1828 x2x1x3 899.8208099901676
poly_60 x1x2x3 899.8280719816685
poly_150 x2x3x1 899.8189209997654
poly_51 x3x2x1 899.8183645308018
poly_513 x1x3x2 899.7236188948154
poly_1145 x2x1x3 899.7674118578434
poly_1696 x2x3x1 899.8210689127445
poly_321 x3x1x2 899.8262020647526
poly_827 x3x1x2 899.8131722509861
poly_1395 x1x3x2 899.8272477686405
poly_543 x1x2x3 899.8280149996281
poly_1233 x3x1x2 899.8220161497593
poly_445 x1x2x3 899.8250633776188
poly_781 x2x3x1 899.8226896822453
poly_1862 x3x2x1 899.8219374716282
poly_1774 x3x1x2 899.819830006361
poly_561 x1x3x2 899.8237713038922
poly_332 x3x1x2 899.7575894057751
poly_1576 x1x2x3 899.8121629416943
poly_775 x3x2x1 899.722122257948
poly_619 x2x3x1 899.8146784961224
poly_1237 x1x3x2 899.8216341197491
poly_576 x1x2x3 899.8239527404309
poly_1772 x1x3x2 899.7590184867382
poly_1634 x1x3x2 899.7708440482617
poly_1559 x2x3x1 899.8226819694042
poly_673 x1x2x3 899.8213387191296
poly_1682 x2x1x3 899.8271601855755
poly_605 x2x3x1 899.8301947772503
poly_1240 x1x3x2 899.8193004786968
poly_169 x1x3x2 899.8164575755596
poly_741 x2x1x3 899.8212385833264
poly_1721 x2x1x3 899.828199928999
poly_0 x2x3x1 899.8287549674511
poly_475 x3x2x1 899.818928784132
poly_934 x1x2x3 899.7652648150921
poly_611 x2x1x3 899.8266239821911
poly_74 x1x3x2 899.768319195509
poly_1897 x2x1x3 899.8227773368359
poly_552 x2x1x3 899.7696412265301
poly_1545 x1x3x2 899.763623303175
poly_208 x2x3x1 899.8128367125988
poly_287 x3x1x2 899.8201068103314
poly_1988 x2x1x3 899.8260067164898
poly_1456 x2x1x3 899.8275385558605
poly_123 x2x1x3 899.7719321906567
poly_1182 x2x3x1 899.7712133586407
poly_1242 x3x1x2 899.8232746779919
poly_1703 x1x3x2 899.8213544547558
poly_1932 x3x2x1 899.7715335547924
poly_694 x3x1x2 899.8214188277722
poly_1040 x3x2x1 899.8286147773266
poly_361 x1x2x3 899.7776840388775
poly_4 x1x2x3 899.8236613929272
poly_33 x1x2x3 899.8204746901989
poly_487 x1x3x2 899.8277829885483
poly_1542 x2x3x1 899.8274363279343
poly_54 x1x3x2 899.7695852518082
poly_308 x2x3x1 899.8203772306442
poly_433 x1x2x3 899.8273991346359
poly_1445 x2x1x3 899.7749570608139
poly_342 x3x2x1 899.7673724889755
poly_622 x3x1x2 899.8210948705673
poly_239 x1x2x3 899.8262351751328
poly_1219 x2x3x1 899.7696162462234
poly_1544 x2x1x3 899.8233026266098
poly_322 x3x2x1 899.7785967588425
poly_754 x1x2x3 899.8187977075577
poly_1488 x2x1x3 899.7645322084427
poly_207 x2x3x1 899.8196002244949
poly_1793 x3x2x1 899.8200987577438
poly_1970 x2x1x3 899.8245621919632
poly_1392 x2x3x1 899.8243461847305
poly_1239 x3x1x2 899.8237928152084
poly_3 x2x1x3 899.8201190233231
poly_815 x3x2x1 899.8267642259598
poly_731 x1x3x2 899.8221048116684
poly_1160 x3x1x2 899.7728534936905
poly_1884 x2x3x1 899.8243280649185
poly_928 x1x2x3 899.8263469934464
poly_1123 x1x2x3 899.766691327095
poly_1984 x3x1x2 899.8211976289749
poly_350 x1x2x3 899.7734538316727
poly_441 x1x3x2 899.8043969869614
poly_1831 x1x3x2 899.8265637159348
poly_562 x1x3x2 899.8296099901199
poly_1041 x3x1x2 899.826523900032
poly_586 x3x2x1 899.8195842504501
poly_1536 x3x2x1 899.8121198415756
poly_1821 x2x1x3 899.8239132165909
poly_1373 x1x2x3 899.819745182991
poly_24 x1x3x2 899.82455265522
poly_1874 x2x3x1 899.8285163640976
poly_532 x3x1x2 899.8158332109451
poly_830 x1x3x2 899.829970240593
poly_1636 x3x2x1 899.8300738990307
poly_632 x3x2x1 899.8197737395764
poly_25 x3x2x1 899.8168261706829
poly_147 x2x1x3 899.8246179282665
poly_1316 x2x1x3 899.8290515601635
poly_1185 x1x3x2 899.7695241630078
poly_1116 x1x3x2 899.82396966815
poly_339 x2x1x3 899.8208029925823
poly_735 x1x2x3 899.8292966544628
poly_1270 x3x2x1 899.7774677932263
poly_534 x1x2x3 899.7718499362469
poly_1146 x2x1x3 899.8237860858441
poly_1078 x2x1x3 899.8234198749066
poly_230 x1x2x3 899.8222039401531
poly_1580 x2x1x3 899.8249993979931
poly_1899 x1x2x3 899.7660170257092
poly_1922 x2x1x3 899.8278697192669
poly_1961 x1x3x2 899.8270362079144
poly_1966 x1x2x3 899.812941378355
poly_1211 x2x1x3 899.7622669398785
poly_730 x2x3x1 899.8046312987805
poly_1609 x3x2x1 899.7651644408703
poly_43 x3x2x1 899.8191705405712
poly_252 x3x1x2 899.8258729636669
poly_997 x2x1x3 899.7796533763409
poly_62 x3x2x1 899.8236962020397
poly_999 x2x1x3 899.8174687087536
poly_1437 x3x1x2 899.8238628566265
poly_1213 x3x2x1 899.8238800227642
poly_1460 x2x1x3 899.8263054549694
poly_637 x1x3x2 899.8292298972607
poly_601 x2x3x1 899.8142424285412
poly_1812 x2x3x1 899.8312698066235
poly_66 x3x1x2 899.7743526160717
poly_1604 x1x3x2 899.8276253402233
poly_536 x3x1x2 899.8178001105786
poly_817 x2x1x3 899.821231430769
poly_363 x3x1x2 899.8203223407269
poly_767 x2x3x1 899.8215852439404
poly_427 x2x3x1 899.815069025755
poly_877 x1x2x3 899.759526865823
poly_1120 x2x3x1 899.8190704754421
poly_626 x2x3x1 899.8225494793484
poly_603 x3x1x2 899.824784891946
poly_881 x3x1x2 899.7624308041164
poly_837 x2x3x1 899.8225881031582
poly_345 x3x1x2 899.8169373444149
