predict informations:
best epoch: 100
dataset: dataset_rand3

poly_485.poly x3 899.8071910262108 x1,x2
poly_238.poly x2 899.8170694231987 x1,x3
poly_291.poly x2 899.8203610301018 x1,x3
poly_1347.poly x2 899.8161932349205 x1,x3
poly_1243.poly x1 899.814383161068 x2,x3
poly_1399.poly x1 899.8149687170983 x2,x3
poly_987.poly x3 899.8145903468132 x1,x2
poly_224.poly x1 899.8200940012932 x2,x3
poly_1377.poly x1 899.8172980666161 x2,x3
poly_303.poly x1 899.8119932532311 x2,x3
poly_1125.poly x1 899.8136576533318 x2,x3
poly_36.poly x3 899.8166266798974 x1,x2
poly_229.poly x1 899.808975827694 x2,x3
poly_682.poly x2 899.7566853880883 x1,x3
poly_260.poly x1 899.7583688616753 x2,x3
poly_1217.poly x3 899.7647873282433 x1,x2
poly_415.poly x2 899.8207904219628 x1,x3
poly_1582.poly x2 899.8126562952996 x1,x3
poly_672.poly x1 899.8234454512597 x2,x3
poly_1578.poly x3 899.822507750988 x1,x2
poly_1583.poly x2 899.8175555586815 x1,x3
poly_372.poly x2 899.8164216399193 x1,x3
poly_814.poly x3 899.8181394457818 x1,x2
poly_1431.poly x1 899.763675582409 x2,x3
poly_1426.poly x3 899.8141263842583 x1,x2
poly_1672.poly x2 899.8225771307946 x1,x3
poly_1732.poly x3 899.8179513335228 x1,x2
poly_1675.poly x1 899.8172959208489 x2,x3
poly_1531.poly x1 899.8206607222558 x2,x3
poly_966.poly x3 899.8172682642937 x1,x2
poly_188.poly x2 899.7589727759362 x1,x3
poly_1960.poly x1 899.7627264380455 x2,x3
poly_1138.poly x2 899.8124729514122 x1,x3
poly_1692.poly x1 899.813502919674 x2,x3
poly_1267.poly x3 899.8192430853844 x1,x2
poly_1121.poly x1 899.8207556128502 x2,x3
poly_584.poly x3 899.817780148983 x1,x2
poly_1905.poly x2 899.8207529902459 x1,x3
poly_40.poly x2 899.8175386309624 x1,x3
poly_1903.poly x1 899.8111122965813 x2,x3
poly_6.poly x2 899.8276206493377 x1,x3
poly_1162.poly x2 899.8152476787567 x1,x3
poly_79.poly x1 899.8196817874908 x2,x3
poly_432.poly x3 899.817014837265 x1,x2
poly_1627.poly x2 899.8286308288574 x1,x3
poly_1689.poly x2 899.7614571094513 x1,x3
poly_1479.poly x1 899.826369190216 x2,x3
poly_992.poly x2 899.8088585376739 x1,x3
poly_616.poly x3 899.8268128871917 x1,x2
poly_1512.poly x2 899.8279916286468 x1,x3
poly_926.poly x1 899.819976234436 x2,x3
poly_1107.poly x1 899.817325258255 x2,x3
poly_1091.poly x1 899.8276793003082 x2,x3
poly_5.poly x2 899.8256789684295 x1,x3
poly_980.poly x1 899.8213054180145 x2,x3
poly_1598.poly x1 899.8304354190826 x2,x3
poly_882.poly x1 899.8271469116211 x2,x3
poly_492.poly x3 899.8267966747284 x1,x2
poly_902.poly x2 899.7707399368286 x1,x3
poly_180.poly x2 899.8220497608185 x1,x3
poly_503.poly x2 899.8252250194549 x1,x3
poly_1334.poly x2 899.8273562431335 x1,x3
poly_685.poly x2 899.7222708702087 x1,x3
poly_541.poly x2 899.7744359016418 x1,x3
poly_628.poly x2 899.8299201965332 x1,x3
poly_1613.poly x2 899.8179384708404 x1,x3
poly_953.poly x1 899.8190857410431 x2,x3
poly_736.poly x3 899.823053741455 x1,x2
poly_727.poly x1 899.8217536449432 x2,x3
poly_978.poly x3 899.7755283355713 x1,x2
poly_1498.poly x2 899.8220612049103 x1,x3
poly_1644.poly x3 899.7771731853485 x1,x2
poly_1285.poly x1 899.8238193035126 x2,x3
poly_1119.poly x3 899.8214022159576 x1,x2
poly_1172.poly x1 899.8255075454712 x2,x3
poly_521.poly x1 899.8206147193908 x2,x3
poly_203.poly x1 899.8304118156433 x2,x3
poly_1071.poly x2 899.823992395401 x1,x3
poly_1880.poly x1 899.8170105457306 x2,x3
poly_873.poly x1 899.7773481845855 x2,x3
poly_215.poly x1 899.8178909361362 x2,x3
poly_653.poly x1 899.8257406294346 x2,x3
poly_177.poly x2 899.7774630129337 x1,x3
poly_1312.poly x3 899.8224487841129 x1,x2
poly_1272.poly x3 899.8248920977115 x1,x2
poly_1477.poly x1 899.7669492304325 x2,x3
poly_1133.poly x3 899.818117672205 x1,x2
poly_688.poly x2 899.8213153421879 x1,x3
poly_1192.poly x3 899.8275957643986 x1,x2
poly_371.poly x1 899.8219724237919 x2,x3
poly_764.poly x1 899.8204706251621 x2,x3
poly_510.poly x1 899.8247912466526 x2,x3
poly_1140.poly x3 899.8286419451236 x1,x2
poly_1348.poly x3 899.8245614111423 x1,x2
poly_113.poly x3 899.8313670694828 x1,x2
poly_1885.poly x1 899.8066888391971 x2,x3
poly_826.poly x1 899.7685757219791 x2,x3
poly_1027.poly x1 899.8183167517185 x2,x3
poly_1055.poly x1 899.8289309084415 x2,x3
poly_1926.poly x3 899.8130140841007 x1,x2
poly_375.poly x1 899.8237534105778 x2,x3
poly_524.poly x3 899.7717495501041 x1,x2
poly_1090.poly x1 899.8318493902683 x2,x3
poly_797.poly x3 899.8289835989475 x1,x2
poly_1409.poly x1 899.7680419027805 x2,x3
poly_1074.poly x3 899.8300674498081 x1,x2
poly_1202.poly x2 899.8294661581516 x1,x3
poly_1910.poly x1 899.8319335520267 x2,x3
poly_1504.poly x3 899.8129263460636 x1,x2
poly_692.poly x1 899.8168962538242 x2,x3
poly_220.poly x2 899.8301888048649 x1,x3
poly_883.poly x2 899.8278158247471 x1,x3
poly_1415.poly x1 899.7749717772007 x2,x3
poly_1068.poly x2 899.8121753275394 x1,x3
poly_1103.poly x1 899.8234708845615 x2,x3
poly_164.poly x2 899.8245275557041 x1,x3
poly_1630.poly x3 899.8230524599552 x1,x2
poly_684.poly x1 899.8268614351749 x2,x3
poly_1846.poly x1 899.8221951067447 x2,x3
poly_1838.poly x1 899.8200026094913 x2,x3
poly_1823.poly x3 899.8239900052547 x1,x2
poly_464.poly x3 899.7764929711818 x1,x2
poly_1503.poly x2 899.8149682462215 x1,x3
poly_1552.poly x1 899.816778320074 x2,x3
poly_314.poly x3 899.8242989957332 x1,x2
poly_758.poly x3 899.8141185224056 x1,x2
poly_1210.poly x3 899.7703994691371 x1,x2
poly_849.poly x1 899.8295296609401 x2,x3
poly_1959.poly x1 899.8276266038417 x2,x3
poly_1729.poly x3 899.824610131979 x1,x2
poly_1163.poly x1 899.8208183228969 x2,x3
poly_1740.poly x2 899.8261949002742 x1,x3
poly_1238.poly x2 899.8113683640956 x1,x3
poly_481.poly x2 899.8183251798152 x1,x3
poly_369.poly x1 899.8286060273647 x2,x3
poly_970.poly x3 899.7751273095607 x1,x2
poly_635.poly x3 899.829991954565 x1,x2
poly_298.poly x2 899.8199230611324 x1,x3
poly_1840.poly x3 899.817679542303 x1,x2
poly_965.poly x3 899.8143357217311 x1,x2
poly_752.poly x2 899.8184017121791 x1,x3
poly_976.poly x2 899.7764901101589 x1,x3
poly_1716.poly x2 899.8305252969265 x1,x3
poly_242.poly x1 899.8183783471584 x2,x3
poly_969.poly x2 899.8195241868495 x1,x3
poly_850.poly x3 899.8137933194637 x1,x2
poly_1927.poly x3 899.7746995866298 x1,x2
poly_1164.poly x1 899.8169814527034 x2,x3
poly_1929.poly x2 899.8246547162532 x1,x3
poly_1417.poly x1 899.8178597867488 x2,x3
poly_294.poly x1 899.8157884061336 x2,x3
poly_1825.poly x1 899.8253108441829 x2,x3
poly_655.poly x1 899.8165706574916 x2,x3
poly_1069.poly x3 899.8272344052791 x1,x2
poly_257.poly x2 899.8157915055751 x1,x3
poly_773.poly x1 899.7717899262905 x2,x3
poly_1574.poly x1 899.8286346375942 x2,x3
poly_1.poly x1 899.823308366537 x2,x3
poly_266.poly x3 899.8230503976345 x1,x2
poly_254.poly x3 899.8261395871639 x1,x2
poly_94.poly x1 899.8300571739674 x2,x3
poly_935.poly x1 899.8308620750904 x2,x3
poly_1475.poly x1 899.8190715610981 x2,x3
poly_1151.poly x2 899.8150317966938 x1,x3
poly_1108.poly x2 899.8213527500629 x1,x3
poly_898.poly x3 899.8252175152302 x1,x2
poly_666.poly x3 899.7722647488117 x1,x2
poly_1663.poly x3 899.8189103901386 x1,x2
poly_1038.poly x3 899.8236174881458 x1,x2
poly_1931.poly x2 899.8227150738239 x1,x3
poly_696.poly x1 899.8174541294575 x2,x3
poly_1476.poly x1 899.8115506470203 x2,x3
poly_49.poly x1 899.8263225853443 x2,x3
poly_465.poly x1 899.7734103500843 x2,x3
poly_621.poly x1 899.8296304047108 x2,x3
poly_570.poly x2 899.8262486755848 x1,x3
poly_1391.poly x1 899.7786567509174 x2,x3
poly_1514.poly x1 899.824263125658 x2,x3
poly_300.poly x1 899.7693894207478 x2,x3
poly_1524.poly x3 899.7713775932789 x1,x2
poly_240.poly x3 899.829881221056 x1,x2
poly_13.poly x3 899.8239929974079 x1,x2
poly_912.poly x2 899.7250755131245 x1,x3
poly_1165.poly x3 899.8297901451588 x1,x2
poly_726.poly x2 899.8295774757862 x1,x3
poly_1008.poly x1 899.825384169817 x2,x3
poly_1717.poly x3 899.8112435638905 x1,x2
poly_490.poly x1 899.8282296955585 x2,x3
poly_649.poly x3 899.8276653587818 x1,x2
poly_452.poly x2 899.7617528736591 x1,x3
poly_1767.poly x1 899.8207412064075 x2,x3
poly_109.poly x2 899.7650380432606 x1,x3
poly_574.poly x3 899.8177907764912 x1,x2
poly_1371.poly x1 899.8281388580799 x2,x3
poly_120.poly x1 899.820653706789 x2,x3
poly_1755.poly x3 899.8239403069019 x1,x2
poly_1993.poly x1 899.8216262161732 x2,x3
poly_1746.poly x2 899.8305113613605 x1,x3
poly_972.poly x3 899.8282110989094 x1,x2
poly_734.poly x2 899.8278942406178 x1,x3
poly_1999.poly x3 899.8181931018829 x1,x2
poly_1461.poly x3 899.7637382984161 x1,x2
poly_178.poly x1 899.8232447147369 x2,x3
poly_1124.poly x2 899.8266130924225 x1,x3
poly_380.poly x3 899.8255015850067 x1,x2
poly_1277.poly x1 899.8214396476745 x2,x3
poly_1459.poly x3 899.8190587997436 x1,x2
poly_695.poly x2 899.7610634803772 x1,x3
poly_891.poly x1 899.7705034255981 x2,x3
poly_1856.poly x3 899.8253656864166 x1,x2
poly_559.poly x2 899.8238820075989 x1,x3
poly_1451.poly x3 899.8278728961944 x1,x2
poly_236.poly x1 899.8246809482574 x2,x3
poly_1208.poly x2 899.8249374866485 x1,x3
poly_823.poly x1 899.8209554195404 x2,x3
poly_193.poly x1 899.8247953891754 x2,x3
poly_1851.poly x2 899.8191174507141 x1,x3
poly_110.poly x3 899.8289093017578 x1,x2
poly_201.poly x1 899.820832157135 x2,x3
poly_1273.poly x3 899.7748512268066 x1,x2
poly_1508.poly x2 899.817564868927 x1,x3
poly_1616.poly x2 899.8125301837921 x1,x3
poly_940.poly x3 899.8233286380768 x1,x2
poly_1734.poly x2 899.8324650764465 x1,x3
poly_286.poly x2 899.7649206161499 x1,x3
poly_1214.poly x3 899.7724992275238 x1,x2
poly_1489.poly x1 899.8223744869232 x2,x3
poly_973.poly x3 899.8171731472015 x1,x2
poly_446.poly x2 899.826237821579 x1,x3
poly_539.poly x3 899.8221241474151 x1,x2
poly_115.poly x2 899.7707458972931 x1,x3
poly_739.poly x1 899.7642461299896 x2,x3
poly_344.poly x1 899.8210722446441 x2,x3
poly_307.poly x2 899.8230859279632 x1,x3
poly_121.poly x2 899.7732120990753 x1,x3
poly_923.poly x1 899.8295196533203 x2,x3
poly_1564.poly x3 899.824491405487 x1,x2
poly_349.poly x1 899.8227383136749 x2,x3
poly_194.poly x2 899.8155175685882 x1,x3
poly_1584.poly x3 899.7231825828552 x1,x2
poly_846.poly x1 899.82446154356 x2,x3
poly_1181.poly x1 899.8255301356315 x2,x3
poly_780.poly x3 899.8282478690147 x1,x2
poly_1848.poly x2 899.8091839194298 x1,x3
poly_1784.poly x2 899.7721966147423 x1,x3
poly_179.poly x3 899.7741754889488 x1,x2
poly_285.poly x2 899.7713964819908 x1,x3
poly_406.poly x2 899.7739485144615 x1,x3
poly_235.poly x2 899.7716318011284 x1,x3
poly_1700.poly x3 899.8209675192833 x1,x2
poly_716.poly x2 899.8247745871544 x1,x3
poly_867.poly x2 899.8254874587059 x1,x3
poly_1949.poly x1 899.8248723387718 x2,x3
poly_1779.poly x1 899.8314915537834 x2,x3
poly_721.poly x3 899.8268786311149 x1,x2
poly_1168.poly x3 899.8287411570549 x1,x2
poly_573.poly x3 899.7733541369438 x1,x2
poly_778.poly x2 899.8306878447532 x1,x3
poly_1742.poly x1 899.8225661158561 x2,x3
poly_1241.poly x3 899.8236366152763 x1,x2
poly_1493.poly x1 899.811951482296 x2,x3
poly_221.poly x3 899.8201895594597 x1,x2
poly_52.poly x2 899.8263538718223 x1,x3
poly_1649.poly x2 899.8269940257072 x1,x3
poly_1186.poly x1 899.8263197779655 x2,x3
poly_327.poly x2 899.7712384104728 x1,x3
poly_1157.poly x3 899.7726162314415 x1,x2
poly_959.poly x1 899.8257172942161 x2,x3
poly_647.poly x2 899.830204808712 x1,x3
poly_1736.poly x1 899.8300939440727 x2,x3
poly_1706.poly x2 899.8267541766166 x1,x3
poly_273.poly x1 899.8221083521843 x2,x3
poly_1480.poly x2 899.8281563162803 x1,x3
poly_1850.poly x3 899.8248289465904 x1,x2
poly_1483.poly x2 899.8206818938255 x1,x3
poly_1727.poly x1 899.8302610754967 x2,x3
poly_1418.poly x1 899.8220294356346 x2,x3
poly_58.poly x3 899.8288894534111 x1,x2
poly_1517.poly x2 899.7680385947227 x1,x3
poly_1521.poly x2 899.7757447600364 x1,x3
poly_710.poly x1 899.8244105994702 x2,x3
poly_1778.poly x1 899.8245433986187 x2,x3
poly_1834.poly x2 899.7779530704022 x1,x3
poly_1633.poly x3 899.8270003020764 x1,x2
poly_413.poly x3 899.8291229426861 x1,x2
poly_1830.poly x1 899.8200005710125 x2,x3
poly_1608.poly x3 899.8272608935833 x1,x2
poly_985.poly x2 899.7801603496075 x1,x3
poly_181.poly x1 899.8258182227612 x2,x3
poly_1404.poly x2 899.7762812793255 x1,x3
poly_313.poly x1 899.8267816722393 x2,x3
poly_1571.poly x3 899.806272906065 x1,x2
poly_1327.poly x1 899.8265000998974 x2,x3
poly_930.poly x2 899.8279072463513 x1,x3
poly_1804.poly x1 899.8113152205945 x2,x3
poly_1813.poly x3 899.7657102763653 x1,x2
poly_1764.poly x3 899.7671667754651 x1,x2
poly_1540.poly x2 899.8118163764477 x1,x3
poly_1519.poly x1 899.7723943412304 x2,x3
poly_1083.poly x3 899.8299638450146 x1,x2
poly_205.poly x3 899.8255771815777 x1,x2
poly_553.poly x1 899.7629033744336 x2,x3
poly_1387.poly x3 899.8227650344372 x1,x2
poly_740.poly x1 899.829975527525 x2,x3
poly_365.poly x2 899.8250524222851 x1,x3
poly_317.poly x1 899.8303238570691 x2,x3
poly_1105.poly x2 899.8229359805584 x1,x3
poly_1958.poly x3 899.8313101947308 x1,x2
poly_544.poly x1 899.8241740882397 x2,x3
poly_174.poly x2 899.8138512790204 x1,x3
poly_1589.poly x2 899.807389420271 x1,x3
poly_1465.poly x2 899.8281070411206 x1,x3
poly_1436.poly x1 899.7666186511517 x2,x3
poly_1491.poly x3 899.8250199973584 x1,x2
poly_1690.poly x2 899.8315097510815 x1,x3
poly_1448.poly x2 899.8229064166546 x1,x3
poly_1553.poly x3 899.8282670199872 x1,x2
poly_247.poly x2 899.829309386015 x1,x3
poly_1871.poly x2 899.8263391673565 x1,x3
poly_38.poly x3 899.8306595504284 x1,x2
poly_597.poly x2 899.7673238217831 x1,x3
poly_1601.poly x3 899.7727480828762 x1,x2
poly_1309.poly x3 899.7756963670254 x1,x2
poly_1989.poly x3 899.775556653738 x1,x2
poly_549.poly x3 899.7600587308407 x1,x2
poly_213.poly x1 899.826119273901 x2,x3
poly_1203.poly x1 899.8295596539974 x2,x3
poly_579.poly x1 899.7669485509396 x2,x3
poly_1836.poly x3 899.7629307210445 x1,x2
poly_418.poly x1 899.8272453248501 x2,x3
poly_1556.poly x3 899.8201206624508 x1,x2
poly_1829.poly x3 899.8296869695187 x1,x2
poly_190.poly x2 899.8270426690578 x1,x3
poly_1925.poly x3 899.8272596299648 x1,x2
poly_1095.poly x3 899.8249219357967 x1,x2
poly_1808.poly x1 899.8212655484676 x2,x3
poly_1908.poly x3 899.8266614377499 x1,x2
poly_14.poly x3 899.8246134221554 x1,x2
poly_1918.poly x3 899.772349447012 x1,x2
poly_751.poly x1 899.826661914587 x2,x3
poly_284.poly x2 899.8234415948391 x1,x3
poly_582.poly x3 899.829671472311 x1,x2
poly_1100.poly x2 899.8292203843594 x1,x3
poly_1346.poly x2 899.826915115118 x1,x3
poly_1405.poly x1 899.8293360173702 x2,x3
poly_482.poly x3 899.8281289041042 x1,x2
poly_810.poly x3 899.768752425909 x1,x2
poly_1001.poly x3 899.7702415883541 x1,x2
poly_145.poly x1 899.7781673371792 x2,x3
poly_1407.poly x1 899.8309300839901 x2,x3
poly_1057.poly x3 899.8157952725887 x1,x2
poly_1406.poly x3 899.8297191560268 x1,x2
poly_493.poly x1 899.8304274976254 x2,x3
poly_1528.poly x1 899.8224645555019 x2,x3
poly_583.poly x3 899.8250378072262 x1,x2
poly_1396.poly x2 899.824187129736 x1,x3
poly_1494.poly x1 899.7729261815548 x2,x3
poly_1502.poly x3 899.82484588027 x1,x2
poly_505.poly x3 899.8319459855556 x1,x2
poly_625.poly x1 899.827584117651 x2,x3
poly_198.poly x1 899.8230419158936 x2,x3
poly_887.poly x2 899.7751948833466 x1,x3
poly_1997.poly x1 899.830658197403 x2,x3
poly_1093.poly x3 899.7752833366394 x1,x2
poly_908.poly x3 899.7704691886902 x1,x2
poly_889.poly x1 899.8297297954559 x2,x3
poly_348.poly x1 899.8181381225586 x2,x3
poly_453.poly x3 899.8251044750214 x1,x2
poly_864.poly x2 899.7720727920532 x1,x3
poly_466.poly x2 899.7610330581665 x1,x3
poly_1854.poly x2 899.8159685134888 x1,x3
poly_383.poly x2 899.8271238803864 x1,x3
poly_1879.poly x1 899.7233669757843 x2,x3
poly_1938.poly x1 899.7772901058197 x2,x3
poly_117.poly x2 899.8292200565338 x1,x3
poly_593.poly x2 899.8291246891022 x1,x3
poly_1070.poly x3 899.8122839927673 x1,x2
poly_1858.poly x1 899.8250200748444 x2,x3
poly_841.poly x3 899.8186466693878 x1,x2
poly_921.poly x3 899.8283188343048 x1,x2
poly_520.poly x2 899.8222017288208 x1,x3
poly_1654.poly x1 899.8298993110657 x2,x3
poly_1141.poly x1 899.8249831199646 x2,x3
poly_1234.poly x2 899.8299570083618 x1,x3
poly_1771.poly x1 899.8191845417023 x2,x3
poly_874.poly x2 899.7653362751007 x1,x3
poly_1017.poly x1 899.8239152431488 x2,x3
poly_1565.poly x1 899.7763805389404 x2,x3
poly_683.poly x2 899.823504447937 x1,x3
poly_1516.poly x1 899.8265540599823 x2,x3
poly_1310.poly x3 899.82555103302 x1,x2
poly_420.poly x1 899.8254849910736 x2,x3
poly_1939.poly x2 899.8297848701477 x1,x3
poly_1968.poly x1 899.828207731247 x2,x3
poly_26.poly x3 899.8157112598419 x1,x2
poly_955.poly x3 899.7262871265411 x1,x2
poly_750.poly x2 899.8183722496033 x1,x3
poly_1622.poly x2 899.8234708309174 x1,x3
poly_1809.poly x1 899.8255085945129 x2,x3
poly_798.poly x2 899.7729632854462 x1,x3
poly_72.poly x2 899.82763671875 x1,x3
poly_1245.poly x1 899.7748057842255 x2,x3
poly_1896.poly x2 899.8180823326111 x1,x3
poly_1648.poly x3 899.8290345668793 x1,x2
poly_1751.poly x2 899.8229279518127 x1,x3
poly_1154.poly x1 899.7729952335358 x2,x3
poly_1623.poly x2 899.773410320282 x1,x3
poly_607.poly x1 899.829601764679 x2,x3
poly_1991.poly x2 899.8175179958344 x1,x3
poly_1175.poly x2 899.8223774433136 x1,x3
poly_328.poly x2 899.8228533267975 x1,x3
poly_47.poly x2 899.7738318443298 x1,x3
poly_1170.poly x2 899.7677776813507 x1,x3
poly_152.poly x2 899.8237206935883 x1,x3
poly_1411.poly x1 899.8327498435974 x2,x3
poly_879.poly x2 899.8134853839874 x1,x3
poly_163.poly x3 899.8205606937408 x1,x2
poly_183.poly x1 899.8245887756348 x2,x3
poly_1384.poly x3 899.8212375640869 x1,x2
poly_396.poly x3 899.816207408905 x1,x2
poly_1797.poly x3 899.7706274986267 x1,x2
poly_1153.poly x3 899.8255560398102 x1,x2
poly_191.poly x3 899.8132383823395 x1,x2
poly_1865.poly x2 899.8247249126434 x1,x3
poly_1265.poly x1 899.8211162090302 x2,x3
poly_1681.poly x2 899.8313415050507 x1,x3
poly_1579.poly x2 899.8249833583832 x1,x3
poly_1292.poly x2 899.8298726081848 x1,x3
poly_749.poly x3 899.8120820522308 x1,x2
poly_7.poly x2 899.8266704082489 x1,x3
poly_1143.poly x3 899.8252599239349 x1,x2
poly_533.poly x2 899.8214995861053 x1,x3
poly_1843.poly x2 899.7794239521027 x1,x3
poly_664.poly x3 899.8268768787384 x1,x2
poly_1000.poly x1 899.8278684616089 x2,x3
poly_1179.poly x2 899.8241446018219 x1,x3
poly_719.poly x2 899.8220009803772 x1,x3
poly_296.poly x1 899.8181354999542 x2,x3
poly_1344.poly x1 899.773951292038 x2,x3
poly_398.poly x3 899.8226163387299 x1,x2
poly_331.poly x3 899.8247128665447 x1,x2
poly_1914.poly x1 899.8222845733166 x2,x3
poly_990.poly x1 899.8278320968151 x2,x3
poly_290.poly x2 899.7687143027782 x1,x3
poly_336.poly x3 899.8254729449749 x1,x2
poly_421.poly x1 899.820655220747 x2,x3
poly_1062.poly x2 899.773161047697 x1,x3
poly_1462.poly x1 899.8311618506908 x2,x3
poly_1781.poly x2 899.7739947974682 x1,x3
poly_956.poly x2 899.8253079593181 x1,x3
poly_855.poly x2 899.8256553351879 x1,x3
poly_569.poly x3 899.768671387434 x1,x2
poly_1350.poly x2 899.8198507964611 x1,x3
poly_712.poly x3 899.825281971693 x1,x2
poly_1013.poly x1 899.778231972456 x2,x3
poly_1990.poly x1 899.8277162253856 x2,x3
poly_1177.poly x2 899.7687097728252 x1,x3
poly_587.poly x3 899.8258498847484 x1,x2
poly_107.poly x3 899.8235660731792 x1,x2
poly_1605.poly x3 899.8196479022503 x1,x2
poly_1743.poly x3 899.8203653037548 x1,x2
poly_1614.poly x1 899.8250149428844 x2,x3
poly_913.poly x1 899.7599762618541 x2,x3
poly_1191.poly x1 899.817282551527 x2,x3
poly_412.poly x1 899.7668765723705 x2,x3
poly_353.poly x3 899.8230141341686 x1,x2
poly_1972.poly x3 899.8258939921856 x1,x2
poly_160.poly x1 899.8185027778148 x2,x3
poly_358.poly x2 899.7699190318584 x1,x3
poly_1876.poly x3 899.8142877757549 x1,x2
poly_1440.poly x2 899.8161262214184 x1,x3
poly_897.poly x2 899.8305178821087 x1,x3
poly_1289.poly x1 899.8141552150249 x2,x3
poly_1122.poly x2 899.8292449653148 x1,x3
poly_422.poly x2 899.8216789901256 x1,x3
poly_931.poly x2 899.8109565913677 x1,x3
poly_1318.poly x2 899.8176687896251 x1,x3
poly_542.poly x3 899.7806326091289 x1,x2
poly_1028.poly x2 899.8219083487987 x1,x3
poly_280.poly x3 899.8296660125255 x1,x2
poly_839.poly x3 899.8232412099838 x1,x2
poly_1852.poly x3 899.8216356992722 x1,x2
poly_581.poly x2 899.8185856103897 x1,x3
poly_709.poly x1 899.82778236866 x2,x3
poly_1573.poly x1 899.8264987230301 x2,x3
poly_1726.poly x2 899.8236562967301 x1,x3
poly_407.poly x2 899.8268544435501 x1,x3
poly_411.poly x2 899.7742709875107 x1,x3
poly_1998.poly x3 899.8247387170792 x1,x2
poly_55.poly x2 899.8224739789963 x1,x3
poly_865.poly x2 899.8253404855728 x1,x3
poly_1756.poly x2 899.827298617363 x1,x3
poly_222.poly x2 899.8263187170029 x1,x3
poly_982.poly x2 899.8258583307266 x1,x3
poly_1978.poly x2 899.8306522130966 x1,x3
poly_340.poly x2 899.8316828966141 x1,x3
poly_1712.poly x3 899.8174376249314 x1,x2
poly_1881.poly x2 899.8262581586838 x1,x3
poly_1053.poly x3 899.8228614091873 x1,x2
poly_1581.poly x3 899.8270385026932 x1,x2
poly_1935.poly x3 899.8273834943772 x1,x2
poly_223.poly x2 899.8275687456131 x1,x3
poly_1033.poly x2 899.8266479730606 x1,x3
poly_1216.poly x1 899.8217429876328 x2,x3
poly_449.poly x1 899.8131706476212 x2,x3
poly_761.poly x1 899.8255259752274 x2,x3
poly_1620.poly x2 899.8245398759842 x1,x3
poly_598.poly x2 899.8287784814835 x1,x3
poly_46.poly x1 899.8245429754257 x2,x3
poly_1286.poly x3 899.8242385149002 x1,x2
poly_241.poly x2 899.8232640981674 x1,x3
poly_1012.poly x2 899.8172461748123 x1,x3
poly_1902.poly x1 899.7709393262863 x2,x3
poly_1333.poly x3 899.7702898740769 x1,x2
poly_1149.poly x1 899.7708129644394 x2,x3
poly_1916.poly x1 899.8187680006027 x2,x3
poly_1686.poly x3 899.819098687172 x1,x2
poly_697.poly x2 899.8224386930466 x1,x3
poly_319.poly x3 899.8237087488175 x1,x2
poly_419.poly x1 899.8252506017685 x2,x3
poly_1322.poly x1 899.7755918502808 x2,x3
poly_1595.poly x1 899.8274700641632 x2,x3
poly_1912.poly x2 899.8256697654724 x1,x3
poly_1361.poly x3 899.7726399898529 x1,x2
poly_784.poly x1 899.8248891830444 x2,x3
poly_947.poly x2 899.8241651058197 x1,x3
poly_1661.poly x2 899.7757217884064 x1,x3
poly_899.poly x1 899.827467918396 x2,x3
poly_1356.poly x2 899.7666826248169 x1,x3
poly_1590.poly x3 899.7726783752441 x1,x2
poly_70.poly x3 899.8192956447601 x1,x2
poly_866.poly x2 899.8295178413391 x1,x3
poly_1789.poly x2 899.8251543045044 x1,x3
poly_1890.poly x2 899.8195078372955 x1,x3
poly_1290.poly x1 899.8197612762451 x2,x3
poly_1360.poly x3 899.8279082775116 x1,x2
poly_1591.poly x1 899.8303575515747 x2,x3
poly_1114.poly x2 899.7723960876465 x1,x3
poly_1900.poly x1 899.8179731369019 x2,x3
poly_537.poly x3 899.8316097259521 x1,x2
poly_271.poly x3 899.8305904865265 x1,x2
poly_1049.poly x3 899.8276093006134 x1,x2
poly_1131.poly x3 899.724880695343 x1,x2
poly_474.poly x2 899.7696826457977 x1,x3
poly_904.poly x1 899.811954498291 x2,x3
poly_1788.poly x3 899.7761032581329 x1,x2
poly_1389.poly x3 899.8255167007446 x1,x2
poly_1130.poly x2 899.7617659568787 x1,x3
poly_184.poly x2 899.8253974914551 x1,x3
poly_1397.poly x2 899.7797124385834 x1,x3
poly_119.poly x2 899.8218803405762 x1,x3
poly_903.poly x1 899.822806596756 x2,x3
poly_1433.poly x2 899.8237316608429 x1,x3
poly_381.poly x1 899.8186800479889 x2,x3
poly_1194.poly x2 899.8307480812073 x1,x3
poly_1110.poly x1 899.8288033008575 x2,x3
poly_1875.poly x1 899.8247039318085 x2,x3
poly_1353.poly x1 899.8237750530243 x2,x3
poly_299.poly x3 899.8303465843201 x1,x2
poly_1942.poly x2 899.8184151649475 x1,x3
poly_568.poly x3 899.8283778727055 x1,x2
poly_395.poly x3 899.7686993181705 x1,x2
poly_936.poly x2 899.7706595957279 x1,x3
poly_1184.poly x1 899.8262347280979 x2,x3
poly_382.poly x3 899.7690030634403 x1,x2
poly_925.poly x1 899.83002653718 x2,x3
poly_29.poly x3 899.8273524343967 x1,x2
poly_771.poly x2 899.8316062986851 x1,x3
poly_133.poly x3 899.8280829489231 x1,x2
poly_376.poly x2 899.8233462870121 x1,x3
poly_700.poly x1 899.8264099657536 x2,x3
poly_1357.poly x2 899.8274945318699 x1,x3
poly_1231.poly x1 899.8309263288975 x2,x3
poly_875.poly x1 899.8137260973454 x2,x3
poly_318.poly x1 899.8242012560368 x2,x3
poly_416.poly x2 899.8270453512669 x1,x3
poly_397.poly x1 899.7760311663151 x2,x3
poly_1118.poly x1 899.8280417025089 x2,x3
poly_227.poly x3 899.8208862841129 x1,x2
poly_1225.poly x1 899.831387668848 x2,x3
poly_1849.poly x1 899.8162766993046 x2,x3
poly_112.poly x3 899.768671900034 x1,x2
poly_1247.poly x1 899.8266908228397 x2,x3
poly_743.poly x1 899.8239707052708 x2,x3
poly_1631.poly x3 899.8803903162479 x1,x2
poly_1398.poly x1 899.8095687925816 x2,x3
poly_1497.poly x2 899.8195332586765 x1,x3
poly_1096.poly x2 899.7239741384983 x1,x3
poly_1228.poly x2 899.8284107744694 x1,x3
poly_640.poly x2 899.8160084784031 x1,x3
poly_275.poly x3 899.8163131773472 x1,x2
poly_1869.poly x2 899.818626075983 x1,x3
poly_410.poly x3 899.8222250044346 x1,x2
poly_886.poly x3 899.8250364363194 x1,x2
poly_1515.poly x2 899.8290785849094 x1,x3
poly_1674.poly x2 899.8219658434391 x1,x3
poly_92.poly x3 899.8233732283115 x1,x2
poly_1314.poly x2 899.8160425722599 x1,x3
poly_1924.poly x2 899.8207685053349 x1,x3
poly_211.poly x2 899.8245209753513 x1,x3
poly_1534.poly x2 899.810182094574 x1,x3
poly_805.poly x2 899.8279926776886 x1,x3
poly_351.poly x3 899.7716925144196 x1,x2
poly_1137.poly x2 899.830991268158 x1,x3
poly_718.poly x2 899.8251047134399 x1,x3
poly_1523.poly x3 899.777740240097 x1,x2
poly_944.poly x2 899.779066324234 x1,x3
poly_702.poly x2 899.8238346576691 x1,x3
poly_1044.poly x2 899.8218967914581 x1,x3
poly_1861.poly x3 899.8184390068054 x1,x2
poly_165.poly x3 899.8129920959473 x1,x2
poly_366.poly x3 899.8203523159027 x1,x2
poly_1643.poly x3 899.8245937824249 x1,x2
poly_1329.poly x2 899.8290765285492 x1,x3
poly_1229.poly x2 899.8277645111084 x1,x3
poly_799.poly x3 899.8193216323853 x1,x2
poly_748.poly x3 899.8306856155396 x1,x2
poly_967.poly x3 899.7795166969299 x1,x2
poly_1089.poly x1 899.8287036418915 x2,x3
poly_1837.poly x1 899.8213064670563 x2,x3
poly_1278.poly x1 899.8230772018433 x2,x3
poly_143.poly x3 899.7638573646545 x1,x2
poly_477.poly x1 899.8277032375336 x2,x3
poly_1109.poly x2 899.8181357383728 x1,x3
poly_705.poly x2 899.8251447677612 x1,x3
poly_1128.poly x1 899.8267273902893 x2,x3
poly_878.poly x2 899.8224401473999 x1,x3
poly_1252.poly x2 899.8253991603851 x1,x3
poly_425.poly x2 899.7615752220154 x1,x3
poly_48.poly x2 899.8248586654663 x1,x3
poly_182.poly x1 899.8186519145966 x2,x3
poly_1733.poly x3 899.8280651569366 x1,x2
poly_450.poly x1 899.828343629837 x2,x3
poly_701.poly x2 899.8112020492554 x1,x3
poly_1750.poly x1 899.8235075473785 x2,x3
poly_28.poly x3 899.8297393321991 x1,x2
poly_1073.poly x1 899.8283529281616 x2,x3
poly_993.poly x2 899.8200485706329 x1,x3
poly_1111.poly x3 899.8297610282898 x1,x2
poly_1037.poly x2 899.821291923523 x1,x3
poly_687.poly x3 899.8260636866092 x1,x2
poly_919.poly x3 899.7775037825107 x1,x2
poly_1615.poly x1 899.8249590933323 x2,x3
poly_964.poly x3 899.8183484613895 x1,x2
poly_1708.poly x1 899.8128283560276 x2,x3
poly_479.poly x1 899.8252046644687 x2,x3
poly_1222.poly x1 899.8116288721561 x2,x3
poly_1155.poly x2 899.8248632490635 x1,x3
poly_720.poly x3 899.7765667974949 x1,x2
poly_1833.poly x1 899.8240800440311 x2,x3
poly_293.poly x3 899.8311179220676 x1,x2
poly_659.poly x1 899.818966203928 x2,x3
poly_185.poly x3 899.8243065416813 x1,x2
poly_1463.poly x2 899.8289244711399 x1,x3
poly_745.poly x2 899.8237746298313 x1,x3
poly_612.poly x2 899.8256226122379 x1,x3
poly_156.poly x1 899.7771468698978 x2,x3
poly_723.poly x2 899.808958107233 x1,x3
poly_845.poly x1 899.7756898939609 x2,x3
poly_1275.poly x3 899.7766712248325 x1,x2
poly_1701.poly x1 899.8193350374698 x2,x3
poly_819.poly x2 899.7776716291904 x1,x3
poly_943.poly x3 899.8266745150089 x1,x2
poly_1754.poly x3 899.8310592710972 x1,x2
poly_1872.poly x2 899.8320899546146 x1,x3
poly_1466.poly x3 899.814624363184 x1,x2
poly_1200.poly x1 899.8190947115421 x2,x3
poly_1870.poly x1 899.8281825125217 x2,x3
poly_950.poly x1 899.8298385679722 x2,x3
poly_249.poly x1 899.8258431494236 x2,x3
poly_1383.poly x2 899.7757013380527 x1,x3
poly_1430.poly x2 899.8209455549717 x1,x3
poly_1444.poly x2 899.8162518084049 x1,x3
poly_560.poly x3 899.8214314520359 x1,x2
poly_911.poly x2 899.8265619814396 x1,x3
poly_554.poly x3 899.8233166277408 x1,x2
poly_981.poly x2 899.7688086569309 x1,x3
poly_1284.poly x1 899.8280108511448 x2,x3
poly_1244.poly x3 899.8316963255405 x1,x2
poly_1010.poly x2 899.8242025911808 x1,x3
poly_309.poly x2 899.7701143741608 x1,x3
poly_1080.poly x1 899.8291990280152 x2,x3
poly_1803.poly x1 899.8299781799317 x2,x3
poly_196.poly x2 899.8271824836731 x1,x3
poly_1412.poly x2 899.7714664459229 x1,x3
poly_863.poly x2 899.7657646656037 x1,x3
poly_270.poly x3 899.8266460418702 x1,x2
poly_1981.poly x1 899.8288061141968 x2,x3
poly_1420.poly x3 899.7783100128174 x1,x2
poly_1359.poly x3 899.8167793273926 x1,x2
poly_1052.poly x1 899.8309592723847 x2,x3
poly_122.poly x1 899.7674731731415 x2,x3
poly_909.poly x3 899.8268515586853 x1,x2
poly_1221.poly x1 899.8220943927765 x2,x3
poly_540.poly x3 899.8250486373902 x1,x2
poly_1535.poly x2 899.7695595741272 x1,x3
poly_1199.poly x1 899.8244115829468 x2,x3
poly_1886.poly x1 899.8201891899109 x2,x3
poly_654.poly x2 899.8315414905549 x1,x3
poly_1066.poly x2 899.8293458938599 x1,x3
poly_1020.poly x3 899.7720624923707 x1,x2
poly_1606.poly x2 899.7667617321015 x1,x3
poly_1401.poly x1 899.8181917190552 x2,x3
poly_218.poly x1 899.8212544441224 x2,x3
poly_1330.poly x3 899.81385679245 x1,x2
poly_1372.poly x3 899.7752148628235 x1,x2
poly_800.poly x3 899.8313080787659 x1,x2
poly_824.poly x3 899.8211469173432 x1,x2
poly_320.poly x1 899.8212677955628 x2,x3
poly_932.poly x1 899.7619366168976 x2,x3
poly_447.poly x2 899.81776471138 x1,x3
poly_355.poly x2 899.8230072975159 x1,x3
poly_1694.poly x3 899.8290147304535 x1,x2
poly_724.poly x1 899.8164748668671 x2,x3
poly_857.poly x1 899.8223645210267 x2,x3
poly_747.poly x3 899.8268565654755 x1,x2
poly_1085.poly x3 899.8234080791474 x1,x2
poly_770.poly x1 899.8251072883606 x2,x3
poly_744.poly x2 899.7716619491578 x1,x3
poly_1520.poly x2 899.8217465400696 x1,x3
poly_1499.poly x3 899.8271345436573 x1,x2
poly_1362.poly x1 899.8291210472584 x2,x3
poly_1964.poly x2 899.8169910252094 x1,x3
poly_1505.poly x2 899.8237950146198 x1,x3
poly_1936.poly x1 899.8111049473285 x2,x3
poly_1249.poly x1 899.8248104393482 x2,x3
poly_1792.poly x2 899.8194200336933 x1,x3
poly_785.poly x3 899.8254188835621 x1,x2
poly_1800.poly x2 899.7763208687305 x1,x3
poly_1983.poly x1 899.8250488579273 x2,x3
poly_157.poly x2 899.8261646568775 x1,x3
poly_1752.poly x1 899.8248068630695 x2,x3
poly_566.poly x2 899.8232759773731 x1,x3
poly_1264.poly x3 899.8266665279865 x1,x2
poly_1976.poly x2 899.8233219921589 x1,x3
poly_1205.poly x3 899.8119000732898 x1,x2
poly_269.poly x2 899.8206011593342 x1,x3
poly_859.poly x2 899.7723268806934 x1,x3
poly_1986.poly x3 899.7724954426288 x1,x2
poly_1766.poly x2 899.8278092682361 x1,x3
poly_578.poly x1 899.777668172121 x2,x3
poly_708.poly x1 899.8246905148029 x2,x3
poly_1611.poly x2 899.8289045631885 x1,x3
poly_457.poly x3 899.8322879612446 x1,x2
poly_1446.poly x2 899.7738978207111 x1,x3
poly_139.poly x2 899.7760729134083 x1,x3
poly_1319.poly x1 899.8278726875782 x2,x3
poly_1594.poly x3 899.8123766720295 x1,x2
poly_1877.poly x3 899.8180581867695 x1,x2
poly_1979.poly x1 899.7697109520435 x2,x3
poly_1207.poly x3 899.8310832321644 x1,x2
poly_888.poly x2 899.8244981110096 x1,x3
poly_1230.poly x3 899.820457392931 x1,x2
poly_641.poly x1 899.7230924904346 x2,x3
poly_538.poly x1 899.8274192154407 x2,x3
poly_1911.poly x2 899.8247834980488 x1,x3
poly_1150.poly x1 899.7785183727741 x2,x3
poly_1129.poly x1 899.8223161041736 x2,x3
poly_517.poly x1 899.8181316196918 x2,x3
poly_1651.poly x1 899.8149711430073 x2,x3
poly_842.poly x1 899.8226266264916 x2,x3
poly_1254.poly x1 899.8263128161431 x2,x3
poly_1338.poly x1 899.8307414412499 x2,x3
poly_1934.poly x2 899.7594623923302 x1,x3
poly_807.poly x2 899.8288359999657 x1,x3
poly_93.poly x2 899.820593392849 x1,x3
poly_1036.poly x3 899.8306355834007 x1,x2
poly_1470.poly x1 899.826493537426 x2,x3
poly_918.poly x1 899.8266611456871 x2,x3
poly_356.poly x3 899.76154307127 x1,x2
poly_629.poly x2 899.7633970141411 x1,x3
poly_302.poly x2 899.8315065264702 x1,x3
poly_56.poly x2 899.7720435023308 x1,x3
poly_263.poly x3 899.8213379740715 x1,x2
poly_1967.poly x1 899.8268559336663 x2,x3
poly_793.poly x2 899.8200555205345 x1,x3
poly_1522.poly x2 899.8150174975395 x1,x3
poly_809.poly x1 899.8220360636711 x2,x3
poly_1492.poly x2 899.8263740897179 x1,x3
poly_996.poly x2 899.8142860293389 x1,x3
poly_1259.poly x3 899.8204310297966 x1,x2
poly_1802.poly x2 899.8218784689903 x1,x3
poly_98.poly x3 899.8298290133476 x1,x2
poly_588.poly x1 899.8179662585259 x2,x3
poly_281.poly x1 899.8251750826836 x2,x3
poly_8.poly x3 899.8268993258476 x1,x2
poly_1593.poly x3 899.8190615534783 x1,x2
poly_946.poly x1 899.8209612727165 x2,x3
poly_1588.poly x1 899.7614055037499 x2,x3
poly_828.poly x3 899.8196277976036 x1,x2
poly_1798.poly x1 899.8247442603111 x2,x3
poly_341.poly x3 899.8214331030846 x1,x2
poly_162.poly x1 899.8148310542107 x2,x3
poly_1031.poly x2 899.8145437598229 x1,x3
poly_1369.poly x3 899.7611823439598 x1,x2
poly_1148.poly x1 899.7725148558617 x2,x3
poly_1061.poly x3 899.7760026812554 x1,x2
poly_59.poly x1 899.8298297286034 x2,x3
poly_835.poly x3 899.8267112135887 x1,x2
poly_523.poly x2 899.8182921767235 x1,x3
poly_1718.poly x2 899.8216715693474 x1,x3
poly_986.poly x3 899.774102294445 x1,x2
poly_1196.poly x3 899.8222933650017 x1,x2
poly_994.poly x2 899.8224476218223 x1,x3
poly_1977.poly x3 899.7759376406669 x1,x2
poly_316.poly x3 899.8242064356804 x1,x2
poly_206.poly x1 899.8278785586357 x2,x3
poly_168.poly x1 899.8060358405113 x2,x3
poly_572.poly x3 899.8303175806999 x1,x2
poly_81.poly x1 899.8175607562065 x2,x3
poly_671.poly x2 899.8260916113853 x1,x3
poly_386.poly x2 899.8290060400963 x1,x3
poly_1279.poly x2 899.7723098635673 x1,x3
poly_136.poly x2 899.772608602047 x1,x3
poly_1769.poly x1 899.8271070361137 x2,x3
poly_833.poly x3 899.7775517344475 x1,x2
poly_64.poly x1 899.7652846217155 x2,x3
poly_326.poly x2 899.8256615042686 x1,x3
poly_1737.poly x2 899.7793882727623 x1,x3
poly_527.poly x1 899.8303097128868 x2,x3
poly_1714.poly x2 899.8279236197471 x1,x3
poly_945.poly x1 899.8237977862358 x2,x3
poly_1300.poly x2 899.8135329127311 x1,x3
poly_329.poly x3 899.7758723139763 x1,x2
poly_777.poly x1 899.823240840435 x2,x3
poly_1365.poly x1 899.8246677756309 x2,x3
poly_1533.poly x1 899.8237493872642 x2,x3
poly_1474.poly x2 899.8260765910148 x1,x3
poly_148.poly x2 899.8145569205284 x1,x3
poly_836.poly x2 899.8312753081321 x1,x3
poly_1610.poly x1 899.8272536635399 x2,x3
poly_1639.poly x1 899.8196702837944 x2,x3
poly_91.poly x2 899.8288794398308 x1,x3
poly_512.poly x3 899.8268879294395 x1,x2
poly_409.poly x2 899.7218235373497 x1,x3
poly_1308.poly x3 899.8293281435966 x1,x2
poly_197.poly x1 899.8284240603447 x2,x3
poly_100.poly x3 899.8221457839012 x1,x2
poly_359.poly x1 899.8173628687858 x2,x3
poly_295.poly x1 899.7712562918663 x2,x3
poly_354.poly x2 899.7761090040207 x1,x3
poly_423.poly x2 899.8199064970016 x1,x3
poly_960.poly x2 899.7638571500778 x1,x3
poly_1819.poly x2 899.7757294416427 x1,x3
poly_1370.poly x1 899.7737646341324 x2,x3
poly_1269.poly x3 899.7719671964645 x1,x2
poly_733.poly x1 899.8275351762771 x2,x3
poly_1256.poly x3 899.8292660951614 x1,x2
poly_1667.poly x2 899.8273537397384 x1,x3
poly_662.poly x3 899.8234484434128 x1,x2
poly_1336.poly x3 899.8264763593673 x1,x2
poly_1735.poly x1 899.8184173345566 x2,x3
poly_1566.poly x2 899.7738819360733 x1,x3
poly_1283.poly x3 899.8205385446548 x1,x2
poly_138.poly x1 899.8293962717056 x2,x3
poly_1785.poly x3 899.8278763532638 x1,x2
poly_325.poly x3 899.770402932167 x1,x2
poly_155.poly x1 899.8217659235 x2,x3
poly_124.poly x3 899.823493027687 x1,x2
poly_1944.poly x1 899.8281967878341 x2,x3
poly_1195.poly x3 899.8129093885422 x1,x2
poly_500.poly x3 899.8229861497879 x1,x2
poly_1745.poly x1 899.8287527799606 x2,x3
poly_995.poly x3 899.8276195764541 x1,x2
poly_1957.poly x2 899.8308255910873 x1,x3
poly_212.poly x3 899.8310709238052 x1,x2
poly_1919.poly x2 899.8123419523239 x1,x3
poly_1485.poly x3 899.8257391691208 x1,x2
poly_884.poly x1 899.7741508722305 x2,x3
poly_779.poly x3 899.8296208620071 x1,x2
poly_1006.poly x3 899.8268141984939 x1,x2
poly_1394.poly x1 899.8239028692245 x2,x3
poly_232.poly x3 899.7768035173416 x1,x2
poly_1945.poly x3 899.8294818639755 x1,x2
poly_323.poly x3 899.824910902977 x1,x2
poly_1232.poly x3 899.8159618616104 x1,x2
poly_531.poly x2 899.8256831407547 x1,x3
poly_1759.poly x3 899.8217633008957 x1,x2
poly_1368.poly x3 899.8235597848892 x1,x2
poly_1738.poly x2 899.8239004850387 x1,x3
poly_202.poly x2 899.8208644151688 x1,x3
poly_1452.poly x3 899.825927233696 x1,x2
poly_167.poly x3 899.8217868566513 x1,x2
poly_1266.poly x1 899.8223604917526 x2,x3
poly_1952.poly x1 899.814274764061 x2,x3
poly_774.poly x1 899.825601553917 x2,x3
poly_1079.poly x1 899.8236481904984 x2,x3
poly_756.poly x3 899.8304002046585 x1,x2
poly_231.poly x2 899.8270637750626 x1,x3
poly_502.poly x3 899.7601284742356 x1,x2
poly_1487.poly x1 899.8094248533249 x2,x3
poly_1824.poly x2 899.8269440889359 x1,x3
poly_1662.poly x1 899.8188869714737 x2,x3
poly_1731.poly x2 899.8151628732682 x1,x3
poly_1313.poly x2 899.7755658388138 x1,x3
poly_1295.poly x1 899.7677511930466 x2,x3
poly_454.poly x3 899.7685076951981 x1,x2
poly_82.poly x1 899.8245129346848 x2,x3
poly_657.poly x3 899.7737765073776 x1,x2
poly_1021.poly x1 899.7679617166519 x2,x3
poly_795.poly x2 899.8226742506027 x1,x3
poly_690.poly x2 899.7738141775131 x1,x3
poly_706.poly x1 899.818004822731 x2,x3
poly_1666.poly x1 899.7776744127274 x2,x3
poly_1677.poly x3 899.8275499105454 x1,x2
poly_1303.poly x3 899.7666530370713 x1,x2
poly_10.poly x3 899.8193220853806 x1,x2
poly_1684.poly x2 899.8175468206406 x1,x3
poly_1294.poly x2 899.7744576692581 x1,x3
poly_530.poly x2 899.829238152504 x1,x3
poly_650.poly x3 899.8252968549729 x1,x2
poly_811.poly x1 899.7741002798081 x2,x3
poly_1801.poly x1 899.8240921258927 x2,x3
poly_426.poly x1 899.7755789518357 x2,x3
poly_1753.poly x1 899.8238589525223 x2,x3
poly_301.poly x1 899.8161685228348 x2,x3
poly_32.poly x1 899.8312244176865 x2,x3
poly_1449.poly x1 899.8108775377274 x2,x3
poly_577.poly x2 899.8207211256027 x1,x3
poly_1748.poly x3 899.8232171297074 x1,x2
poly_153.poly x3 899.8161921203136 x1,x2
poly_370.poly x3 899.827051371336 x1,x2
poly_1235.poly x2 899.8228990733624 x1,x3
poly_507.poly x3 899.7751891314983 x1,x2
poly_1328.poly x2 899.8186011016369 x1,x3
poly_753.poly x1 899.8215939700603 x2,x3
poly_480.poly x3 899.8126084506512 x1,x2
poly_478.poly x1 899.8286428153515 x2,x3
poly_670.poly x3 899.8253757655621 x1,x2
poly_1917.poly x3 899.7737581431866 x1,x2
poly_106.poly x2 899.8206288516521 x1,x3
poly_957.poly x1 899.7734553515911 x2,x3
poly_483.poly x3 899.7720064818859 x1,x2
poly_16.poly x1 899.7796492278576 x2,x3
poly_114.poly x3 899.8208505809307 x1,x2
poly_1174.poly x2 899.8286914527416 x1,x3
poly_88.poly x3 899.8295578658581 x1,x2
poly_1628.poly x1 899.8242780864239 x2,x3
poly_146.poly x2 899.8209170997143 x1,x3
poly_1768.poly x1 899.8198923766613 x2,x3
poly_1019.poly x1 899.8233573138714 x2,x3
poly_759.poly x2 899.8305182158947 x1,x3
poly_1282.poly x1 899.8263792693615 x2,x3
poly_1135.poly x2 899.8134934604168 x1,x3
poly_509.poly x2 899.8305022418499 x1,x3
poly_596.poly x3 899.8295271098614 x1,x2
poly_699.poly x3 899.8205377757549 x1,x2
poly_984.poly x1 899.8227448165417 x2,x3
poly_1749.poly x1 899.8266756236553 x2,x3
poly_402.poly x1 899.8142718970776 x2,x3
poly_929.poly x2 899.8254668414593 x1,x3
poly_1032.poly x3 899.8173484504223 x1,x2
poly_614.poly x1 899.8221218287945 x2,x3
poly_1719.poly x2 899.7783200442791 x1,x3
poly_713.poly x2 899.7227012813091 x1,x3
poly_17.poly x3 899.7590601146221 x1,x2
poly_661.poly x3 899.8231689631939 x1,x2
poly_1866.poly x2 899.8250765502453 x1,x3
poly_442.poly x2 899.8284430205822 x1,x3
poly_1940.poly x1 899.8298611342907 x2,x3
poly_443.poly x1 899.7649714529514 x2,x3
poly_1570.poly x2 899.8249983370304 x1,x3
poly_1343.poly x2 899.8317937433719 x1,x3
poly_796.poly x2 899.8252248346805 x1,x3
poly_1618.poly x2 899.8261951982975 x1,x3
poly_1253.poly x2 899.8257925093174 x1,x3
poly_367.poly x1 899.7700357019901 x2,x3
poly_1668.poly x2 899.7641510546207 x1,x3
poly_343.poly x1 899.8093895494937 x2,x3
poly_417.poly x2 899.8278650820255 x1,x3
poly_1904.poly x2 899.8294744074344 x1,x3
poly_87.poly x3 899.8242492258548 x1,x2
poly_1011.poly x3 899.7625095427036 x1,x2
poly_1842.poly x1 899.8203806459903 x2,x3
poly_20.poly x1 899.7686974585056 x2,x3
poly_1099.poly x2 899.813343244791 x1,x3
poly_488.poly x1 899.8187746584415 x2,x3
poly_645.poly x1 899.8265106260776 x2,x3
poly_392.poly x1 899.821716505289 x2,x3
poly_1447.poly x1 899.8216731131076 x2,x3
poly_22.poly x3 899.8281108915805 x1,x2
poly_391.poly x1 899.8214368402957 x2,x3
poly_1442.poly x3 899.8259596407413 x1,x2
poly_237.poly x3 899.7775852262973 x1,x2
poly_642.poly x3 899.7701534807682 x1,x2
poly_23.poly x2 899.8183311998844 x1,x3
poly_1597.poly x2 899.7564079344272 x1,x3
poly_1844.poly x2 899.8246414244175 x1,x3
poly_102.poly x2 899.7775775969028 x1,x3
poly_1669.poly x1 899.8304419100284 x2,x3
poly_170.poly x1 899.7650208055973 x2,x3
poly_77.poly x3 899.8143009722232 x1,x2
poly_50.poly x3 899.7774166643619 x1,x2
poly_1820.poly x2 899.8176672041416 x1,x3
poly_920.poly x1 899.8234831869602 x2,x3
poly_158.poly x2 899.7747034609317 x1,x3
poly_1297.poly x1 899.8286990702152 x2,x3
poly_1251.poly x2 899.8210608541965 x1,x3
poly_456.poly x2 899.80332608819 x1,x3
poly_755.poly x1 899.8215047895908 x2,x3
poly_99.poly x1 899.8236859679222 x2,x3
poly_21.poly x1 899.8244105219841 x2,x3
poly_306.poly x1 899.8200603365898 x2,x3
poly_646.poly x3 899.8259297251701 x1,x2
poly_1859.poly x2 899.822708928585 x1,x3
poly_1621.poly x2 899.8230198264122 x1,x3
poly_1946.poly x3 899.8251841902733 x1,x2
poly_1441.poly x3 899.7724545836448 x1,x2
poly_256.poly x3 899.8299902319908 x1,x2
poly_941.poly x2 899.8229709506035 x1,x3
poly_261.poly x2 899.8234384894371 x1,x3
poly_501.poly x2 899.8249541163444 x1,x3
poly_1047.poly x3 899.8222158789634 x1,x2
poly_334.poly x1 899.8302353262901 x2,x3
poly_83.poly x2 899.8287828803062 x1,x3
poly_525.poly x3 899.8244777560234 x1,x2
poly_97.poly x2 899.829134786129 x1,x3
poly_676.poly x2 899.7765322566032 x1,x3
poly_1930.poly x2 899.772156560421 x1,x3
poly_924.poly x3 899.8174229502678 x1,x2
poly_1965.poly x3 899.830857360363 x1,x2
poly_30.poly x3 899.8292430281639 x1,x2
poly_1454.poly x3 899.8282001852989 x1,x2
poly_894.poly x1 899.7762673735618 x2,x3
poly_821.poly x2 899.8289941191673 x1,x3
poly_547.poly x2 899.8318870902061 x1,x3
poly_118.poly x1 899.8305388331413 x2,x3
poly_1915.poly x1 899.8272138476372 x2,x3
poly_473.poly x3 899.820238673687 x1,x2
poly_1332.poly x2 899.8260389208793 x1,x3
poly_15.poly x2 899.8244498610496 x1,x3
poly_315.poly x2 899.8282593131065 x1,x3
poly_288.poly x1 899.8225892424583 x2,x3
poly_1306.poly x3 899.8311441779136 x1,x2
poly_548.poly x1 899.8257246851921 x2,x3
poly_914.poly x1 899.7775832056999 x2,x3
poly_1236.poly x1 899.8287886023521 x2,x3
poly_1530.poly x1 899.8243218302727 x2,x3
poly_462.poly x2 899.8174992442131 x1,x3
poly_1142.poly x1 899.7795024752617 x2,x3
poly_638.poly x2 899.8231042444706 x1,x3
poly_1547.poly x1 899.7712372362614 x2,x3
poly_1299.poly x3 899.8293899118901 x1,x2
poly_1388.poly x3 899.8275726854802 x1,x2
poly_1092.poly x1 899.8218356192112 x2,x3
poly_790.poly x3 899.8249488890172 x1,x2
poly_1617.poly x2 899.8224998533726 x1,x3
poly_95.poly x2 899.8232420504094 x1,x3
poly_1827.poly x1 899.8191393435002 x2,x3
poly_1561.poly x1 899.824761492014 x2,x3
poly_958.poly x1 899.8152843534947 x2,x3
poly_843.poly x3 899.7755092203618 x1,x2
poly_968.poly x2 899.8235112249852 x1,x3
poly_1963.poly x1 899.8187931597233 x2,x3
poly_172.poly x2 899.8311928331852 x1,x3
poly_1501.poly x2 899.7747920572758 x1,x3
poly_847.poly x2 899.8300510466099 x1,x3
poly_907.poly x1 899.8218463480473 x2,x3
poly_1159.poly x1 899.823533397913 x2,x3
poly_1956.poly x1 899.8293953955174 x2,x3
poly_258.poly x3 899.8209789812565 x1,x2
poly_1323.poly x1 899.8243928968907 x2,x3
poly_1683.poly x3 899.826672655344 x1,x2
poly_1883.poly x2 899.8142021715641 x1,x3
poly_831.poly x3 899.8263624727726 x1,x2
poly_384.poly x3 899.8282538473607 x1,x2
poly_1699.poly x3 899.7755518972874 x1,x2
poly_1425.poly x3 899.7742854177952 x1,x2
poly_347.poly x1 899.8225928366185 x2,x3
poly_226.poly x1 899.8257766783238 x2,x3
poly_1022.poly x1 899.771083933115 x2,x3
poly_769.poly x1 899.8311077177525 x2,x3
poly_1799.poly x1 899.7712291300297 x2,x3
poly_951.poly x3 899.8140083372593 x1,x2
poly_1081.poly x1 899.8262237131596 x2,x3
poly_105.poly x2 899.8201547682286 x1,x3
poly_1586.poly x1 899.7757519304753 x2,x3
poly_1201.poly x2 899.8164413988591 x1,x3
poly_489.poly x3 899.7651098787785 x1,x2
poly_1987.poly x2 899.8214725077153 x1,x3
poly_131.poly x2 899.8275375366211 x1,x3
poly_1421.poly x2 899.827629327774 x1,x3
poly_1704.poly x3 899.8250102996826 x1,x2
poly_1572.poly x1 899.8215861320496 x2,x3
poly_808.poly x3 899.8295550346375 x1,x2
poly_952.poly x1 899.8224670886993 x2,x3
poly_1189.poly x2 899.8265745639801 x1,x3
poly_414.poly x2 899.8307573795319 x1,x3
poly_1546.poly x2 899.8229420185089 x1,x3
poly_389.poly x1 899.8217239379883 x2,x3
poly_1971.poly x2 899.7711236476898 x1,x3
poly_1892.poly x3 899.764134645462 x1,x2
poly_1173.poly x2 899.8211846351624 x1,x3
poly_1532.poly x1 899.8275647163391 x2,x3
poly_1695.poly x2 899.7573022842407 x1,x3
poly_154.poly x3 899.7655787467957 x1,x2
poly_1468.poly x1 899.8225746154785 x2,x3
poly_292.poly x3 899.8266637325287 x1,x2
poly_1298.poly x2 899.8249850273132 x1,x3
poly_1791.poly x1 899.82612657547 x2,x3
poly_1144.poly x1 899.818826675415 x2,x3
poly_1023.poly x3 899.8308866024017 x1,x2
poly_1317.poly x1 899.7705011367798 x2,x3
poly_1645.poly x2 899.8252756595612 x1,x3
poly_732.poly x3 899.8143880367279 x1,x2
poly_228.poly x3 899.8237254619598 x1,x2
poly_977.poly x3 899.825103521347 x1,x2
poly_233.poly x3 899.777420759201 x1,x2
poly_1427.poly x2 899.8258202075958 x1,x3
poly_1513.poly x2 899.7683639526367 x1,x3
poly_648.poly x3 899.8289647102356 x1,x2
poly_1853.poly x3 899.8300499916077 x1,x2
poly_1218.poly x2 899.7593762874603 x1,x3
poly_1529.poly x1 899.8271927833557 x2,x3
poly_171.poly x3 899.7572479248047 x1,x2
poly_472.poly x3 899.8216197490692 x1,x2
poly_189.poly x3 899.7782173156738 x1,x2
poly_1763.poly x1 899.8271243572235 x2,x3
poly_900.poly x1 899.8249521255493 x2,x3
poly_71.poly x2 899.8207082748413 x1,x3
poly_1413.poly x3 899.8291772305965 x1,x2
poly_1560.poly x1 899.8241189420223 x2,x3
poly_274.poly x1 899.82520160079 x2,x3
poly_1510.poly x1 899.8217419087887 x2,x3
poly_608.poly x2 899.8206509053707 x1,x3
poly_916.poly x1 899.8287714421749 x2,x3
poly_1656.poly x2 899.8294461667538 x1,x3
poly_1543.poly x2 899.766151279211 x1,x3
poly_939.poly x1 899.8252159059048 x2,x3
poly_403.poly x2 899.8153441846371 x1,x3
poly_1063.poly x1 899.8134735524654 x2,x3
poly_1577.poly x3 899.829665273428 x1,x2
poly_1962.poly x3 899.8234420716763 x1,x2
poly_737.poly x1 899.8267169892788 x2,x3
poly_691.poly x1 899.8273714482784 x2,x3
poly_1416.poly x2 899.8242743909359 x1,x3
poly_1301.poly x1 899.825608342886 x2,x3
poly_262.poly x3 899.8104406297207 x1,x2
poly_1567.poly x1 899.8312290608883 x2,x3
poly_1673.poly x3 899.826514095068 x1,x2
poly_1376.poly x1 899.7752455174923 x2,x3
poly_1453.poly x2 899.8274963796139 x1,x3
poly_187.poly x3 899.8282314240932 x1,x2
poly_1005.poly x1 899.820437759161 x2,x3
poly_486.poly x2 899.8267985284328 x1,x3
poly_610.poly x2 899.7710011899471 x1,x3
poly_514.poly x2 899.8260417878628 x1,x3
poly_460.poly x2 899.8131507337093 x1,x3
poly_1364.poly x2 899.8244207799435 x1,x3
poly_1780.poly x2 899.8318711221218 x1,x3
poly_1002.poly x1 899.7751105725765 x2,x3
poly_1067.poly x3 899.8231922090054 x1,x2
poly_1007.poly x1 899.8208111226559 x2,x3
poly_1739.poly x2 899.8291240632534 x1,x3
poly_1263.poly x2 899.8312631547451 x1,x3
poly_1790.poly x3 899.8249531686306 x1,x2
poly_1506.poly x2 899.7797752320766 x1,x3
poly_435.poly x1 899.8170910775661 x2,x3
poly_1650.poly x1 899.8210142552853 x2,x3
poly_84.poly x2 899.8164676129818 x1,x3
poly_516.poly x2 899.8204913377762 x1,x3
poly_1379.poly x3 899.8276119470596 x1,x2
poly_1045.poly x1 899.7725997209549 x2,x3
poly_1054.poly x3 899.8298859834671 x1,x2
poly_789.poly x2 899.7762315511703 x1,x3
poly_1558.poly x1 899.8303299188614 x2,x3
poly_546.poly x2 899.8267991781235 x1,x3
poly_1087.poly x1 899.8248727560043 x2,x3
poly_1773.poly x1 899.8258917570114 x2,x3
poly_132.poly x3 899.8197365045547 x1,x2
poly_590.poly x3 899.7683446645736 x1,x2
poly_816.poly x3 899.8300488233566 x1,x2
poly_192.poly x1 899.8158254861831 x2,x3
poly_794.poly x2 899.8291085004806 x1,x3
poly_853.poly x3 899.8171596765518 x1,x2
poly_1761.poly x2 899.8232665300369 x1,x3
poly_763.poly x2 899.827183508873 x1,x3
poly_852.poly x2 899.7694204092026 x1,x3
poly_1457.poly x3 899.8251590967178 x1,x2
poly_766.poly x3 899.826619887352 x1,x2
poly_246.poly x1 899.7778656721115 x2,x3
poly_268.poly x1 899.8255801439285 x2,x3
poly_1166.poly x3 899.7741563558578 x1,x2
poly_787.poly x1 899.8191988706589 x2,x3
poly_1563.poly x3 899.8305390119552 x1,x2
poly_1366.poly x1 899.8305263757705 x2,x3
poly_862.poly x2 899.8264470338821 x1,x3
poly_1424.poly x1 899.8311224222183 x2,x3
poly_1741.poly x3 899.8302226305008 x1,x2
poly_1102.poly x3 899.8303508996963 x1,x2
poly_75.poly x1 899.8261218309402 x2,x3
poly_1554.poly x3 899.8240154027939 x1,x2
poly_1947.poly x1 899.8250310659408 x2,x3
poly_335.poly x2 899.8208544492721 x1,x3
poly_937.poly x2 899.7757680654526 x1,x3
poly_264.poly x1 899.8236987829208 x2,x3
poly_1260.poly x2 899.8307709932327 x1,x3
poly_255.poly x1 899.7701087236404 x2,x3
poly_1702.poly x3 899.8223397970199 x1,x2
poly_856.poly x3 899.8184252023697 x1,x2
poly_1340.poly x2 899.7692229747772 x1,x3
poly_1723.poly x3 899.8247716426849 x1,x2
poly_267.poly x2 899.8287081718445 x1,x3
poly_1386.poly x1 899.821056842804 x2,x3
poly_1937.poly x1 899.8266413211823 x2,x3
poly_1046.poly x3 899.7677195072174 x1,x2
poly_430.poly x2 899.8192665576935 x1,x3
poly_707.poly x3 899.8216497898102 x1,x2
poly_680.poly x1 899.8210651874542 x2,x3
poly_199.poly x1 899.8270041942596 x2,x3
poly_1349.poly x3 899.8267576694489 x1,x2
poly_330.poly x3 899.8192591667175 x1,x2
poly_1097.poly x1 899.8234071731567 x2,x3
poly_1794.poly x1 899.8278431892395 x2,x3
poly_1050.poly x2 899.8290219306946 x1,x3
poly_1868.poly x2 899.8302538394928 x1,x3
poly_604.poly x1 899.7663171291351 x2,x3
poly_1860.poly x1 899.8193511962891 x2,x3
poly_1980.poly x3 899.7722301483154 x1,x2
poly_1094.poly x1 899.7692008018494 x2,x3
poly_786.poly x1 899.7599127292633 x2,x3
poly_305.poly x3 899.8245792388916 x1,x2
poly_656.poly x1 899.8231918811798 x2,x3
poly_1832.poly x3 899.8167154788971 x1,x2
poly_1817.poly x3 899.8254766464233 x1,x2
poly_1117.poly x2 899.7752232551575 x1,x3
poly_1953.poly x3 899.8234126567841 x1,x2
poly_1691.poly x2 899.7748231887817 x1,x3
poly_440.poly x3 899.830620765686 x1,x2
poly_1845.poly x2 899.8234758377075 x1,x3
poly_1697.poly x1 899.8147838115692 x2,x3
poly_1549.poly x1 899.8264627456665 x2,x3
poly_1354.poly x2 899.8298749923706 x1,x3
poly_1086.poly x1 899.7690172195435 x2,x3
poly_1382.poly x1 899.8279478549957 x2,x3
poly_1747.poly x1 899.8275516033173 x2,x3
poly_782.poly x3 899.7744448184967 x1,x2
poly_1220.poly x2 899.8182215690613 x1,x3
poly_210.poly x3 899.8123989105225 x1,x2
poly_377.poly x1 899.814982175827 x2,x3
poly_1043.poly x2 899.7217861652374 x1,x3
poly_399.poly x1 899.8303331375122 x2,x3
poly_1835.poly x3 899.8304273128509 x1,x2
poly_860.poly x3 899.7642675876617 x1,x2
poly_567.poly x2 899.7727195262909 x1,x3
poly_337.poly x1 899.7812096118927 x2,x3
poly_1777.poly x2 899.8183037281036 x1,x3
poly_1176.poly x1 899.8221951961517 x2,x3
poly_518.poly x2 899.8156908988952 x1,x3
poly_1428.poly x1 899.8203016757965 x2,x3
poly_234.poly x3 899.8268515110016 x1,x2
poly_624.poly x3 899.8246361255646 x1,x2
poly_1287.poly x3 899.8251477718353 x1,x2
poly_1847.poly x2 899.8218871593475 x1,x3
poly_455.poly x1 899.8300363063812 x2,x3
poly_508.poly x1 899.8256160259247 x2,x3
poly_1115.poly x1 899.8267661571502 x2,x3
poly_44.poly x2 899.8138743877411 x1,x3
poly_78.poly x2 899.8227881431579 x1,x3
poly_558.poly x2 899.7787622451782 x1,x3
poly_424.poly x2 899.8291296005249 x1,x3
poly_1345.poly x2 899.8179277420044 x1,x3
poly_9.poly x3 899.7713178634643 x1,x2
poly_1973.poly x1 899.8270462989807 x2,x3
poly_580.poly x3 899.8135086536407 x1,x2
poly_1805.poly x1 899.8272661209106 x2,x3
poly_368.poly x1 899.823730134964 x2,x3
poly_1895.poly x2 899.7784575462341 x1,x3
poly_660.poly x2 899.8227478504181 x1,x3
poly_1687.poly x1 899.7638889789581 x2,x3
poly_468.poly x1 899.7809835910797 x2,x3
poly_602.poly x2 899.8242010116577 x1,x3
poly_526.poly x2 899.8283735752105 x1,x3
poly_528.poly x2 899.8249405860901 x1,x3
poly_166.poly x3 899.8236462116241 x1,x2
poly_938.poly x3 899.8240338802337 x1,x2
poly_1641.poly x1 899.7651037216186 x2,x3
poly_594.poly x2 899.8310727119446 x1,x3
poly_1575.poly x1 899.8231286048889 x2,x3
poly_1375.poly x1 899.7680069446563 x2,x3
poly_1262.poly x3 899.8284195542335 x1,x2
poly_1629.poly x1 899.7653807282447 x2,x3
poly_1293.poly x1 899.767812359333 x2,x3
poly_1969.poly x3 899.7764831662178 x1,x2
poly_1951.poly x3 899.7620659947395 x1,x2
poly_620.poly x3 899.8271359086036 x1,x2
poly_1101.poly x3 899.8293744206428 x1,x2
poly_1928.poly x3 899.8232194066047 x1,x2
poly_53.poly x3 899.8260058045387 x1,x2
poly_1596.poly x3 899.7726975560188 x1,x2
poly_829.poly x3 899.8228231549263 x1,x2
poly_1637.poly x2 899.8221591591835 x1,x3
poly_1796.poly x1 899.8284138321876 x2,x3
poly_1215.poly x1 899.8292473435401 x2,x3
poly_89.poly x3 899.8181289315223 x1,x2
poly_715.poly x3 899.8264609456062 x1,x2
poly_159.poly x2 899.8192862153053 x1,x3
poly_618.poly x2 899.8301995873451 x1,x3
poly_1403.poly x1 899.8207145810127 x2,x3
poly_1065.poly x3 899.7802568554878 x1,x2
poly_1126.poly x3 899.8211687684059 x1,x2
poly_1450.poly x2 899.8237165093421 x1,x3
poly_1670.poly x1 899.8242057442665 x2,x3
poly_1158.poly x2 899.8247827172279 x1,x3
poly_1337.poly x3 899.8255191922187 x1,x2
poly_971.poly x3 899.8201049447059 x1,x2
poly_1288.poly x1 899.8245297551155 x2,x3
poly_825.poly x2 899.780133831501 x1,x3
poly_893.poly x3 899.8147615075111 x1,x2
poly_73.poly x1 899.7752324223518 x2,x3
poly_393.poly x1 899.8133548378944 x2,x3
poly_1638.poly x2 899.8233073830604 x1,x3
poly_1206.poly x1 899.8306542515754 x2,x3
poly_838.poly x1 899.7776337742805 x2,x3
poly_1335.poly x3 899.8234382748603 x1,x2
poly_644.poly x1 899.8276442170143 x2,x3
poly_104.poly x1 899.8230775475502 x2,x3
poly_37.poly x1 899.776929962635 x2,x3
poly_491.poly x3 899.829506266117 x1,x2
poly_1187.poly x2 899.7257236123085 x1,x3
poly_1652.poly x1 899.8208417654038 x2,x3
poly_216.poly x3 899.7777549982071 x1,x2
poly_42.poly x2 899.8169162034989 x1,x3
poly_717.poly x3 899.8216800451279 x1,x2
poly_962.poly x1 899.8270897626877 x2,x3
poly_1331.poly x1 899.7690386533737 x2,x3
poly_991.poly x2 899.8244933843613 x1,x3
poly_494.poly x3 899.8275394201279 x1,x2
poly_1473.poly x3 899.8234410047531 x1,x2
poly_1642.poly x1 899.7667107343674 x2,x3
poly_768.poly x2 899.820850110054 x1,x3
poly_149.poly x2 899.7268793344498 x1,x3
poly_1955.poly x2 899.7722499132157 x1,x3
poly_1996.poly x1 899.8305737733841 x2,x3
poly_834.poly x1 899.8279626131058 x2,x3
poly_186.poly x2 899.8257717847824 x1,x3
poly_1538.poly x2 899.8199178934098 x1,x3
poly_1018.poly x3 899.8176405191422 x1,x2
poly_585.poly x3 899.8297743558884 x1,x2
poly_675.poly x1 899.8304533720017 x2,x3
poly_872.poly x1 899.828914141655 x2,x3
poly_225.poly x3 899.8193561792374 x1,x2
poly_1374.poly x3 899.8230924367905 x1,x2
poly_431.poly x2 899.8141634225846 x1,x3
poly_1775.poly x2 899.7741636991501 x1,x3
poly_144.poly x1 899.8238074541092 x2,x3
poly_791.poly x1 899.8197836637497 x2,x3
poly_1304.poly x3 899.8263413667679 x1,x2
poly_1891.poly x1 899.8262529134751 x2,x3
poly_438.poly x3 899.7748772859574 x1,x2
poly_125.poly x2 899.8258013486862 x1,x3
poly_979.poly x2 899.8198230028153 x1,x3
poly_484.poly x2 899.7236408948899 x1,x3
poly_1815.poly x1 899.8262202501297 x2,x3
poly_141.poly x2 899.8294207811356 x1,x3
poly_1509.poly x2 899.8199474573136 x1,x3
poly_639.poly x1 899.8173601388932 x2,x3
poly_927.poly x2 899.7611098051071 x1,x3
poly_1077.poly x1 899.8225674390793 x2,x3
poly_783.poly x2 899.8296611070633 x1,x3
poly_1064.poly x2 899.822762209177 x1,x3
poly_905.poly x3 899.830720859766 x1,x2
poly_362.poly x3 899.8224105417728 x1,x2
poly_470.poly x2 899.8269338190555 x1,x3
poly_1626.poly x1 899.830720859766 x2,x3
poly_1678.poly x3 899.7729901850223 x1,x2
poly_200.poly x1 899.8236202776432 x2,x3
poly_788.poly x3 899.8224603712558 x1,x2
poly_276.poly x2 899.7606889784336 x1,x3
poly_439.poly x3 899.868675905466 x1,x2
poly_1619.poly x2 899.82330031991 x1,x3
poly_668.poly x3 899.8223349630832 x1,x2
poly_906.poly x3 899.8221282541751 x1,x2
poly_467.poly x2 899.8286320745945 x1,x3
poly_1810.poly x2 899.7742938578128 x1,x3
poly_1471.poly x3 899.8213450491428 x1,x2
poly_848.poly x3 899.824639993906 x1,x2
poly_762.poly x2 899.8238515436649 x1,x3
poly_1525.poly x3 899.8237123072147 x1,x2
poly_1863.poly x1 899.8259636938571 x2,x3
poly_1906.poly x2 899.8306808054447 x1,x3
poly_1156.poly x1 899.82782741189 x2,x3
poly_1390.poly x2 899.8312067568302 x1,x3
poly_643.poly x1 899.777614313364 x2,x3
poly_535.poly x2 899.8226112902164 x1,x3
poly_1806.poly x2 899.8208529531955 x1,x3
poly_1059.poly x1 899.8110785067081 x2,x3
poly_1380.poly x1 899.8294572412967 x2,x3
poly_103.poly x1 899.8266250669956 x2,x3
poly_1268.poly x1 899.8279785692691 x2,x3
poly_665.poly x3 899.825180965662 x1,x2
poly_689.poly x1 899.7667054712772 x2,x3
poly_80.poly x1 899.8231956541538 x2,x3
poly_1367.poly x1 899.7758194983005 x2,x3
poly_1568.poly x1 899.8123607218265 x2,x3
poly_1435.poly x3 899.8242346823215 x1,x2
poly_1443.poly x3 899.8223459303379 x1,x2
poly_1024.poly x2 899.8177513659 x1,x3
poly_609.poly x1 899.8242008268833 x2,x3
poly_511.poly x1 899.8330289900302 x2,x3
poly_1209.poly x1 899.8113190472126 x2,x3
poly_451.poly x1 899.8200690090656 x2,x3
poly_963.poly x2 899.7752880394459 x1,x3
poly_469.poly x1 899.7682840168476 x2,x3
poly_595.poly x2 899.8236693680286 x1,x3
poly_698.poly x2 899.7644407093525 x1,x3
poly_592.poly x2 899.8217648804188 x1,x3
poly_1541.poly x1 899.7753538429737 x2,x3
poly_746.poly x2 899.8174080193043 x1,x3
poly_1056.poly x1 899.8267981350422 x2,x3
poly_806.poly x2 899.8293539822101 x1,x3
poly_1311.poly x2 899.7727093040943 x1,x3
poly_1183.poly x2 899.8296710789203 x1,x3
poly_1950.poly x3 899.8277766048908 x1,x2
poly_1887.poly x3 899.7658144772053 x1,x2
poly_352.poly x1 899.8193239510059 x2,x3
poly_818.poly x1 899.8187231361866 x2,x3
poly_910.poly x3 899.7676061928272 x1,x2
poly_108.poly x3 899.7811738789081 x1,x2
poly_1084.poly x3 899.8253912270069 x1,x2
poly_892.poly x1 899.8173445999622 x2,x3
poly_1363.poly x1 899.8207208454609 x2,x3
poly_617.poly x3 899.8163179695606 x1,x2
poly_265.poly x1 899.8273569881916 x2,x3
poly_1720.poly x1 899.8258072674274 x2,x3
poly_1139.poly x3 899.8148764908314 x1,x2
poly_1889.poly x1 899.8116432964802 x2,x3
poly_1307.poly x3 899.7664095699787 x1,x2
poly_1280.poly x3 899.8277339279651 x1,x2
poly_1014.poly x3 899.823354178667 x1,x2
poly_1569.poly x3 899.7739137947559 x1,x2
poly_1676.poly x1 899.8315641224384 x2,x3
poly_1136.poly x3 899.7726654350757 x1,x2
poly_1197.poly x2 899.7673410713672 x1,x3
poly_135.poly x2 899.8233169853687 x1,x3
poly_388.poly x2 899.8302249252796 x1,x3
poly_674.poly x2 899.8265389740467 x1,x3
poly_858.poly x1 899.8306497871876 x2,x3
poly_556.poly x2 899.8212355911731 x1,x3
poly_1482.poly x3 899.8215965569019 x1,x2
poly_1271.poly x1 899.8237457096577 x2,x3
poly_1320.poly x3 899.8235211193562 x1,x2
poly_1693.poly x1 899.8251948177815 x2,x3
poly_1423.poly x3 899.8229260265828 x1,x2
poly_1467.poly x1 899.8273277103901 x2,x3
poly_1009.poly x2 899.8250565350056 x1,x3
poly_259.poly x2 899.8292858421803 x1,x3
poly_250.poly x2 899.8249113380909 x1,x3
poly_1261.poly x1 899.7704458057881 x2,x3
poly_606.poly x3 899.8244824230671 x1,x2
poly_633.poly x2 899.8321142017842 x1,x3
poly_1943.poly x3 899.8264193356038 x1,x2
poly_1526.poly x3 899.7757785141469 x1,x2
poly_1992.poly x3 899.8307232677937 x1,x2
poly_678.poly x3 899.832130175829 x1,x2
poly_1339.poly x3 899.8179642975331 x1,x2
poly_738.poly x3 899.8193847954274 x1,x2
poly_1193.poly x3 899.7583308041096 x1,x2
poly_728.poly x1 899.7708332359791 x2,x3
poly_1188.poly x1 899.8300182640553 x2,x3
poly_142.poly x1 899.81684897542 x2,x3
poly_1624.poly x3 899.8218593418599 x1,x2
poly_1841.poly x2 899.8289484798909 x1,x3
poly_631.poly x3 899.8297896206379 x1,x2
poly_1171.poly x2 899.8246350109578 x1,x3
poly_378.poly x2 899.8221530735493 x1,x3
poly_1250.poly x1 899.819621783495 x2,x3
poly_1555.poly x3 899.8318528950215 x1,x2
poly_27.poly x2 899.7737242996693 x1,x3
poly_401.poly x2 899.8287193596364 x1,x3
poly_283.poly x1 899.8287119686604 x2,x3
poly_885.poly x2 899.8102853119374 x1,x3
poly_998.poly x1 899.7790374577046 x2,x3
poly_1305.poly x1 899.8174419224263 x2,x3
poly_1585.poly x2 899.7762753784657 x1,x3
poly_134.poly x2 899.7681524574757 x1,x3
poly_1342.poly x1 899.7741172134877 x2,x3
poly_1486.poly x2 899.827160102129 x1,x3
poly_630.poly x3 899.825476628542 x1,x2
poly_1933.poly x3 899.7680036842823 x1,x2
poly_434.poly x1 899.8192151486874 x2,x3
poly_529.poly x1 899.8204160630703 x2,x3
poly_476.poly x3 899.8309894502163 x1,x2
poly_379.poly x2 899.7649618089199 x1,x3
poly_1190.poly x3 899.7756193578243 x1,x2
poly_498.poly x1 899.772408336401 x2,x3
poly_1660.poly x1 899.8182006776333 x2,x3
poly_86.poly x3 899.806509822607 x1,x2
poly_253.poly x2 899.8230613172054 x1,x3
poly_1562.poly x2 899.8153956830502 x1,x3
poly_1381.poly x3 899.8211522996426 x1,x2
poly_2.poly x2 899.827878087759 x1,x3
poly_1296.poly x2 899.7714575231075 x1,x3
poly_1147.poly x3 899.7643557488918 x1,x2
poly_463.poly x2 899.773781388998 x1,x3
poly_1907.poly x2 899.7768591344357 x1,x3
poly_557.poly x3 899.8234642446041 x1,x2
poly_1839.poly x2 899.7734385430813 x1,x3
poly_1814.poly x2 899.7750974595547 x1,x3
poly_140.poly x2 899.8285416066647 x1,x3
poly_1132.poly x2 899.8260489404202 x1,x3
poly_1224.poly x2 899.8255272805691 x1,x3
poly_289.poly x2 899.8312858045101 x1,x3
poly_1127.poly x3 899.7655435502529 x1,x2
poly_563.poly x3 899.8203800618649 x1,x2
poly_251.poly x2 899.81392750144 x1,x3
poly_1035.poly x1 899.7746661603451 x2,x3
poly_1783.poly x1 899.8185540139675 x2,x3
poly_803.poly x2 899.7727726399899 x1,x3
poly_101.poly x3 899.7632583081722 x1,x2
poly_1599.poly x2 899.7735651433468 x1,x3
poly_373.poly x2 899.8239005506039 x1,x3
poly_175.poly x1 899.8305557668209 x2,x3
poly_1539.poly x1 899.7685061395168 x2,x3
poly_1088.poly x1 899.7750054299831 x2,x3
poly_1507.poly x2 899.7681697309017 x1,x3
poly_652.poly x2 899.7786107957363 x1,x3
poly_1039.poly x3 899.7758058011532 x1,x2
poly_1422.poly x3 899.8218038976192 x1,x2
poly_277.poly x3 899.829911082983 x1,x2
poly_949.poly x3 899.8197301506996 x1,x2
poly_1787.poly x1 899.8098229050636 x2,x3
poly_1607.poly x1 899.8194333195686 x2,x3
poly_1710.poly x3 899.817797768116 x1,x2
poly_217.poly x2 899.8156815648078 x1,x3
poly_1671.poly x3 899.8249250531196 x1,x2
poly_63.poly x3 899.7739635586738 x1,x2
poly_405.poly x2 899.8273862481117 x1,x3
poly_869.poly x3 899.8287416577339 x1,x2
poly_519.poly x2 899.8172737240791 x1,x3
poly_35.poly x2 899.8230236649513 x1,x3
poly_983.poly x1 899.8155842900276 x2,x3
poly_1048.poly x3 899.7723494648933 x1,x2
poly_499.poly x2 899.7785357117652 x1,x3
poly_868.poly x3 899.8127821564674 x1,x2
poly_282.poly x1 899.7627974629402 x2,x3
poly_954.poly x1 899.8256848931312 x2,x3
poly_1730.poly x2 899.8181270241737 x1,x3
poly_272.poly x1 899.8285204052925 x2,x3
poly_564.poly x2 899.8266783833503 x1,x3
poly_311.poly x2 899.8290129780769 x1,x3
poly_1893.poly x1 899.8182533860206 x2,x3
poly_890.poly x1 899.8199339985847 x2,x3
poly_437.poly x3 899.8200043320655 x1,x2
poly_428.poly x1 899.8727322697639 x2,x3
poly_772.poly x1 899.8255497097969 x2,x3
poly_1113.poly x2 899.8286889672279 x1,x3
poly_599.poly x2 899.8319197773933 x1,x3
poly_1458.poly x1 899.8276649594306 x2,x3
poly_137.poly x2 899.8256307721138 x1,x3
poly_1400.poly x1 899.8204764008522 x2,x3
poly_1030.poly x2 899.8138476490974 x1,x3
poly_1169.poly x2 899.7732170701026 x1,x3
poly_1419.poly x3 899.8319347977638 x1,x2
poly_458.poly x1 899.8207892060279 x2,x3
poly_1758.poly x3 899.8256493687629 x1,x2
poly_915.poly x1 899.8280218720436 x2,x3
poly_436.poly x1 899.819999563694 x2,x3
poly_1026.poly x3 899.8304477810859 x1,x2
poly_219.poly x3 899.8314334034919 x1,x2
poly_333.poly x2 899.8293859779835 x1,x3
poly_1016.poly x3 899.823440772295 x1,x2
poly_1994.poly x2 899.8275651752949 x1,x3
poly_374.poly x2 899.8159437000752 x1,x3
poly_130.poly x3 899.7659966766835 x1,x2
poly_1760.poly x2 899.774547559023 x1,x3
poly_667.poly x1 899.8159754097462 x2,x3
poly_1355.poly x3 899.8209919750691 x1,x2
poly_1664.poly x3 899.8250009834767 x1,x2
poly_209.poly x1 899.8275325119496 x2,x3
poly_901.poly x1 899.8150925457478 x2,x3
poly_116.poly x2 899.8134009659291 x1,x3
poly_1434.poly x1 899.7665347874165 x2,x3
poly_704.poly x3 899.8300800144673 x1,x2
poly_1455.poly x1 899.823204022646 x2,x3
poly_820.poly x2 899.8294923126698 x1,x3
poly_151.poly x2 899.823320132494 x1,x3
poly_1051.poly x3 899.8257884800435 x1,x2
poly_1072.poly x1 899.8276028454304 x2,x3
poly_404.poly x2 899.8224842369557 x1,x3
poly_1496.poly x2 899.7725789368153 x1,x3
poly_1429.poly x3 899.8132681667805 x1,x2
poly_757.poly x1 899.8254890263081 x2,x3
poly_76.poly x2 899.8173947155476 x1,x3
poly_1161.poly x2 899.826022130251 x1,x3
poly_357.poly x2 899.8292341053486 x1,x3
poly_1724.poly x2 899.831013661623 x1,x3
poly_1258.poly x2 899.8231806576252 x1,x3
poly_1707.poly x2 899.7748009979725 x1,x3
poly_204.poly x3 899.8262111961842 x1,x2
poly_1786.poly x2 899.8302357017994 x1,x3
poly_895.poly x3 899.8238115131855 x1,x2
poly_364.poly x3 899.8244244873524 x1,x2
poly_1898.poly x1 899.8256168186665 x2,x3
poly_933.poly x2 899.8248274147511 x1,x3
poly_61.poly x2 899.8156966984272 x1,x3
poly_1941.poly x2 899.8171856224537 x1,x3
poly_1226.poly x1 899.8289060413838 x2,x3
poly_551.poly x3 899.8279785931111 x1,x2
poly_111.poly x2 899.771165829897 x1,x3
poly_1104.poly x2 899.7789952337741 x1,x3
poly_39.poly x1 899.8187758505344 x2,x3
poly_1722.poly x3 899.8220576822757 x1,x2
poly_550.poly x2 899.8225745737552 x1,x3
poly_1782.poly x2 899.8231811106205 x1,x3
poly_1257.poly x3 899.8167066156864 x1,x2
poly_1527.poly x3 899.8242001116275 x1,x2
poly_1281.poly x2 899.8071243345737 x1,x3
poly_338.poly x3 899.7697035849094 x1,x2
poly_1003.poly x2 899.8199266970157 x1,x3
poly_278.poly x3 899.8175937712192 x1,x2
poly_1867.poly x1 899.8315295755863 x2,x3
poly_1378.poly x3 899.827364641428 x1,x2
poly_65.poly x2 899.7728144705295 x1,x3
poly_1029.poly x2 899.8238343775272 x1,x3
poly_126.poly x3 899.8175766050815 x1,x2
poly_613.poly x2 899.7719571173191 x1,x3
poly_988.poly x1 899.7236926138401 x2,x3
poly_1410.poly x3 899.8284167826175 x1,x2
poly_1646.poly x1 899.7759522974491 x2,x3
poly_1551.poly x2 899.8237301886081 x1,x3
poly_703.poly x2 899.8215128958225 x1,x3
poly_360.poly x2 899.7799543917179 x1,x3
poly_1321.poly x3 899.8252555906772 x1,x2
poly_555.poly x1 899.8261074602603 x2,x3
poly_1414.poly x2 899.8237752497196 x1,x3
poly_1665.poly x2 899.8209051668643 x1,x3
poly_658.poly x3 899.8310882627964 x1,x2
poly_1592.poly x2 899.829581695795 x1,x3
poly_45.poly x2 899.7783042967319 x1,x3
poly_1408.poly x2 899.8252930223941 x1,x3
poly_832.poly x2 899.8274421274662 x1,x3
poly_722.poly x2 899.8306054651737 x1,x3
poly_243.poly x1 899.7720300734043 x2,x3
poly_1481.poly x1 899.8206295549869 x2,x3
poly_1291.poly x3 899.8290369093418 x1,x2
poly_1765.poly x1 899.8303017199039 x2,x3
poly_1948.poly x2 899.8284740030765 x1,x3
poly_636.poly x1 899.8245725214481 x2,x3
poly_1974.poly x3 899.8240868628025 x1,x2
poly_1762.poly x2 899.8291546165943 x1,x3
poly_760.poly x3 899.7737783253193 x1,x2
poly_589.poly x1 899.8285118401051 x2,x3
poly_1818.poly x3 899.825927144289 x1,x2
poly_623.poly x2 899.8242267429829 x1,x3
poly_1921.poly x2 899.8264759838581 x1,x3
poly_12.poly x3 899.8269094288349 x1,x2
poly_679.poly x3 899.8246814072132 x1,x2
poly_1042.poly x1 899.7772404015064 x2,x3
poly_1004.poly x2 899.8268734276295 x1,x3
poly_1246.poly x2 899.8167542278767 x1,x3
poly_1612.poly x2 899.8243521511555 x1,x3
poly_1432.poly x1 899.811503058672 x2,x3
poly_1954.poly x1 899.8283475697041 x2,x3
poly_244.poly x2 899.8268815338612 x1,x3
poly_129.poly x1 899.7712684929371 x2,x3
poly_1518.poly x3 899.8218387424946 x1,x2
poly_1982.poly x3 899.775502806902 x1,x2
poly_1511.poly x1 899.8139523327351 x2,x3
poly_686.poly x1 899.8238164246083 x2,x3
poly_1807.poly x2 899.8287767231465 x1,x3
poly_522.poly x2 899.821677094698 x1,x3
poly_515.poly x2 899.7705081760884 x1,x3
poly_1478.poly x2 899.7633491814137 x1,x3
poly_1744.poly x3 899.7769872009754 x1,x2
poly_1705.poly x3 899.8187981903553 x1,x2
poly_812.poly x3 899.822215205431 x1,x2
poly_173.poly x3 899.8225945293904 x1,x2
poly_1653.poly x3 899.7734116375447 x1,x2
poly_461.poly x3 899.8208764851094 x1,x2
poly_627.poly x1 899.8282817661762 x2,x3
poly_85.poly x3 899.8218671143055 x1,x2
poly_161.poly x3 899.7754396259785 x1,x2
poly_663.poly x3 899.8283711731434 x1,x2
poly_346.poly x3 899.772611027956 x1,x2
poly_34.poly x2 899.8131085693836 x1,x3
poly_1248.poly x3 899.8282910645008 x1,x2
poly_1060.poly x1 899.8243311703205 x2,x3
poly_922.poly x3 899.8226903736592 x1,x2
poly_1878.poly x3 899.8171674072743 x1,x2
poly_1227.poly x1 899.818424320221 x2,x3
poly_69.poly x3 899.8243528366089 x1,x2
poly_1550.poly x1 899.823692893982 x2,x3
poly_67.poly x2 899.8147223949433 x1,x3
poly_822.poly x2 899.8229104042053 x1,x3
poly_651.poly x1 899.7773114204407 x2,x3
poly_495.poly x3 899.7742799282074 x1,x2
poly_1901.poly x1 899.763195848465 x2,x3
poly_1873.poly x3 899.8122449874878 x1,x2
poly_600.poly x1 899.8258327007294 x2,x3
poly_1112.poly x3 899.8244164943695 x1,x2
poly_68.poly x1 899.8173824310303 x2,x3
poly_1212.poly x2 899.8207458019257 x1,x3
poly_394.poly x2 899.7753125190735 x1,x3
poly_975.poly x2 899.7790401935578 x1,x3
poly_1076.poly x2 899.7703848838806 x1,x3
poly_876.poly x3 899.8316510677338 x1,x2
poly_844.poly x2 899.8314796447754 x1,x3
poly_1351.poly x1 899.8328808307648 x2,x3
poly_214.poly x3 899.7723334789276 x1,x2
poly_1659.poly x3 899.8245116233826 x1,x2
poly_41.poly x3 899.7715269088745 x1,x2
poly_1715.poly x1 899.8242231369019 x2,x3
poly_1811.poly x1 899.8117486000061 x2,x3
poly_1034.poly x1 899.7669373512268 x2,x3
poly_1537.poly x3 899.8290596961975 x1,x2
poly_506.poly x2 899.7695296764374 x1,x3
poly_1325.poly x1 899.76752409935 x2,x3
poly_729.poly x2 899.8235865592957 x1,x3
poly_1358.poly x2 899.830617761612 x1,x3
poly_545.poly x3 899.8232737541199 x1,x2
poly_1180.poly x3 899.8281293869019 x1,x2
poly_1106.poly x2 899.8273123264313 x1,x3
poly_1855.poly x1 899.8223522663117 x2,x3
poly_896.poly x2 899.8161920070648 x1,x3
poly_18.poly x3 899.8206528186798 x1,x2
poly_880.poly x2 899.8207894325257 x1,x3
poly_1882.poly x1 899.7702852249146 x2,x3
poly_802.poly x1 899.8178437709809 x2,x3
poly_459.poly x1 899.8197031974793 x2,x3
poly_310.poly x3 899.8276416838169 x1,x2
poly_1985.poly x1 899.8197025835514 x2,x3
poly_575.poly x2 899.8235876142978 x1,x3
poly_1075.poly x2 899.7772128164768 x1,x3
poly_765.poly x3 899.8311197340488 x1,x2
poly_400.poly x2 899.8208355486393 x1,x3
poly_496.poly x3 899.8278371870517 x1,x2
poly_1274.poly x1 899.7751853048801 x2,x3
poly_1393.poly x2 899.7705549776554 x1,x3
poly_385.poly x3 899.828814703226 x1,x2
poly_861.poly x1 899.8249864161014 x2,x3
poly_1326.poly x1 899.7713124334812 x2,x3
poly_408.poly x3 899.8224947035312 x1,x2
poly_1913.poly x1 899.8308989584445 x2,x3
poly_1464.poly x1 899.8177363455295 x2,x3
poly_565.poly x3 899.7693001806736 x1,x2
poly_1385.poly x3 899.8267721712589 x1,x2
poly_804.poly x3 899.8191172659397 x1,x2
poly_1688.poly x3 899.7776813089847 x1,x2
poly_1657.poly x3 899.7721621572971 x1,x2
poly_1015.poly x3 899.8194291174411 x1,x2
poly_1500.poly x1 899.7773916304111 x2,x3
poly_1725.poly x1 899.7236623346805 x2,x3
poly_1647.poly x1 899.8169598162174 x2,x3
poly_1152.poly x2 899.7800366461277 x1,x3
poly_1828.poly x1 899.8231191217899 x2,x3
poly_60.poly x1 899.8284098684787 x2,x3
poly_150.poly x2 899.8200349390506 x1,x3
poly_51.poly x3 899.8196241438388 x1,x2
poly_513.poly x1 899.724919039011 x2,x3
poly_1145.poly x2 899.7677599966526 x1,x3
poly_1696.poly x2 899.8222145617008 x1,x3
poly_321.poly x3 899.8267213881015 x1,x2
poly_827.poly x3 899.8144435465335 x1,x2
poly_1395.poly x1 899.8285164415836 x2,x3
poly_543.poly x1 899.8293139517307 x2,x3
poly_1233.poly x3 899.8232647955417 x1,x2
poly_445.poly x1 899.8251914560794 x2,x3
poly_781.poly x2 899.8236667692661 x1,x3
poly_1862.poly x3 899.8228532850742 x1,x2
poly_1774.poly x3 899.8212468743325 x1,x2
poly_561.poly x1 899.8254101395607 x2,x3
poly_332.poly x3 899.7593653321267 x1,x2
poly_1576.poly x1 899.813517343998 x2,x3
poly_775.poly x3 899.7240629315377 x1,x2
poly_619.poly x2 899.8161103844643 x1,x3
poly_1237.poly x1 899.824147951603 x2,x3
poly_576.poly x1 899.8255672574044 x2,x3
poly_1772.poly x1 899.760299217701 x2,x3
poly_1634.poly x1 899.7721974968911 x2,x3
poly_1559.poly x2 899.823100578785 x1,x3
poly_673.poly x1 899.8228743195534 x2,x3
poly_1682.poly x2 899.8285217404366 x1,x3
poly_605.poly x2 899.83155823946 x1,x3
poly_1240.poly x1 899.8208329796792 x2,x3
poly_169.poly x1 899.8178179383278 x2,x3
poly_741.poly x2 899.8225388646126 x1,x3
poly_1721.poly x2 899.829568874836 x1,x3
poly_0.poly x2 899.8302800774575 x1,x3
poly_475.poly x3 899.8203747391701 x1,x2
poly_934.poly x1 899.7656149983407 x2,x3
poly_611.poly x2 899.8287725567818 x1,x3
poly_74.poly x1 899.7704720616341 x2,x3
poly_1897.poly x2 899.8239348053933 x1,x3
poly_552.poly x2 899.769977581501 x1,x3
poly_1545.poly x1 899.7662408471108 x2,x3
poly_208.poly x2 899.8132085919381 x1,x3
poly_287.poly x3 899.8212385296822 x1,x2
poly_1988.poly x2 899.8271880269051 x1,x3
poly_1456.poly x2 899.8288476586342 x1,x3
poly_123.poly x2 899.7722668766976 x1,x3
poly_1182.poly x2 899.7723562836647 x1,x3
poly_1242.poly x3 899.823821079731 x1,x2
poly_1703.poly x1 899.8227362751961 x2,x3
poly_1932.poly x3 899.7728519558907 x1,x2
poly_694.poly x3 899.8226702332497 x1,x2
poly_1040.poly x3 899.8293492913247 x1,x2
poly_361.poly x1 899.7787990689278 x2,x3
poly_4.poly x1 899.8246028542519 x2,x3
poly_33.poly x1 899.821555864811 x2,x3
poly_487.poly x1 899.8291699886322 x2,x3
poly_1542.poly x2 899.8289778232574 x1,x3
poly_54.poly x3 899.7709493637085 x1,x2
poly_308.poly x2 899.8216769695282 x1,x3
poly_433.poly x1 899.8291676044464 x2,x3
poly_1445.poly x2 899.7762637138367 x1,x3
poly_342.poly x3 899.7698061466217 x1,x2
poly_622.poly x3 899.8224983215332 x1,x2
poly_239.poly x1 899.8275849819183 x2,x3
poly_1219.poly x2 899.770302772522 x1,x3
poly_1544.poly x2 899.823652267456 x1,x3
poly_322.poly x3 899.7800612449646 x1,x2
poly_754.poly x2 899.8202373981476 x1,x3
poly_1488.poly x1 899.7658474445343 x2,x3
poly_207.poly x2 899.8210413455963 x1,x3
poly_1793.poly x3 899.8214557170868 x1,x2
poly_1970.poly x2 899.8257267475128 x1,x3
poly_1392.poly x2 899.8257007598877 x1,x3
poly_1239.poly x3 899.8253264427185 x1,x2
poly_3.poly x2 899.8219437599182 x1,x3
poly_815.poly x1 899.8270812034607 x2,x3
poly_731.poly x1 899.8242499828339 x2,x3
poly_1160.poly x3 899.7750062942505 x1,x2
poly_1884.poly x2 899.8254227638245 x1,x3
poly_928.poly x1 899.8267543315887 x2,x3
poly_1123.poly x3 899.768651008606 x1,x2
poly_1984.poly x3 899.8219838142395 x1,x2
poly_350.poly x1 899.7745587825775 x2,x3
poly_441.poly x1 899.805522441864 x2,x3
poly_1831.poly x1 899.8278248310089 x2,x3
poly_562.poly x1 899.8298742771149 x2,x3
poly_1041.poly x3 899.8276700973511 x1,x2
poly_586.poly x3 899.8199422359467 x1,x2
poly_1536.poly x3 899.813633441925 x1,x2
poly_1821.poly x2 899.8250801563263 x1,x3
poly_1373.poly x1 899.8208785057068 x2,x3
poly_24.poly x1 899.82590675354 x2,x3
poly_1874.poly x2 899.8294868469238 x1,x3
poly_532.poly x3 899.816831111908 x1,x2
poly_830.poly x1 899.8309636116028 x2,x3
poly_1636.poly x3 899.8315010249614 x1,x2
poly_632.poly x3 899.8213343799114 x1,x2
poly_25.poly x3 899.8182788074016 x1,x2
poly_147.poly x2 899.8259556472301 x1,x3
poly_1316.poly x2 899.8303919017314 x1,x3
poly_1185.poly x1 899.7709138572216 x2,x3
poly_1116.poly x1 899.8255725085735 x2,x3
poly_339.poly x2 899.8222453773021 x1,x3
poly_735.poly x1 899.8307061374187 x2,x3
poly_1270.poly x3 899.7782409369945 x1,x2
poly_534.poly x1 899.7722494781017 x2,x3
poly_1146.poly x2 899.8251948535442 x1,x3
poly_1078.poly x2 899.8248241126537 x1,x3
poly_230.poly x1 899.8241431891918 x2,x3
poly_1580.poly x2 899.827096003294 x1,x3
poly_1899.poly x1 899.7674110114574 x2,x3
poly_1922.poly x2 899.8292329490184 x1,x3
poly_1961.poly x1 899.8284449756145 x2,x3
poly_1966.poly x1 899.8143730342388 x2,x3
poly_1211.poly x2 899.7637012183666 x1,x3
poly_730.poly x2 899.8050673186779 x1,x3
poly_1609.poly x3 899.7673783481121 x1,x2
poly_43.poly x3 899.8213925540447 x1,x2
poly_252.poly x3 899.8270552337169 x1,x2
poly_997.poly x2 899.7800407588481 x1,x3
poly_62.poly x3 899.8257754027843 x1,x2
poly_999.poly x2 899.81787468791 x1,x3
poly_1437.poly x3 899.8250210464 x1,x2
poly_1213.poly x3 899.8250439345836 x1,x2
poly_1460.poly x2 899.8276257693767 x1,x3
poly_637.poly x3 899.8304627120494 x1,x2
poly_601.poly x2 899.8154285132885 x1,x3
poly_1812.poly x2 899.8318817794323 x1,x3
poly_66.poly x3 899.7767601191997 x1,x2
poly_1604.poly x1 899.8279638469219 x2,x3
poly_536.poly x3 899.8191182792186 x1,x2
poly_817.poly x2 899.8225727260112 x1,x3
poly_363.poly x3 899.8213825404644 x1,x2
poly_767.poly x2 899.8225896537303 x1,x3
poly_427.poly x2 899.8151796042919 x1,x3
poly_877.poly x1 899.7601722989764 x2,x3
poly_1120.poly x2 899.8228556428637 x1,x3
poly_626.poly x2 899.8231922898974 x1,x3
poly_603.poly x3 899.8253397260394 x1,x2
poly_881.poly x3 899.7648095403399 x1,x2
poly_837.poly x2 899.8232552324023 x1,x3
poly_345.poly x3 899.8176762376513 x1,x2
